{"D:\\Proyectos\\AI\\AI-Research-Assistant-MERN-main\\backend\\server.js": {"path":"D:\\Proyectos\\AI\\AI-Research-Assistant-MERN-main\\backend\\server.js","statementMap":{"0":{"start":{"line":1,"column":16},"end":{"line":1,"column":34}},"1":{"start":{"line":2,"column":15},"end":{"line":2,"column":32}},"2":{"start":{"line":3,"column":15},"end":{"line":3,"column":41}},"3":{"start":{"line":4,"column":25},"end":{"line":4,"column":64}},"4":{"start":{"line":5,"column":18},"end":{"line":5,"column":40}},"5":{"start":{"line":6,"column":13},"end":{"line":6,"column":28}},"6":{"start":{"line":8,"column":0},"end":{"line":8,"column":12}},"7":{"start":{"line":9,"column":12},"end":{"line":9,"column":21}},"8":{"start":{"line":10,"column":0},"end":{"line":10,"column":24}},"9":{"start":{"line":11,"column":0},"end":{"line":11,"column":49}},"10":{"start":{"line":13,"column":0},"end":{"line":13,"column":54}},"11":{"start":{"line":14,"column":0},"end":{"line":14,"column":60}},"12":{"start":{"line":15,"column":0},"end":{"line":15,"column":59}},"13":{"start":{"line":16,"column":0},"end":{"line":16,"column":49}},"14":{"start":{"line":18,"column":0},"end":{"line":23,"column":1}},"15":{"start":{"line":19,"column":4},"end":{"line":19,"column":89}},"16":{"start":{"line":20,"column":4},"end":{"line":20,"column":130}},"17":{"start":{"line":20,"column":31},"end":{"line":20,"column":128}},"18":{"start":{"line":22,"column":4},"end":{"line":22,"column":80}},"19":{"start":{"line":22,"column":31},"end":{"line":22,"column":78}},"20":{"start":{"line":25,"column":0},"end":{"line":25,"column":22}},"21":{"start":{"line":27,"column":13},"end":{"line":27,"column":37}},"22":{"start":{"line":28,"column":0},"end":{"line":30,"column":1}},"23":{"start":{"line":29,"column":2},"end":{"line":29,"column":95}},"24":{"start":{"line":29,"column":25},"end":{"line":29,"column":93}},"25":{"start":{"line":32,"column":0},"end":{"line":32,"column":21}},"26":{"start":{"line":35,"column":0},"end":{"line":38,"column":3}},"27":{"start":{"line":36,"column":2},"end":{"line":36,"column":80}},"28":{"start":{"line":37,"column":2},"end":{"line":37,"column":9}}},"fnMap":{"0":{"name":"(anonymous_0)","decl":{"start":{"line":20,"column":17},"end":{"line":20,"column":18}},"loc":{"start":{"line":20,"column":31},"end":{"line":20,"column":128}},"line":20},"1":{"name":"(anonymous_1)","decl":{"start":{"line":22,"column":17},"end":{"line":22,"column":18}},"loc":{"start":{"line":22,"column":31},"end":{"line":22,"column":78}},"line":22},"2":{"name":"(anonymous_2)","decl":{"start":{"line":29,"column":19},"end":{"line":29,"column":20}},"loc":{"start":{"line":29,"column":25},"end":{"line":29,"column":93}},"line":29},"3":{"name":"(anonymous_3)","decl":{"start":{"line":35,"column":8},"end":{"line":35,"column":9}},"loc":{"start":{"line":35,"column":28},"end":{"line":38,"column":1}},"line":35}},"branchMap":{"0":{"loc":{"start":{"line":18,"column":0},"end":{"line":23,"column":1}},"type":"if","locations":[{"start":{"line":18,"column":0},"end":{"line":23,"column":1}},{"start":{"line":21,"column":7},"end":{"line":23,"column":1}}],"line":18},"1":{"loc":{"start":{"line":27,"column":13},"end":{"line":27,"column":37}},"type":"binary-expr","locations":[{"start":{"line":27,"column":13},"end":{"line":27,"column":29}},{"start":{"line":27,"column":33},"end":{"line":27,"column":37}}],"line":27},"2":{"loc":{"start":{"line":28,"column":0},"end":{"line":30,"column":1}},"type":"if","locations":[{"start":{"line":28,"column":0},"end":{"line":30,"column":1}},{"start":{},"end":{}}],"line":28}},"s":{"0":1,"1":1,"2":1,"3":1,"4":1,"5":1,"6":1,"7":1,"8":1,"9":1,"10":1,"11":1,"12":1,"13":1,"14":1,"15":0,"16":0,"17":0,"18":1,"19":0,"20":1,"21":1,"22":1,"23":0,"24":0,"25":1,"26":1,"27":0,"28":0},"f":{"0":0,"1":0,"2":0,"3":0},"b":{"0":[0,1],"1":[1,1],"2":[0,1]},"_coverageSchema":"1a1c01bbd47fc00a2c39e90264f33305004495a9","hash":"cf519cefec5743cb9a96b91e9db34cf8bc4d3bbd"}
,"D:\\Proyectos\\AI\\AI-Research-Assistant-MERN-main\\backend\\config\\db.js": {"path":"D:\\Proyectos\\AI\\AI-Research-Assistant-MERN-main\\backend\\config\\db.js","statementMap":{"0":{"start":{"line":2,"column":17},"end":{"line":2,"column":36}},"1":{"start":{"line":4,"column":18},"end":{"line":12,"column":1}},"2":{"start":{"line":5,"column":2},"end":{"line":11,"column":3}},"3":{"start":{"line":6,"column":17},"end":{"line":6,"column":62}},"4":{"start":{"line":7,"column":4},"end":{"line":7,"column":62}},"5":{"start":{"line":9,"column":4},"end":{"line":9,"column":45}},"6":{"start":{"line":10,"column":4},"end":{"line":10,"column":20}},"7":{"start":{"line":14,"column":0},"end":{"line":14,"column":27}}},"fnMap":{"0":{"name":"(anonymous_0)","decl":{"start":{"line":4,"column":18},"end":{"line":4,"column":19}},"loc":{"start":{"line":4,"column":30},"end":{"line":12,"column":1}},"line":4}},"branchMap":{},"s":{"0":1,"1":1,"2":1,"3":1,"4":1,"5":0,"6":0,"7":1},"f":{"0":1},"b":{},"_coverageSchema":"1a1c01bbd47fc00a2c39e90264f33305004495a9","hash":"49493679909e3672771def02be114267c81a3210"}
,"D:\\Proyectos\\AI\\AI-Research-Assistant-MERN-main\\backend\\controllers\\aiController.js": {"path":"D:\\Proyectos\\AI\\AI-Research-Assistant-MERN-main\\backend\\controllers\\aiController.js","statementMap":{"0":{"start":{"line":4,"column":24},"end":{"line":4,"column":48}},"1":{"start":{"line":5,"column":14},"end":{"line":5,"column":30}},"2":{"start":{"line":7,"column":11},"end":{"line":9,"column":2}},"3":{"start":{"line":11,"column":18},"end":{"line":14,"column":1}},"4":{"start":{"line":12,"column":2},"end":{"line":12,"column":85}},"5":{"start":{"line":12,"column":26},"end":{"line":12,"column":85}},"6":{"start":{"line":13,"column":2},"end":{"line":13,"column":61}},"7":{"start":{"line":16,"column":25},"end":{"line":21,"column":2}},"8":{"start":{"line":16,"column":35},"end":{"line":21,"column":1}},"9":{"start":{"line":23,"column":18},"end":{"line":38,"column":1}},"10":{"start":{"line":25,"column":2},"end":{"line":36,"column":3}},"11":{"start":{"line":25,"column":15},"end":{"line":25,"column":16}},"12":{"start":{"line":26,"column":4},"end":{"line":35,"column":5}},"13":{"start":{"line":26,"column":10},"end":{"line":26,"column":28}},"14":{"start":{"line":28,"column":6},"end":{"line":28,"column":20}},"15":{"start":{"line":29,"column":21},"end":{"line":29,"column":45}},"16":{"start":{"line":30,"column":6},"end":{"line":33,"column":7}},"17":{"start":{"line":31,"column":8},"end":{"line":31,"column":69}},"18":{"start":{"line":31,"column":31},"end":{"line":31,"column":67}},"19":{"start":{"line":32,"column":8},"end":{"line":32,"column":17}},"20":{"start":{"line":34,"column":6},"end":{"line":34,"column":12}},"21":{"start":{"line":37,"column":2},"end":{"line":37,"column":16}},"22":{"start":{"line":41,"column":20},"end":{"line":49,"column":1}},"23":{"start":{"line":42,"column":2},"end":{"line":42,"column":23}},"24":{"start":{"line":42,"column":13},"end":{"line":42,"column":23}},"25":{"start":{"line":43,"column":2},"end":{"line":43,"column":74}},"26":{"start":{"line":43,"column":57},"end":{"line":43,"column":74}},"27":{"start":{"line":45,"column":16},"end":{"line":45,"column":69}},"28":{"start":{"line":46,"column":16},"end":{"line":46,"column":61}},"29":{"start":{"line":46,"column":36},"end":{"line":46,"column":59}},"30":{"start":{"line":47,"column":16},"end":{"line":47,"column":55}},"31":{"start":{"line":47,"column":31},"end":{"line":47,"column":38}},"32":{"start":{"line":48,"column":2},"end":{"line":48,"column":33}},"33":{"start":{"line":55,"column":22},"end":{"line":87,"column":1}},"34":{"start":{"line":56,"column":2},"end":{"line":86,"column":3}},"35":{"start":{"line":57,"column":29},"end":{"line":57,"column":43}},"36":{"start":{"line":58,"column":4},"end":{"line":60,"column":5}},"37":{"start":{"line":59,"column":6},"end":{"line":59,"column":65}},"38":{"start":{"line":62,"column":18},"end":{"line":62,"column":35}},"39":{"start":{"line":64,"column":6},"end":{"line":65,"column":118}},"40":{"start":{"line":67,"column":17},"end":{"line":74,"column":6}},"41":{"start":{"line":67,"column":23},"end":{"line":74,"column":6}},"42":{"start":{"line":76,"column":17},"end":{"line":76,"column":38}},"43":{"start":{"line":77,"column":20},"end":{"line":77,"column":37}},"44":{"start":{"line":78,"column":4},"end":{"line":78,"column":40}},"45":{"start":{"line":80,"column":4},"end":{"line":80,"column":72}},"46":{"start":{"line":81,"column":4},"end":{"line":81,"column":62}},"47":{"start":{"line":82,"column":4},"end":{"line":85,"column":7}},"48":{"start":{"line":93,"column":19},"end":{"line":128,"column":1}},"49":{"start":{"line":94,"column":2},"end":{"line":127,"column":3}},"50":{"start":{"line":95,"column":38},"end":{"line":95,"column":52}},"51":{"start":{"line":96,"column":4},"end":{"line":98,"column":5}},"52":{"start":{"line":97,"column":6},"end":{"line":97,"column":68}},"53":{"start":{"line":100,"column":18},"end":{"line":100,"column":35}},"54":{"start":{"line":101,"column":26},"end":{"line":106,"column":10}},"55":{"start":{"line":102,"column":26},"end":{"line":105,"column":9}},"56":{"start":{"line":108,"column":17},"end":{"line":115,"column":6}},"57":{"start":{"line":108,"column":23},"end":{"line":115,"column":6}},"58":{"start":{"line":117,"column":17},"end":{"line":117,"column":38}},"59":{"start":{"line":118,"column":17},"end":{"line":118,"column":34}},"60":{"start":{"line":119,"column":4},"end":{"line":119,"column":37}},"61":{"start":{"line":121,"column":4},"end":{"line":121,"column":63}},"62":{"start":{"line":122,"column":4},"end":{"line":122,"column":62}},"63":{"start":{"line":123,"column":4},"end":{"line":126,"column":7}},"64":{"start":{"line":136,"column":24},"end":{"line":213,"column":1}},"65":{"start":{"line":137,"column":2},"end":{"line":212,"column":3}},"66":{"start":{"line":138,"column":45},"end":{"line":138,"column":59}},"67":{"start":{"line":139,"column":4},"end":{"line":141,"column":5}},"68":{"start":{"line":140,"column":6},"end":{"line":140,"column":66}},"69":{"start":{"line":142,"column":19},"end":{"line":142,"column":46}},"70":{"start":{"line":143,"column":4},"end":{"line":145,"column":5}},"71":{"start":{"line":144,"column":6},"end":{"line":144,"column":86}},"72":{"start":{"line":148,"column":4},"end":{"line":154,"column":5}},"73":{"start":{"line":149,"column":16},"end":{"line":149,"column":28}},"74":{"start":{"line":150,"column":6},"end":{"line":153,"column":7}},"75":{"start":{"line":151,"column":20},"end":{"line":151,"column":44}},"76":{"start":{"line":152,"column":8},"end":{"line":152,"column":31}},"77":{"start":{"line":156,"column":19},"end":{"line":156,"column":74}},"78":{"start":{"line":157,"column":4},"end":{"line":157,"column":71}},"79":{"start":{"line":157,"column":38},"end":{"line":157,"column":71}},"80":{"start":{"line":159,"column":21},"end":{"line":159,"column":83}},"81":{"start":{"line":161,"column":4},"end":{"line":164,"column":5}},"82":{"start":{"line":162,"column":6},"end":{"line":162,"column":50}},"83":{"start":{"line":163,"column":6},"end":{"line":163,"column":73}},"84":{"start":{"line":166,"column":18},"end":{"line":166,"column":82}},"85":{"start":{"line":167,"column":4},"end":{"line":169,"column":5}},"86":{"start":{"line":168,"column":6},"end":{"line":168,"column":39}},"87":{"start":{"line":171,"column":19},"end":{"line":202,"column":6}},"88":{"start":{"line":172,"column":20},"end":{"line":172,"column":34}},"89":{"start":{"line":173,"column":19},"end":{"line":173,"column":32}},"90":{"start":{"line":174,"column":22},"end":{"line":174,"column":70}},"91":{"start":{"line":175,"column":25},"end":{"line":175,"column":94}},"92":{"start":{"line":175,"column":64},"end":{"line":175,"column":71}},"93":{"start":{"line":176,"column":22},"end":{"line":176,"column":43}},"94":{"start":{"line":178,"column":22},"end":{"line":178,"column":26}},"95":{"start":{"line":179,"column":22},"end":{"line":179,"column":56}},"96":{"start":{"line":180,"column":16},"end":{"line":180,"column":43}},"97":{"start":{"line":181,"column":6},"end":{"line":181,"column":30}},"98":{"start":{"line":181,"column":13},"end":{"line":181,"column":30}},"99":{"start":{"line":184,"column":19},"end":{"line":184,"column":23}},"100":{"start":{"line":185,"column":24},"end":{"line":185,"column":71}},"101":{"start":{"line":186,"column":21},"end":{"line":186,"column":97}},"102":{"start":{"line":186,"column":41},"end":{"line":186,"column":96}},"103":{"start":{"line":187,"column":6},"end":{"line":187,"column":45}},"104":{"start":{"line":187,"column":24},"end":{"line":187,"column":45}},"105":{"start":{"line":190,"column":23},"end":{"line":190,"column":80}},"106":{"start":{"line":193,"column":6},"end":{"line":201,"column":8}},"107":{"start":{"line":204,"column":4},"end":{"line":204,"column":41}},"108":{"start":{"line":206,"column":4},"end":{"line":206,"column":75}},"109":{"start":{"line":207,"column":19},"end":{"line":207,"column":40}},"110":{"start":{"line":208,"column":17},"end":{"line":208,"column":70}},"111":{"start":{"line":209,"column":4},"end":{"line":211,"column":7}},"112":{"start":{"line":215,"column":0},"end":{"line":219,"column":2}}},"fnMap":{"0":{"name":"(anonymous_0)","decl":{"start":{"line":11,"column":18},"end":{"line":11,"column":19}},"loc":{"start":{"line":11,"column":40},"end":{"line":14,"column":1}},"line":11},"1":{"name":"(anonymous_1)","decl":{"start":{"line":16,"column":25},"end":{"line":16,"column":26}},"loc":{"start":{"line":16,"column":35},"end":{"line":21,"column":1}},"line":16},"2":{"name":"(anonymous_2)","decl":{"start":{"line":23,"column":18},"end":{"line":23,"column":19}},"loc":{"start":{"line":23,"column":73},"end":{"line":38,"column":1}},"line":23},"3":{"name":"(anonymous_3)","decl":{"start":{"line":31,"column":26},"end":{"line":31,"column":27}},"loc":{"start":{"line":31,"column":31},"end":{"line":31,"column":67}},"line":31},"4":{"name":"(anonymous_4)","decl":{"start":{"line":41,"column":20},"end":{"line":41,"column":21}},"loc":{"start":{"line":41,"column":30},"end":{"line":49,"column":1}},"line":41},"5":{"name":"(anonymous_5)","decl":{"start":{"line":46,"column":30},"end":{"line":46,"column":31}},"loc":{"start":{"line":46,"column":36},"end":{"line":46,"column":59}},"line":46},"6":{"name":"(anonymous_6)","decl":{"start":{"line":47,"column":26},"end":{"line":47,"column":27}},"loc":{"start":{"line":47,"column":31},"end":{"line":47,"column":38}},"line":47},"7":{"name":"(anonymous_7)","decl":{"start":{"line":55,"column":22},"end":{"line":55,"column":23}},"loc":{"start":{"line":55,"column":42},"end":{"line":87,"column":1}},"line":55},"8":{"name":"(anonymous_8)","decl":{"start":{"line":67,"column":17},"end":{"line":67,"column":18}},"loc":{"start":{"line":67,"column":23},"end":{"line":74,"column":6}},"line":67},"9":{"name":"(anonymous_9)","decl":{"start":{"line":93,"column":19},"end":{"line":93,"column":20}},"loc":{"start":{"line":93,"column":39},"end":{"line":128,"column":1}},"line":93},"10":{"name":"(anonymous_10)","decl":{"start":{"line":102,"column":20},"end":{"line":102,"column":21}},"loc":{"start":{"line":102,"column":26},"end":{"line":105,"column":9}},"line":102},"11":{"name":"(anonymous_11)","decl":{"start":{"line":108,"column":17},"end":{"line":108,"column":18}},"loc":{"start":{"line":108,"column":23},"end":{"line":115,"column":6}},"line":108},"12":{"name":"(anonymous_12)","decl":{"start":{"line":136,"column":24},"end":{"line":136,"column":25}},"loc":{"start":{"line":136,"column":44},"end":{"line":213,"column":1}},"line":136},"13":{"name":"(anonymous_13)","decl":{"start":{"line":171,"column":56},"end":{"line":171,"column":57}},"loc":{"start":{"line":171,"column":69},"end":{"line":202,"column":5}},"line":171},"14":{"name":"(anonymous_14)","decl":{"start":{"line":175,"column":59},"end":{"line":175,"column":60}},"loc":{"start":{"line":175,"column":64},"end":{"line":175,"column":71}},"line":175},"15":{"name":"(anonymous_15)","decl":{"start":{"line":186,"column":36},"end":{"line":186,"column":37}},"loc":{"start":{"line":186,"column":41},"end":{"line":186,"column":96}},"line":186}},"branchMap":{"0":{"loc":{"start":{"line":11,"column":19},"end":{"line":11,"column":35}},"type":"default-arg","locations":[{"start":{"line":11,"column":29},"end":{"line":11,"column":35}}],"line":11},"1":{"loc":{"start":{"line":12,"column":2},"end":{"line":12,"column":85}},"type":"if","locations":[{"start":{"line":12,"column":2},"end":{"line":12,"column":85}},{"start":{},"end":{}}],"line":12},"2":{"loc":{"start":{"line":12,"column":33},"end":{"line":12,"column":84}},"type":"binary-expr","locations":[{"start":{"line":12,"column":33},"end":{"line":12,"column":62}},{"start":{"line":12,"column":66},"end":{"line":12,"column":84}}],"line":12},"3":{"loc":{"start":{"line":13,"column":9},"end":{"line":13,"column":60}},"type":"binary-expr","locations":[{"start":{"line":13,"column":9},"end":{"line":13,"column":38}},{"start":{"line":13,"column":42},"end":{"line":13,"column":60}}],"line":13},"4":{"loc":{"start":{"line":23,"column":29},"end":{"line":23,"column":68}},"type":"default-arg","locations":[{"start":{"line":23,"column":66},"end":{"line":23,"column":68}}],"line":23},"5":{"loc":{"start":{"line":23,"column":31},"end":{"line":23,"column":42}},"type":"default-arg","locations":[{"start":{"line":23,"column":41},"end":{"line":23,"column":42}}],"line":23},"6":{"loc":{"start":{"line":23,"column":44},"end":{"line":23,"column":61}},"type":"default-arg","locations":[{"start":{"line":23,"column":58},"end":{"line":23,"column":61}}],"line":23},"7":{"loc":{"start":{"line":29,"column":21},"end":{"line":29,"column":45}},"type":"binary-expr","locations":[{"start":{"line":29,"column":21},"end":{"line":29,"column":32}},{"start":{"line":29,"column":36},"end":{"line":29,"column":45}}],"line":29},"8":{"loc":{"start":{"line":30,"column":6},"end":{"line":33,"column":7}},"type":"if","locations":[{"start":{"line":30,"column":6},"end":{"line":33,"column":7}},{"start":{},"end":{}}],"line":30},"9":{"loc":{"start":{"line":30,"column":10},"end":{"line":30,"column":59}},"type":"binary-expr","locations":[{"start":{"line":30,"column":10},"end":{"line":30,"column":24}},{"start":{"line":30,"column":28},"end":{"line":30,"column":59}}],"line":30},"10":{"loc":{"start":{"line":42,"column":2},"end":{"line":42,"column":23}},"type":"if","locations":[{"start":{"line":42,"column":2},"end":{"line":42,"column":23}},{"start":{},"end":{}}],"line":42},"11":{"loc":{"start":{"line":43,"column":2},"end":{"line":43,"column":74}},"type":"if","locations":[{"start":{"line":43,"column":2},"end":{"line":43,"column":74}},{"start":{},"end":{}}],"line":43},"12":{"loc":{"start":{"line":43,"column":6},"end":{"line":43,"column":55}},"type":"binary-expr","locations":[{"start":{"line":43,"column":6},"end":{"line":43,"column":35}},{"start":{"line":43,"column":39},"end":{"line":43,"column":55}}],"line":43},"13":{"loc":{"start":{"line":45,"column":16},"end":{"line":45,"column":69}},"type":"cond-expr","locations":[{"start":{"line":45,"column":49},"end":{"line":45,"column":64}},{"start":{"line":45,"column":67},"end":{"line":45,"column":69}}],"line":45},"14":{"loc":{"start":{"line":46,"column":36},"end":{"line":46,"column":59}},"type":"binary-expr","locations":[{"start":{"line":46,"column":36},"end":{"line":46,"column":53}},{"start":{"line":46,"column":57},"end":{"line":46,"column":59}}],"line":46},"15":{"loc":{"start":{"line":57,"column":29},"end":{"line":57,"column":43}},"type":"binary-expr","locations":[{"start":{"line":57,"column":29},"end":{"line":57,"column":37}},{"start":{"line":57,"column":41},"end":{"line":57,"column":43}}],"line":57},"16":{"loc":{"start":{"line":58,"column":4},"end":{"line":60,"column":5}},"type":"if","locations":[{"start":{"line":58,"column":4},"end":{"line":60,"column":5}},{"start":{},"end":{}}],"line":58},"17":{"loc":{"start":{"line":58,"column":8},"end":{"line":58,"column":57}},"type":"binary-expr","locations":[{"start":{"line":58,"column":8},"end":{"line":58,"column":13}},{"start":{"line":58,"column":17},"end":{"line":58,"column":41}},{"start":{"line":58,"column":45},"end":{"line":58,"column":57}}],"line":58},"18":{"loc":{"start":{"line":64,"column":6},"end":{"line":65,"column":118}},"type":"binary-expr","locations":[{"start":{"line":64,"column":7},"end":{"line":64,"column":13}},{"start":{"line":64,"column":17},"end":{"line":64,"column":38}},{"start":{"line":65,"column":6},"end":{"line":65,"column":118}}],"line":64},"19":{"loc":{"start":{"line":81,"column":15},"end":{"line":81,"column":60}},"type":"cond-expr","locations":[{"start":{"line":81,"column":40},"end":{"line":81,"column":54}},{"start":{"line":81,"column":57},"end":{"line":81,"column":60}}],"line":81},"20":{"loc":{"start":{"line":95,"column":21},"end":{"line":95,"column":33}},"type":"default-arg","locations":[{"start":{"line":95,"column":31},"end":{"line":95,"column":33}}],"line":95},"21":{"loc":{"start":{"line":95,"column":38},"end":{"line":95,"column":52}},"type":"binary-expr","locations":[{"start":{"line":95,"column":38},"end":{"line":95,"column":46}},{"start":{"line":95,"column":50},"end":{"line":95,"column":52}}],"line":95},"22":{"loc":{"start":{"line":96,"column":4},"end":{"line":98,"column":5}},"type":"if","locations":[{"start":{"line":96,"column":4},"end":{"line":98,"column":5}},{"start":{},"end":{}}],"line":96},"23":{"loc":{"start":{"line":96,"column":8},"end":{"line":96,"column":66}},"type":"binary-expr","locations":[{"start":{"line":96,"column":8},"end":{"line":96,"column":16}},{"start":{"line":96,"column":20},"end":{"line":96,"column":47}},{"start":{"line":96,"column":51},"end":{"line":96,"column":66}}],"line":96},"24":{"loc":{"start":{"line":101,"column":26},"end":{"line":106,"column":10}},"type":"cond-expr","locations":[{"start":{"line":102,"column":8},"end":{"line":105,"column":11}},{"start":{"line":106,"column":8},"end":{"line":106,"column":10}}],"line":101},"25":{"loc":{"start":{"line":103,"column":16},"end":{"line":103,"column":53}},"type":"cond-expr","locations":[{"start":{"line":103,"column":37},"end":{"line":103,"column":44}},{"start":{"line":103,"column":47},"end":{"line":103,"column":53}}],"line":103},"26":{"loc":{"start":{"line":104,"column":33},"end":{"line":104,"column":48}},"type":"binary-expr","locations":[{"start":{"line":104,"column":33},"end":{"line":104,"column":42}},{"start":{"line":104,"column":46},"end":{"line":104,"column":48}}],"line":104},"27":{"loc":{"start":{"line":122,"column":15},"end":{"line":122,"column":60}},"type":"cond-expr","locations":[{"start":{"line":122,"column":40},"end":{"line":122,"column":54}},{"start":{"line":122,"column":57},"end":{"line":122,"column":60}}],"line":122},"28":{"loc":{"start":{"line":138,"column":33},"end":{"line":138,"column":40}},"type":"default-arg","locations":[{"start":{"line":138,"column":39},"end":{"line":138,"column":40}}],"line":138},"29":{"loc":{"start":{"line":138,"column":45},"end":{"line":138,"column":59}},"type":"binary-expr","locations":[{"start":{"line":138,"column":45},"end":{"line":138,"column":53}},{"start":{"line":138,"column":57},"end":{"line":138,"column":59}}],"line":138},"30":{"loc":{"start":{"line":139,"column":4},"end":{"line":141,"column":5}},"type":"if","locations":[{"start":{"line":139,"column":4},"end":{"line":141,"column":5}},{"start":{},"end":{}}],"line":139},"31":{"loc":{"start":{"line":139,"column":8},"end":{"line":139,"column":31}},"type":"binary-expr","locations":[{"start":{"line":139,"column":8},"end":{"line":139,"column":14}},{"start":{"line":139,"column":18},"end":{"line":139,"column":31}}],"line":139},"32":{"loc":{"start":{"line":143,"column":4},"end":{"line":145,"column":5}},"type":"if","locations":[{"start":{"line":143,"column":4},"end":{"line":145,"column":5}},{"start":{},"end":{}}],"line":143},"33":{"loc":{"start":{"line":148,"column":4},"end":{"line":154,"column":5}},"type":"if","locations":[{"start":{"line":148,"column":4},"end":{"line":154,"column":5}},{"start":{},"end":{}}],"line":148},"34":{"loc":{"start":{"line":148,"column":8},"end":{"line":148,"column":25}},"type":"binary-expr","locations":[{"start":{"line":148,"column":8},"end":{"line":148,"column":17}},{"start":{"line":148,"column":21},"end":{"line":148,"column":25}}],"line":148},"35":{"loc":{"start":{"line":150,"column":6},"end":{"line":153,"column":7}},"type":"if","locations":[{"start":{"line":150,"column":6},"end":{"line":153,"column":7}},{"start":{},"end":{}}],"line":150},"36":{"loc":{"start":{"line":150,"column":10},"end":{"line":150,"column":37}},"type":"binary-expr","locations":[{"start":{"line":150,"column":10},"end":{"line":150,"column":28}},{"start":{"line":150,"column":32},"end":{"line":150,"column":37}}],"line":150},"37":{"loc":{"start":{"line":157,"column":4},"end":{"line":157,"column":71}},"type":"if","locations":[{"start":{"line":157,"column":4},"end":{"line":157,"column":71}},{"start":{},"end":{}}],"line":157},"38":{"loc":{"start":{"line":157,"column":8},"end":{"line":157,"column":36}},"type":"binary-expr","locations":[{"start":{"line":157,"column":8},"end":{"line":157,"column":16}},{"start":{"line":157,"column":20},"end":{"line":157,"column":36}}],"line":157},"39":{"loc":{"start":{"line":161,"column":4},"end":{"line":164,"column":5}},"type":"if","locations":[{"start":{"line":161,"column":4},"end":{"line":164,"column":5}},{"start":{},"end":{}}],"line":161},"40":{"loc":{"start":{"line":166,"column":18},"end":{"line":166,"column":82}},"type":"cond-expr","locations":[{"start":{"line":166,"column":57},"end":{"line":166,"column":77}},{"start":{"line":166,"column":80},"end":{"line":166,"column":82}}],"line":166},"41":{"loc":{"start":{"line":167,"column":4},"end":{"line":169,"column":5}},"type":"if","locations":[{"start":{"line":167,"column":4},"end":{"line":169,"column":5}},{"start":{},"end":{}}],"line":167},"42":{"loc":{"start":{"line":171,"column":34},"end":{"line":171,"column":50}},"type":"binary-expr","locations":[{"start":{"line":171,"column":34},"end":{"line":171,"column":45}},{"start":{"line":171,"column":49},"end":{"line":171,"column":50}}],"line":171},"43":{"loc":{"start":{"line":172,"column":20},"end":{"line":172,"column":34}},"type":"binary-expr","locations":[{"start":{"line":172,"column":20},"end":{"line":172,"column":28}},{"start":{"line":172,"column":32},"end":{"line":172,"column":34}}],"line":172},"44":{"loc":{"start":{"line":173,"column":19},"end":{"line":173,"column":32}},"type":"binary-expr","locations":[{"start":{"line":173,"column":19},"end":{"line":173,"column":26}},{"start":{"line":173,"column":30},"end":{"line":173,"column":32}}],"line":173},"45":{"loc":{"start":{"line":174,"column":22},"end":{"line":174,"column":70}},"type":"binary-expr","locations":[{"start":{"line":174,"column":22},"end":{"line":174,"column":32}},{"start":{"line":174,"column":36},"end":{"line":174,"column":64}},{"start":{"line":174,"column":68},"end":{"line":174,"column":70}}],"line":174},"46":{"loc":{"start":{"line":175,"column":25},"end":{"line":175,"column":94}},"type":"binary-expr","locations":[{"start":{"line":175,"column":25},"end":{"line":175,"column":88}},{"start":{"line":175,"column":92},"end":{"line":175,"column":94}}],"line":175},"47":{"loc":{"start":{"line":179,"column":22},"end":{"line":179,"column":56}},"type":"binary-expr","locations":[{"start":{"line":179,"column":22},"end":{"line":179,"column":50}},{"start":{"line":179,"column":54},"end":{"line":179,"column":56}}],"line":179},"48":{"loc":{"start":{"line":181,"column":6},"end":{"line":181,"column":30}},"type":"if","locations":[{"start":{"line":181,"column":6},"end":{"line":181,"column":30}},{"start":{},"end":{}}],"line":181},"49":{"loc":{"start":{"line":185,"column":24},"end":{"line":185,"column":71}},"type":"cond-expr","locations":[{"start":{"line":185,"column":54},"end":{"line":185,"column":66}},{"start":{"line":185,"column":69},"end":{"line":185,"column":71}}],"line":185},"50":{"loc":{"start":{"line":186,"column":41},"end":{"line":186,"column":96}},"type":"binary-expr","locations":[{"start":{"line":186,"column":41},"end":{"line":186,"column":86}},{"start":{"line":186,"column":90},"end":{"line":186,"column":96}}],"line":186},"51":{"loc":{"start":{"line":186,"column":42},"end":{"line":186,"column":61}},"type":"binary-expr","locations":[{"start":{"line":186,"column":42},"end":{"line":186,"column":55}},{"start":{"line":186,"column":59},"end":{"line":186,"column":61}}],"line":186},"52":{"loc":{"start":{"line":187,"column":6},"end":{"line":187,"column":45}},"type":"if","locations":[{"start":{"line":187,"column":6},"end":{"line":187,"column":45}},{"start":{},"end":{}}],"line":187},"53":{"loc":{"start":{"line":190,"column":23},"end":{"line":190,"column":80}},"type":"binary-expr","locations":[{"start":{"line":190,"column":23},"end":{"line":190,"column":35}},{"start":{"line":190,"column":39},"end":{"line":190,"column":50}},{"start":{"line":190,"column":54},"end":{"line":190,"column":80}}],"line":190},"54":{"loc":{"start":{"line":196,"column":14},"end":{"line":196,"column":34}},"type":"binary-expr","locations":[{"start":{"line":196,"column":14},"end":{"line":196,"column":18}},{"start":{"line":196,"column":22},"end":{"line":196,"column":28}},{"start":{"line":196,"column":32},"end":{"line":196,"column":34}}],"line":196},"55":{"loc":{"start":{"line":200,"column":16},"end":{"line":200,"column":30}},"type":"binary-expr","locations":[{"start":{"line":200,"column":16},"end":{"line":200,"column":22}},{"start":{"line":200,"column":26},"end":{"line":200,"column":30}}],"line":200},"56":{"loc":{"start":{"line":208,"column":17},"end":{"line":208,"column":70}},"type":"cond-expr","locations":[{"start":{"line":208,"column":61},"end":{"line":208,"column":64}},{"start":{"line":208,"column":67},"end":{"line":208,"column":70}}],"line":208},"57":{"loc":{"start":{"line":208,"column":18},"end":{"line":208,"column":57}},"type":"binary-expr","locations":[{"start":{"line":208,"column":18},"end":{"line":208,"column":24}},{"start":{"line":208,"column":28},"end":{"line":208,"column":41}},{"start":{"line":208,"column":45},"end":{"line":208,"column":57}}],"line":208}},"s":{"0":4,"1":4,"2":4,"3":4,"4":4,"5":1,"6":3,"7":4,"8":0,"9":4,"10":4,"11":4,"12":5,"13":5,"14":1,"15":1,"16":1,"17":1,"18":1,"19":1,"20":0,"21":0,"22":4,"23":4,"24":0,"25":4,"26":3,"27":1,"28":1,"29":1,"30":1,"31":2,"32":1,"33":4,"34":6,"35":6,"36":6,"37":3,"38":3,"39":3,"40":3,"41":4,"42":3,"43":3,"44":3,"45":0,"46":0,"47":0,"48":4,"49":2,"50":2,"51":2,"52":1,"53":1,"54":1,"55":0,"56":1,"57":1,"58":1,"59":1,"60":1,"61":0,"62":0,"63":0,"64":4,"65":5,"66":5,"67":5,"68":1,"69":4,"70":4,"71":0,"72":4,"73":0,"74":0,"75":0,"76":0,"77":4,"78":4,"79":0,"80":4,"81":4,"82":2,"83":2,"84":2,"85":2,"86":0,"87":2,"88":2,"89":2,"90":2,"91":2,"92":1,"93":2,"94":2,"95":2,"96":2,"97":2,"98":1,"99":2,"100":2,"101":2,"102":1,"103":2,"104":1,"105":2,"106":2,"107":2,"108":0,"109":0,"110":0,"111":0,"112":4},"f":{"0":4,"1":0,"2":4,"3":1,"4":4,"5":1,"6":2,"7":6,"8":4,"9":2,"10":0,"11":1,"12":5,"13":2,"14":1,"15":1},"b":{"0":[0],"1":[1,3],"2":[1,1],"3":[3,3],"4":[4],"5":[4],"6":[4],"7":[1,1],"8":[1,0],"9":[1,1],"10":[0,4],"11":[3,1],"12":[4,3],"13":[1,0],"14":[1,0],"15":[6,0],"16":[3,3],"17":[6,3,3],"18":[3,0,3],"19":[0,0],"20":[2],"21":[2,0],"22":[1,1],"23":[2,1,1],"24":[1,0],"25":[0,0],"26":[0,0],"27":[0,0],"28":[4],"29":[5,0],"30":[1,4],"31":[5,4],"32":[0,4],"33":[0,4],"34":[4,4],"35":[0,0],"36":[0,0],"37":[0,4],"38":[4,0],"39":[2,2],"40":[2,0],"41":[0,2],"42":[2,0],"43":[2,0],"44":[2,1],"45":[2,1,1],"46":[2,1],"47":[2,1],"48":[1,1],"49":[1,1],"50":[1,1],"51":[1,0],"52":[1,1],"53":[2,1,1],"54":[2,1,0],"55":[2,1],"56":[0,0],"57":[0,0,0]},"_coverageSchema":"1a1c01bbd47fc00a2c39e90264f33305004495a9","hash":"1cde00f1c7c2aeb38f08538aa2da3a7a0133a4b0"}
,"D:\\Proyectos\\AI\\AI-Research-Assistant-MERN-main\\backend\\controllers\\libraryController.js": {"path":"D:\\Proyectos\\AI\\AI-Research-Assistant-MERN-main\\backend\\controllers\\libraryController.js","statementMap":{"0":{"start":{"line":2,"column":21},"end":{"line":2,"column":53}},"1":{"start":{"line":3,"column":20},"end":{"line":3,"column":38}},"2":{"start":{"line":4,"column":18},"end":{"line":4,"column":37}},"3":{"start":{"line":5,"column":13},"end":{"line":5,"column":28}},"4":{"start":{"line":6,"column":20},"end":{"line":6,"column":57}},"5":{"start":{"line":9,"column":24},"end":{"line":45,"column":2}},"6":{"start":{"line":10,"column":17},"end":{"line":10,"column":46}},"7":{"start":{"line":11,"column":2},"end":{"line":14,"column":3}},"8":{"start":{"line":12,"column":4},"end":{"line":12,"column":20}},"9":{"start":{"line":13,"column":4},"end":{"line":13,"column":37}},"10":{"start":{"line":16,"column":14},"end":{"line":16,"column":50}},"11":{"start":{"line":17,"column":17},"end":{"line":17,"column":27}},"12":{"start":{"line":19,"column":20},"end":{"line":21,"column":3}},"13":{"start":{"line":23,"column":16},"end":{"line":23,"column":32}},"14":{"start":{"line":25,"column":2},"end":{"line":33,"column":3}},"15":{"start":{"line":26,"column":17},"end":{"line":26,"column":62}},"16":{"start":{"line":27,"column":18},"end":{"line":27,"column":39}},"17":{"start":{"line":28,"column":4},"end":{"line":32,"column":6}},"18":{"start":{"line":35,"column":39},"end":{"line":38,"column":4}},"19":{"start":{"line":40,"column":2},"end":{"line":42,"column":4}},"20":{"start":{"line":44,"column":2},"end":{"line":44,"column":37}},"21":{"start":{"line":48,"column":26},"end":{"line":99,"column":2}},"22":{"start":{"line":49,"column":38},"end":{"line":49,"column":46}},"23":{"start":{"line":50,"column":18},"end":{"line":50,"column":26}},"24":{"start":{"line":52,"column":2},"end":{"line":96,"column":3}},"25":{"start":{"line":53,"column":4},"end":{"line":56,"column":5}},"26":{"start":{"line":54,"column":6},"end":{"line":54,"column":22}},"27":{"start":{"line":55,"column":6},"end":{"line":55,"column":61}},"28":{"start":{"line":57,"column":4},"end":{"line":59,"column":5}},"29":{"start":{"line":58,"column":6},"end":{"line":58,"column":53}},"30":{"start":{"line":61,"column":16},"end":{"line":61,"column":78}},"31":{"start":{"line":62,"column":21},"end":{"line":62,"column":75}},"32":{"start":{"line":64,"column":4},"end":{"line":95,"column":5}},"33":{"start":{"line":65,"column":29},"end":{"line":68,"column":8}},"34":{"start":{"line":70,"column":33},"end":{"line":73,"column":8}},"35":{"start":{"line":75,"column":27},"end":{"line":75,"column":83}},"36":{"start":{"line":77,"column":24},"end":{"line":79,"column":12}},"37":{"start":{"line":78,"column":43},"end":{"line":78,"column":51}},"38":{"start":{"line":81,"column":26},"end":{"line":88,"column":8}},"39":{"start":{"line":90,"column":6},"end":{"line":90,"column":47}},"40":{"start":{"line":92,"column":6},"end":{"line":92,"column":70}},"41":{"start":{"line":93,"column":6},"end":{"line":93,"column":22}},"42":{"start":{"line":94,"column":6},"end":{"line":94,"column":102}},"43":{"start":{"line":98,"column":2},"end":{"line":98,"column":82}},"44":{"start":{"line":102,"column":29},"end":{"line":128,"column":2}},"45":{"start":{"line":103,"column":45},"end":{"line":103,"column":53}},"46":{"start":{"line":104,"column":2},"end":{"line":107,"column":3}},"47":{"start":{"line":105,"column":4},"end":{"line":105,"column":20}},"48":{"start":{"line":106,"column":4},"end":{"line":106,"column":50}},"49":{"start":{"line":109,"column":24},"end":{"line":112,"column":4}},"50":{"start":{"line":113,"column":2},"end":{"line":116,"column":3}},"51":{"start":{"line":114,"column":4},"end":{"line":114,"column":20}},"52":{"start":{"line":115,"column":4},"end":{"line":115,"column":63}},"53":{"start":{"line":118,"column":22},"end":{"line":125,"column":4}},"54":{"start":{"line":127,"column":2},"end":{"line":127,"column":36}},"55":{"start":{"line":131,"column":26},"end":{"line":143,"column":2}},"56":{"start":{"line":132,"column":15},"end":{"line":132,"column":56}},"57":{"start":{"line":133,"column":2},"end":{"line":136,"column":3}},"58":{"start":{"line":134,"column":4},"end":{"line":134,"column":20}},"59":{"start":{"line":135,"column":4},"end":{"line":135,"column":46}},"60":{"start":{"line":137,"column":2},"end":{"line":140,"column":3}},"61":{"start":{"line":138,"column":4},"end":{"line":138,"column":20}},"62":{"start":{"line":139,"column":4},"end":{"line":139,"column":45}},"63":{"start":{"line":141,"column":2},"end":{"line":141,"column":25}},"64":{"start":{"line":142,"column":2},"end":{"line":142,"column":46}},"65":{"start":{"line":145,"column":0},"end":{"line":150,"column":2}}},"fnMap":{"0":{"name":"(anonymous_0)","decl":{"start":{"line":9,"column":37},"end":{"line":9,"column":38}},"loc":{"start":{"line":9,"column":57},"end":{"line":45,"column":1}},"line":9},"1":{"name":"(anonymous_1)","decl":{"start":{"line":48,"column":39},"end":{"line":48,"column":40}},"loc":{"start":{"line":48,"column":59},"end":{"line":99,"column":1}},"line":48},"2":{"name":"(anonymous_2)","decl":{"start":{"line":78,"column":38},"end":{"line":78,"column":39}},"loc":{"start":{"line":78,"column":43},"end":{"line":78,"column":51}},"line":78},"3":{"name":"(anonymous_3)","decl":{"start":{"line":102,"column":42},"end":{"line":102,"column":43}},"loc":{"start":{"line":102,"column":62},"end":{"line":128,"column":1}},"line":102},"4":{"name":"(anonymous_4)","decl":{"start":{"line":131,"column":39},"end":{"line":131,"column":40}},"loc":{"start":{"line":131,"column":59},"end":{"line":143,"column":1}},"line":131}},"branchMap":{"0":{"loc":{"start":{"line":10,"column":17},"end":{"line":10,"column":46}},"type":"binary-expr","locations":[{"start":{"line":10,"column":17},"end":{"line":10,"column":29}},{"start":{"line":10,"column":33},"end":{"line":10,"column":46}}],"line":10},"1":{"loc":{"start":{"line":11,"column":2},"end":{"line":14,"column":3}},"type":"if","locations":[{"start":{"line":11,"column":2},"end":{"line":14,"column":3}},{"start":{},"end":{}}],"line":11},"2":{"loc":{"start":{"line":16,"column":15},"end":{"line":16,"column":38}},"type":"binary-expr","locations":[{"start":{"line":16,"column":15},"end":{"line":16,"column":32}},{"start":{"line":16,"column":36},"end":{"line":16,"column":38}}],"line":16},"3":{"loc":{"start":{"line":20,"column":10},"end":{"line":20,"column":78}},"type":"cond-expr","locations":[{"start":{"line":20,"column":43},"end":{"line":20,"column":69}},{"start":{"line":20,"column":72},"end":{"line":20,"column":78}}],"line":20},"4":{"loc":{"start":{"line":25,"column":2},"end":{"line":33,"column":3}},"type":"if","locations":[{"start":{"line":25,"column":2},"end":{"line":33,"column":3}},{"start":{},"end":{}}],"line":25},"5":{"loc":{"start":{"line":52,"column":2},"end":{"line":96,"column":3}},"type":"if","locations":[{"start":{"line":52,"column":2},"end":{"line":96,"column":3}},{"start":{},"end":{}}],"line":52},"6":{"loc":{"start":{"line":53,"column":4},"end":{"line":56,"column":5}},"type":"if","locations":[{"start":{"line":53,"column":4},"end":{"line":56,"column":5}},{"start":{},"end":{}}],"line":53},"7":{"loc":{"start":{"line":57,"column":4},"end":{"line":59,"column":5}},"type":"if","locations":[{"start":{"line":57,"column":4},"end":{"line":59,"column":5}},{"start":{},"end":{}}],"line":57},"8":{"loc":{"start":{"line":77,"column":24},"end":{"line":79,"column":12}},"type":"cond-expr","locations":[{"start":{"line":78,"column":10},"end":{"line":78,"column":68}},{"start":{"line":79,"column":10},"end":{"line":79,"column":12}}],"line":77},"9":{"loc":{"start":{"line":84,"column":17},"end":{"line":84,"column":30}},"type":"binary-expr","locations":[{"start":{"line":84,"column":17},"end":{"line":84,"column":24}},{"start":{"line":84,"column":28},"end":{"line":84,"column":30}}],"line":84},"10":{"loc":{"start":{"line":104,"column":2},"end":{"line":107,"column":3}},"type":"if","locations":[{"start":{"line":104,"column":2},"end":{"line":107,"column":3}},{"start":{},"end":{}}],"line":104},"11":{"loc":{"start":{"line":104,"column":6},"end":{"line":104,"column":34}},"type":"binary-expr","locations":[{"start":{"line":104,"column":6},"end":{"line":104,"column":12}},{"start":{"line":104,"column":16},"end":{"line":104,"column":21}},{"start":{"line":104,"column":25},"end":{"line":104,"column":34}}],"line":104},"12":{"loc":{"start":{"line":113,"column":2},"end":{"line":116,"column":3}},"type":"if","locations":[{"start":{"line":113,"column":2},"end":{"line":116,"column":3}},{"start":{},"end":{}}],"line":113},"13":{"loc":{"start":{"line":133,"column":2},"end":{"line":136,"column":3}},"type":"if","locations":[{"start":{"line":133,"column":2},"end":{"line":136,"column":3}},{"start":{},"end":{}}],"line":133},"14":{"loc":{"start":{"line":137,"column":2},"end":{"line":140,"column":3}},"type":"if","locations":[{"start":{"line":137,"column":2},"end":{"line":140,"column":3}},{"start":{},"end":{}}],"line":137}},"s":{"0":3,"1":3,"2":3,"3":3,"4":3,"5":3,"6":2,"7":2,"8":0,"9":0,"10":2,"11":2,"12":2,"13":2,"14":2,"15":1,"16":1,"17":1,"18":2,"19":2,"20":2,"21":3,"22":2,"23":2,"24":2,"25":2,"26":1,"27":1,"28":1,"29":1,"30":1,"31":1,"32":1,"33":1,"34":1,"35":1,"36":1,"37":2,"38":1,"39":1,"40":0,"41":0,"42":0,"43":0,"44":3,"45":4,"46":4,"47":0,"48":0,"49":4,"50":4,"51":2,"52":2,"53":2,"54":2,"55":3,"56":4,"57":4,"58":1,"59":1,"60":3,"61":2,"62":2,"63":1,"64":1,"65":3},"f":{"0":2,"1":2,"2":2,"3":4,"4":4},"b":{"0":[2,0],"1":[0,2],"2":[2,1],"3":[1,1],"4":[1,1],"5":[2,0],"6":[1,1],"7":[1,0],"8":[1,0],"9":[1,0],"10":[0,4],"11":[4,4,4],"12":[2,2],"13":[1,3],"14":[2,1]},"_coverageSchema":"1a1c01bbd47fc00a2c39e90264f33305004495a9","hash":"9a3489b567d1cca8257ad7b9ceb921ef891e27ef"}
,"D:\\Proyectos\\AI\\AI-Research-Assistant-MERN-main\\backend\\controllers\\projectController.js": {"path":"D:\\Proyectos\\AI\\AI-Research-Assistant-MERN-main\\backend\\controllers\\projectController.js","statementMap":{"0":{"start":{"line":1,"column":21},"end":{"line":1,"column":53}},"1":{"start":{"line":2,"column":16},"end":{"line":2,"column":49}},"2":{"start":{"line":3,"column":13},"end":{"line":3,"column":43}},"3":{"start":{"line":4,"column":14},"end":{"line":4,"column":30}},"4":{"start":{"line":7,"column":20},"end":{"line":10,"column":2}},"5":{"start":{"line":8,"column":19},"end":{"line":8,"column":84}},"6":{"start":{"line":9,"column":2},"end":{"line":9,"column":33}},"7":{"start":{"line":13,"column":22},"end":{"line":31,"column":2}},"8":{"start":{"line":14,"column":46},"end":{"line":14,"column":54}},"9":{"start":{"line":15,"column":2},"end":{"line":18,"column":3}},"10":{"start":{"line":16,"column":4},"end":{"line":16,"column":20}},"11":{"start":{"line":17,"column":4},"end":{"line":17,"column":60}},"12":{"start":{"line":19,"column":18},"end":{"line":19,"column":94}},"13":{"start":{"line":20,"column":2},"end":{"line":29,"column":3}},"14":{"start":{"line":21,"column":4},"end":{"line":28,"column":5}},"15":{"start":{"line":22,"column":6},"end":{"line":25,"column":9}},"16":{"start":{"line":27,"column":6},"end":{"line":27,"column":75}},"17":{"start":{"line":30,"column":2},"end":{"line":30,"column":32}},"18":{"start":{"line":34,"column":22},"end":{"line":40,"column":2}},"19":{"start":{"line":35,"column":18},"end":{"line":35,"column":55}},"20":{"start":{"line":36,"column":2},"end":{"line":36,"column":79}},"21":{"start":{"line":36,"column":18},"end":{"line":36,"column":34}},"22":{"start":{"line":36,"column":35},"end":{"line":36,"column":77}},"23":{"start":{"line":37,"column":2},"end":{"line":37,"column":101}},"24":{"start":{"line":37,"column":49},"end":{"line":37,"column":65}},"25":{"start":{"line":37,"column":66},"end":{"line":37,"column":99}},"26":{"start":{"line":38,"column":25},"end":{"line":38,"column":96}},"27":{"start":{"line":39,"column":2},"end":{"line":39,"column":39}},"28":{"start":{"line":43,"column":22},"end":{"line":50,"column":2}},"29":{"start":{"line":44,"column":18},"end":{"line":44,"column":55}},"30":{"start":{"line":45,"column":2},"end":{"line":45,"column":79}},"31":{"start":{"line":45,"column":18},"end":{"line":45,"column":34}},"32":{"start":{"line":45,"column":35},"end":{"line":45,"column":77}},"33":{"start":{"line":46,"column":2},"end":{"line":46,"column":101}},"34":{"start":{"line":46,"column":49},"end":{"line":46,"column":65}},"35":{"start":{"line":46,"column":66},"end":{"line":46,"column":99}},"36":{"start":{"line":47,"column":2},"end":{"line":47,"column":52}},"37":{"start":{"line":48,"column":2},"end":{"line":48,"column":28}},"38":{"start":{"line":49,"column":2},"end":{"line":49,"column":46}},"39":{"start":{"line":53,"column":27},"end":{"line":60,"column":2}},"40":{"start":{"line":54,"column":20},"end":{"line":54,"column":57}},"41":{"start":{"line":55,"column":4},"end":{"line":57,"column":5}},"42":{"start":{"line":56,"column":8},"end":{"line":56,"column":24}},"43":{"start":{"line":56,"column":25},"end":{"line":56,"column":83}},"44":{"start":{"line":58,"column":18},"end":{"line":58,"column":61}},"45":{"start":{"line":59,"column":4},"end":{"line":59,"column":32}},"46":{"start":{"line":63,"column":29},"end":{"line":88,"column":2}},"47":{"start":{"line":64,"column":22},"end":{"line":64,"column":30}},"48":{"start":{"line":65,"column":20},"end":{"line":65,"column":57}},"49":{"start":{"line":66,"column":4},"end":{"line":68,"column":5}},"50":{"start":{"line":67,"column":8},"end":{"line":67,"column":24}},"51":{"start":{"line":67,"column":25},"end":{"line":67,"column":83}},"52":{"start":{"line":69,"column":17},"end":{"line":74,"column":6}},"53":{"start":{"line":75,"column":4},"end":{"line":86,"column":5}},"54":{"start":{"line":76,"column":8},"end":{"line":85,"column":9}},"55":{"start":{"line":77,"column":12},"end":{"line":82,"column":15}},"56":{"start":{"line":84,"column":12},"end":{"line":84,"column":80}},"57":{"start":{"line":87,"column":4},"end":{"line":87,"column":31}},"58":{"start":{"line":90,"column":0},"end":{"line":97,"column":2}}},"fnMap":{"0":{"name":"(anonymous_0)","decl":{"start":{"line":7,"column":33},"end":{"line":7,"column":34}},"loc":{"start":{"line":7,"column":53},"end":{"line":10,"column":1}},"line":7},"1":{"name":"(anonymous_1)","decl":{"start":{"line":13,"column":35},"end":{"line":13,"column":36}},"loc":{"start":{"line":13,"column":55},"end":{"line":31,"column":1}},"line":13},"2":{"name":"(anonymous_2)","decl":{"start":{"line":34,"column":35},"end":{"line":34,"column":36}},"loc":{"start":{"line":34,"column":55},"end":{"line":40,"column":1}},"line":34},"3":{"name":"(anonymous_3)","decl":{"start":{"line":43,"column":35},"end":{"line":43,"column":36}},"loc":{"start":{"line":43,"column":55},"end":{"line":50,"column":1}},"line":43},"4":{"name":"(anonymous_4)","decl":{"start":{"line":53,"column":40},"end":{"line":53,"column":41}},"loc":{"start":{"line":53,"column":60},"end":{"line":60,"column":1}},"line":53},"5":{"name":"(anonymous_5)","decl":{"start":{"line":63,"column":42},"end":{"line":63,"column":43}},"loc":{"start":{"line":63,"column":62},"end":{"line":88,"column":1}},"line":63}},"branchMap":{"0":{"loc":{"start":{"line":15,"column":2},"end":{"line":18,"column":3}},"type":"if","locations":[{"start":{"line":15,"column":2},"end":{"line":18,"column":3}},{"start":{},"end":{}}],"line":15},"1":{"loc":{"start":{"line":15,"column":6},"end":{"line":15,"column":44}},"type":"binary-expr","locations":[{"start":{"line":15,"column":6},"end":{"line":15,"column":11}},{"start":{"line":15,"column":15},"end":{"line":15,"column":27}},{"start":{"line":15,"column":31},"end":{"line":15,"column":44}}],"line":15},"2":{"loc":{"start":{"line":20,"column":2},"end":{"line":29,"column":3}},"type":"if","locations":[{"start":{"line":20,"column":2},"end":{"line":29,"column":3}},{"start":{},"end":{}}],"line":20},"3":{"loc":{"start":{"line":20,"column":6},"end":{"line":20,"column":52}},"type":"binary-expr","locations":[{"start":{"line":20,"column":6},"end":{"line":20,"column":13}},{"start":{"line":20,"column":17},"end":{"line":20,"column":52}}],"line":20},"4":{"loc":{"start":{"line":36,"column":2},"end":{"line":36,"column":79}},"type":"if","locations":[{"start":{"line":36,"column":2},"end":{"line":36,"column":79}},{"start":{},"end":{}}],"line":36},"5":{"loc":{"start":{"line":37,"column":2},"end":{"line":37,"column":101}},"type":"if","locations":[{"start":{"line":37,"column":2},"end":{"line":37,"column":101}},{"start":{},"end":{}}],"line":37},"6":{"loc":{"start":{"line":45,"column":2},"end":{"line":45,"column":79}},"type":"if","locations":[{"start":{"line":45,"column":2},"end":{"line":45,"column":79}},{"start":{},"end":{}}],"line":45},"7":{"loc":{"start":{"line":46,"column":2},"end":{"line":46,"column":101}},"type":"if","locations":[{"start":{"line":46,"column":2},"end":{"line":46,"column":101}},{"start":{},"end":{}}],"line":46},"8":{"loc":{"start":{"line":55,"column":4},"end":{"line":57,"column":5}},"type":"if","locations":[{"start":{"line":55,"column":4},"end":{"line":57,"column":5}},{"start":{},"end":{}}],"line":55},"9":{"loc":{"start":{"line":55,"column":8},"end":{"line":55,"column":59}},"type":"binary-expr","locations":[{"start":{"line":55,"column":8},"end":{"line":55,"column":16}},{"start":{"line":55,"column":20},"end":{"line":55,"column":59}}],"line":55},"10":{"loc":{"start":{"line":66,"column":4},"end":{"line":68,"column":5}},"type":"if","locations":[{"start":{"line":66,"column":4},"end":{"line":68,"column":5}},{"start":{},"end":{}}],"line":66},"11":{"loc":{"start":{"line":66,"column":8},"end":{"line":66,"column":59}},"type":"binary-expr","locations":[{"start":{"line":66,"column":8},"end":{"line":66,"column":16}},{"start":{"line":66,"column":20},"end":{"line":66,"column":59}}],"line":66},"12":{"loc":{"start":{"line":75,"column":4},"end":{"line":86,"column":5}},"type":"if","locations":[{"start":{"line":75,"column":4},"end":{"line":86,"column":5}},{"start":{},"end":{}}],"line":75},"13":{"loc":{"start":{"line":75,"column":8},"end":{"line":75,"column":48}},"type":"binary-expr","locations":[{"start":{"line":75,"column":8},"end":{"line":75,"column":12}},{"start":{"line":75,"column":16},"end":{"line":75,"column":48}}],"line":75}},"s":{"0":3,"1":3,"2":3,"3":3,"4":3,"5":0,"6":0,"7":3,"8":4,"9":4,"10":1,"11":1,"12":3,"13":3,"14":2,"15":2,"16":2,"17":3,"18":3,"19":0,"20":0,"21":0,"22":0,"23":0,"24":0,"25":0,"26":0,"27":0,"28":3,"29":1,"30":1,"31":0,"32":0,"33":1,"34":0,"35":0,"36":1,"37":1,"38":1,"39":3,"40":1,"41":1,"42":0,"43":0,"44":1,"45":1,"46":3,"47":1,"48":1,"49":1,"50":0,"51":0,"52":1,"53":1,"54":1,"55":1,"56":1,"57":1,"58":3},"f":{"0":0,"1":4,"2":0,"3":1,"4":1,"5":1},"b":{"0":[1,3],"1":[4,3,3],"2":[2,1],"3":[3,3],"4":[0,0],"5":[0,0],"6":[0,1],"7":[0,1],"8":[0,1],"9":[1,1],"10":[0,1],"11":[1,1],"12":[1,0],"13":[1,1]},"_coverageSchema":"1a1c01bbd47fc00a2c39e90264f33305004495a9","hash":"4515786cf97a37bc3e0028f1f1c68a3da9aef8fe"}
,"D:\\Proyectos\\AI\\AI-Research-Assistant-MERN-main\\backend\\controllers\\taskController.js": {"path":"D:\\Proyectos\\AI\\AI-Research-Assistant-MERN-main\\backend\\controllers\\taskController.js","statementMap":{"0":{"start":{"line":1,"column":21},"end":{"line":1,"column":53}},"1":{"start":{"line":2,"column":13},"end":{"line":2,"column":43}},"2":{"start":{"line":3,"column":16},"end":{"line":3,"column":49}},"3":{"start":{"line":4,"column":14},"end":{"line":4,"column":30}},"4":{"start":{"line":7,"column":27},"end":{"line":15,"column":2}},"5":{"start":{"line":8,"column":26},"end":{"line":8,"column":36}},"6":{"start":{"line":9,"column":20},"end":{"line":9,"column":53}},"7":{"start":{"line":10,"column":4},"end":{"line":10,"column":81}},"8":{"start":{"line":10,"column":20},"end":{"line":10,"column":36}},"9":{"start":{"line":10,"column":37},"end":{"line":10,"column":79}},"10":{"start":{"line":11,"column":21},"end":{"line":11,"column":85}},"11":{"start":{"line":11,"column":52},"end":{"line":11,"column":84}},"12":{"start":{"line":12,"column":4},"end":{"line":12,"column":154}},"13":{"start":{"line":12,"column":60},"end":{"line":12,"column":76}},"14":{"start":{"line":12,"column":77},"end":{"line":12,"column":152}},"15":{"start":{"line":13,"column":18},"end":{"line":13,"column":81}},"16":{"start":{"line":14,"column":4},"end":{"line":14,"column":32}},"17":{"start":{"line":18,"column":29},"end":{"line":63,"column":2}},"18":{"start":{"line":19,"column":26},"end":{"line":19,"column":36}},"19":{"start":{"line":20,"column":22},"end":{"line":20,"column":30}},"20":{"start":{"line":22,"column":4},"end":{"line":24,"column":5}},"21":{"start":{"line":23,"column":8},"end":{"line":23,"column":24}},"22":{"start":{"line":23,"column":25},"end":{"line":23,"column":80}},"23":{"start":{"line":26,"column":20},"end":{"line":26,"column":53}},"24":{"start":{"line":27,"column":4},"end":{"line":29,"column":5}},"25":{"start":{"line":28,"column":8},"end":{"line":28,"column":24}},"26":{"start":{"line":28,"column":25},"end":{"line":28,"column":67}},"27":{"start":{"line":31,"column":4},"end":{"line":33,"column":5}},"28":{"start":{"line":32,"column":8},"end":{"line":32,"column":24}},"29":{"start":{"line":32,"column":25},"end":{"line":32,"column":91}},"30":{"start":{"line":35,"column":17},"end":{"line":40,"column":6}},"31":{"start":{"line":42,"column":4},"end":{"line":60,"column":5}},"32":{"start":{"line":43,"column":8},"end":{"line":59,"column":9}},"33":{"start":{"line":44,"column":32},"end":{"line":53,"column":13}},"34":{"start":{"line":54,"column":12},"end":{"line":54,"column":94}},"35":{"start":{"line":55,"column":12},"end":{"line":55,"column":76}},"36":{"start":{"line":56,"column":12},"end":{"line":56,"column":68}},"37":{"start":{"line":58,"column":12},"end":{"line":58,"column":95}},"38":{"start":{"line":62,"column":4},"end":{"line":62,"column":31}},"39":{"start":{"line":65,"column":0},"end":{"line":68,"column":2}}},"fnMap":{"0":{"name":"(anonymous_0)","decl":{"start":{"line":7,"column":40},"end":{"line":7,"column":41}},"loc":{"start":{"line":7,"column":60},"end":{"line":15,"column":1}},"line":7},"1":{"name":"(anonymous_1)","decl":{"start":{"line":11,"column":42},"end":{"line":11,"column":43}},"loc":{"start":{"line":11,"column":52},"end":{"line":11,"column":84}},"line":11},"2":{"name":"(anonymous_2)","decl":{"start":{"line":18,"column":42},"end":{"line":18,"column":43}},"loc":{"start":{"line":18,"column":62},"end":{"line":63,"column":1}},"line":18}},"branchMap":{"0":{"loc":{"start":{"line":10,"column":4},"end":{"line":10,"column":81}},"type":"if","locations":[{"start":{"line":10,"column":4},"end":{"line":10,"column":81}},{"start":{},"end":{}}],"line":10},"1":{"loc":{"start":{"line":12,"column":4},"end":{"line":12,"column":154}},"type":"if","locations":[{"start":{"line":12,"column":4},"end":{"line":12,"column":154}},{"start":{},"end":{}}],"line":12},"2":{"loc":{"start":{"line":12,"column":8},"end":{"line":12,"column":56}},"type":"binary-expr","locations":[{"start":{"line":12,"column":8},"end":{"line":12,"column":43}},{"start":{"line":12,"column":47},"end":{"line":12,"column":56}}],"line":12},"3":{"loc":{"start":{"line":22,"column":4},"end":{"line":24,"column":5}},"type":"if","locations":[{"start":{"line":22,"column":4},"end":{"line":24,"column":5}},{"start":{},"end":{}}],"line":22},"4":{"loc":{"start":{"line":27,"column":4},"end":{"line":29,"column":5}},"type":"if","locations":[{"start":{"line":27,"column":4},"end":{"line":29,"column":5}},{"start":{},"end":{}}],"line":27},"5":{"loc":{"start":{"line":31,"column":4},"end":{"line":33,"column":5}},"type":"if","locations":[{"start":{"line":31,"column":4},"end":{"line":33,"column":5}},{"start":{},"end":{}}],"line":31},"6":{"loc":{"start":{"line":42,"column":4},"end":{"line":60,"column":5}},"type":"if","locations":[{"start":{"line":42,"column":4},"end":{"line":60,"column":5}},{"start":{},"end":{}}],"line":42},"7":{"loc":{"start":{"line":42,"column":8},"end":{"line":42,"column":48}},"type":"binary-expr","locations":[{"start":{"line":42,"column":8},"end":{"line":42,"column":12}},{"start":{"line":42,"column":16},"end":{"line":42,"column":48}}],"line":42}},"s":{"0":1,"1":1,"2":1,"3":1,"4":1,"5":1,"6":1,"7":1,"8":0,"9":0,"10":1,"11":0,"12":1,"13":1,"14":1,"15":0,"16":0,"17":1,"18":2,"19":2,"20":2,"21":0,"22":0,"23":2,"24":2,"25":0,"26":0,"27":2,"28":1,"29":1,"30":1,"31":1,"32":0,"33":0,"34":0,"35":0,"36":0,"37":0,"38":1,"39":1},"f":{"0":1,"1":0,"2":2},"b":{"0":[0,1],"1":[1,0],"2":[1,1],"3":[0,2],"4":[0,2],"5":[1,1],"6":[0,1],"7":[1,1]},"_coverageSchema":"1a1c01bbd47fc00a2c39e90264f33305004495a9","hash":"19e75a6cbde953d84fe5d6e41768c522362d01e7"}
,"D:\\Proyectos\\AI\\AI-Research-Assistant-MERN-main\\backend\\controllers\\userController.js": {"path":"D:\\Proyectos\\AI\\AI-Research-Assistant-MERN-main\\backend\\controllers\\userController.js","statementMap":{"0":{"start":{"line":2,"column":21},"end":{"line":2,"column":53}},"1":{"start":{"line":3,"column":13},"end":{"line":3,"column":43}},"2":{"start":{"line":4,"column":15},"end":{"line":4,"column":34}},"3":{"start":{"line":5,"column":12},"end":{"line":5,"column":35}},"4":{"start":{"line":9,"column":22},"end":{"line":13,"column":1}},"5":{"start":{"line":10,"column":2},"end":{"line":12,"column":5}},"6":{"start":{"line":18,"column":21},"end":{"line":58,"column":2}},"7":{"start":{"line":19,"column":36},"end":{"line":19,"column":44}},"8":{"start":{"line":22,"column":2},"end":{"line":25,"column":3}},"9":{"start":{"line":23,"column":4},"end":{"line":23,"column":20}},"10":{"start":{"line":24,"column":4},"end":{"line":24,"column":60}},"11":{"start":{"line":28,"column":21},"end":{"line":28,"column":50}},"12":{"start":{"line":30,"column":2},"end":{"line":33,"column":3}},"13":{"start":{"line":31,"column":4},"end":{"line":31,"column":20}},"14":{"start":{"line":32,"column":4},"end":{"line":32,"column":53}},"15":{"start":{"line":36,"column":15},"end":{"line":36,"column":39}},"16":{"start":{"line":37,"column":25},"end":{"line":37,"column":58}},"17":{"start":{"line":40,"column":15},"end":{"line":44,"column":4}},"18":{"start":{"line":47,"column":2},"end":{"line":57,"column":3}},"19":{"start":{"line":48,"column":4},"end":{"line":53,"column":7}},"20":{"start":{"line":55,"column":4},"end":{"line":55,"column":20}},"21":{"start":{"line":56,"column":4},"end":{"line":56,"column":50}},"22":{"start":{"line":63,"column":18},"end":{"line":85,"column":2}},"23":{"start":{"line":65,"column":30},"end":{"line":65,"column":38}},"24":{"start":{"line":68,"column":15},"end":{"line":68,"column":44}},"25":{"start":{"line":72,"column":2},"end":{"line":84,"column":3}},"26":{"start":{"line":74,"column":4},"end":{"line":79,"column":7}},"27":{"start":{"line":82,"column":4},"end":{"line":82,"column":20}},"28":{"start":{"line":83,"column":4},"end":{"line":83,"column":52}},"29":{"start":{"line":88,"column":0},"end":{"line":91,"column":2}}},"fnMap":{"0":{"name":"(anonymous_0)","decl":{"start":{"line":9,"column":22},"end":{"line":9,"column":23}},"loc":{"start":{"line":9,"column":30},"end":{"line":13,"column":1}},"line":9},"1":{"name":"(anonymous_1)","decl":{"start":{"line":18,"column":34},"end":{"line":18,"column":35}},"loc":{"start":{"line":18,"column":54},"end":{"line":58,"column":1}},"line":18},"2":{"name":"(anonymous_2)","decl":{"start":{"line":63,"column":31},"end":{"line":63,"column":32}},"loc":{"start":{"line":63,"column":51},"end":{"line":85,"column":1}},"line":63}},"branchMap":{"0":{"loc":{"start":{"line":22,"column":2},"end":{"line":25,"column":3}},"type":"if","locations":[{"start":{"line":22,"column":2},"end":{"line":25,"column":3}},{"start":{},"end":{}}],"line":22},"1":{"loc":{"start":{"line":22,"column":6},"end":{"line":22,"column":34}},"type":"binary-expr","locations":[{"start":{"line":22,"column":6},"end":{"line":22,"column":11}},{"start":{"line":22,"column":15},"end":{"line":22,"column":21}},{"start":{"line":22,"column":25},"end":{"line":22,"column":34}}],"line":22},"2":{"loc":{"start":{"line":30,"column":2},"end":{"line":33,"column":3}},"type":"if","locations":[{"start":{"line":30,"column":2},"end":{"line":33,"column":3}},{"start":{},"end":{}}],"line":30},"3":{"loc":{"start":{"line":47,"column":2},"end":{"line":57,"column":3}},"type":"if","locations":[{"start":{"line":47,"column":2},"end":{"line":57,"column":3}},{"start":{"line":54,"column":9},"end":{"line":57,"column":3}}],"line":47},"4":{"loc":{"start":{"line":72,"column":2},"end":{"line":84,"column":3}},"type":"if","locations":[{"start":{"line":72,"column":2},"end":{"line":84,"column":3}},{"start":{"line":80,"column":9},"end":{"line":84,"column":3}}],"line":72},"5":{"loc":{"start":{"line":72,"column":6},"end":{"line":72,"column":61}},"type":"binary-expr","locations":[{"start":{"line":72,"column":6},"end":{"line":72,"column":10}},{"start":{"line":72,"column":15},"end":{"line":72,"column":60}}],"line":72}},"s":{"0":2,"1":2,"2":2,"3":2,"4":2,"5":4,"6":2,"7":3,"8":3,"9":1,"10":1,"11":2,"12":2,"13":0,"14":0,"15":2,"16":2,"17":2,"18":2,"19":2,"20":0,"21":0,"22":2,"23":3,"24":3,"25":3,"26":2,"27":1,"28":1,"29":2},"f":{"0":4,"1":3,"2":3},"b":{"0":[1,2],"1":[3,2,2],"2":[0,2],"3":[2,0],"4":[2,1],"5":[3,2]},"_coverageSchema":"1a1c01bbd47fc00a2c39e90264f33305004495a9","hash":"23cf34682057bd860fd67eadad71ee4b4f36e5bc"}
,"D:\\Proyectos\\AI\\AI-Research-Assistant-MERN-main\\backend\\middleware\\authMiddleware.js": {"path":"D:\\Proyectos\\AI\\AI-Research-Assistant-MERN-main\\backend\\middleware\\authMiddleware.js","statementMap":{"0":{"start":{"line":2,"column":12},"end":{"line":2,"column":35}},"1":{"start":{"line":3,"column":21},"end":{"line":3,"column":53}},"2":{"start":{"line":4,"column":13},"end":{"line":4,"column":43}},"3":{"start":{"line":6,"column":16},"end":{"line":35,"column":2}},"4":{"start":{"line":10,"column":2},"end":{"line":29,"column":3}},"5":{"start":{"line":11,"column":4},"end":{"line":28,"column":5}},"6":{"start":{"line":13,"column":6},"end":{"line":13,"column":54}},"7":{"start":{"line":16,"column":22},"end":{"line":16,"column":63}},"8":{"start":{"line":21,"column":6},"end":{"line":21,"column":69}},"9":{"start":{"line":23,"column":6},"end":{"line":23,"column":13}},"10":{"start":{"line":25,"column":6},"end":{"line":25,"column":27}},"11":{"start":{"line":26,"column":6},"end":{"line":26,"column":22}},"12":{"start":{"line":27,"column":6},"end":{"line":27,"column":52}},"13":{"start":{"line":31,"column":2},"end":{"line":34,"column":3}},"14":{"start":{"line":32,"column":4},"end":{"line":32,"column":20}},"15":{"start":{"line":33,"column":4},"end":{"line":33,"column":59}},"16":{"start":{"line":37,"column":0},"end":{"line":37,"column":29}}},"fnMap":{"0":{"name":"(anonymous_0)","decl":{"start":{"line":6,"column":29},"end":{"line":6,"column":30}},"loc":{"start":{"line":6,"column":55},"end":{"line":35,"column":1}},"line":6}},"branchMap":{"0":{"loc":{"start":{"line":10,"column":2},"end":{"line":29,"column":3}},"type":"if","locations":[{"start":{"line":10,"column":2},"end":{"line":29,"column":3}},{"start":{},"end":{}}],"line":10},"1":{"loc":{"start":{"line":10,"column":6},"end":{"line":10,"column":81}},"type":"binary-expr","locations":[{"start":{"line":10,"column":6},"end":{"line":10,"column":31}},{"start":{"line":10,"column":35},"end":{"line":10,"column":81}}],"line":10},"2":{"loc":{"start":{"line":31,"column":2},"end":{"line":34,"column":3}},"type":"if","locations":[{"start":{"line":31,"column":2},"end":{"line":34,"column":3}},{"start":{},"end":{}}],"line":31}},"s":{"0":2,"1":2,"2":2,"3":2,"4":7,"5":6,"6":6,"7":6,"8":5,"9":5,"10":1,"11":1,"12":1,"13":6,"14":1,"15":1,"16":2},"f":{"0":7},"b":{"0":[6,1],"1":[7,6],"2":[1,5]},"_coverageSchema":"1a1c01bbd47fc00a2c39e90264f33305004495a9","hash":"737bde2f492c56a4ca1f22f3a9c9d0732d17ff4f"}
,"D:\\Proyectos\\AI\\AI-Research-Assistant-MERN-main\\backend\\middleware\\errorMiddleware.js": {"path":"D:\\Proyectos\\AI\\AI-Research-Assistant-MERN-main\\backend\\middleware\\errorMiddleware.js","statementMap":{"0":{"start":{"line":3,"column":21},"end":{"line":22,"column":1}},"1":{"start":{"line":5,"column":21},"end":{"line":5,"column":58}},"2":{"start":{"line":9,"column":2},"end":{"line":9,"column":56}},"3":{"start":{"line":10,"column":2},"end":{"line":10,"column":41}},"4":{"start":{"line":11,"column":2},"end":{"line":11,"column":37}},"5":{"start":{"line":12,"column":2},"end":{"line":12,"column":45}},"6":{"start":{"line":14,"column":2},"end":{"line":14,"column":25}},"7":{"start":{"line":17,"column":2},"end":{"line":21,"column":5}},"8":{"start":{"line":24,"column":0},"end":{"line":26,"column":2}}},"fnMap":{"0":{"name":"(anonymous_0)","decl":{"start":{"line":3,"column":21},"end":{"line":3,"column":22}},"loc":{"start":{"line":3,"column":46},"end":{"line":22,"column":1}},"line":3}},"branchMap":{"0":{"loc":{"start":{"line":5,"column":21},"end":{"line":5,"column":58}},"type":"cond-expr","locations":[{"start":{"line":5,"column":38},"end":{"line":5,"column":52}},{"start":{"line":5,"column":55},"end":{"line":5,"column":58}}],"line":5},"1":{"loc":{"start":{"line":20,"column":11},"end":{"line":20,"column":67}},"type":"cond-expr","locations":[{"start":{"line":20,"column":51},"end":{"line":20,"column":55}},{"start":{"line":20,"column":58},"end":{"line":20,"column":67}}],"line":20}},"s":{"0":2,"1":1,"2":1,"3":1,"4":1,"5":1,"6":1,"7":1,"8":2},"f":{"0":1},"b":{"0":[1,0],"1":[0,1]},"_coverageSchema":"1a1c01bbd47fc00a2c39e90264f33305004495a9","hash":"b84135ecd4aad7a0a8860a6329cbb722320698d5"}
,"D:\\Proyectos\\AI\\AI-Research-Assistant-MERN-main\\backend\\models\\libraryItemModel.js": {"path":"D:\\Proyectos\\AI\\AI-Research-Assistant-MERN-main\\backend\\models\\libraryItemModel.js","statementMap":{"0":{"start":{"line":1,"column":17},"end":{"line":1,"column":36}},"1":{"start":{"line":3,"column":26},"end":{"line":36,"column":1}},"2":{"start":{"line":38,"column":0},"end":{"line":44,"column":2}},"3":{"start":{"line":46,"column":0},"end":{"line":46,"column":66}}},"fnMap":{},"branchMap":{},"s":{"0":3,"1":3,"2":3,"3":3},"f":{},"b":{},"_coverageSchema":"1a1c01bbd47fc00a2c39e90264f33305004495a9","hash":"9d77cd3dec1179ab4e841fbaee94ed56ed565c2d"}
,"D:\\Proyectos\\AI\\AI-Research-Assistant-MERN-main\\backend\\models\\projectModel.js": {"path":"D:\\Proyectos\\AI\\AI-Research-Assistant-MERN-main\\backend\\models\\projectModel.js","statementMap":{"0":{"start":{"line":1,"column":17},"end":{"line":1,"column":36}},"1":{"start":{"line":3,"column":22},"end":{"line":26,"column":1}},"2":{"start":{"line":28,"column":0},"end":{"line":28,"column":58}}},"fnMap":{},"branchMap":{},"s":{"0":3,"1":3,"2":3},"f":{},"b":{},"_coverageSchema":"1a1c01bbd47fc00a2c39e90264f33305004495a9","hash":"7c144605cd591cfca4dde65ff7a0cdaf837c46ad"}
,"D:\\Proyectos\\AI\\AI-Research-Assistant-MERN-main\\backend\\models\\taskModel.js": {"path":"D:\\Proyectos\\AI\\AI-Research-Assistant-MERN-main\\backend\\models\\taskModel.js","statementMap":{"0":{"start":{"line":2,"column":17},"end":{"line":2,"column":36}},"1":{"start":{"line":4,"column":19},"end":{"line":29,"column":2}},"2":{"start":{"line":31,"column":0},"end":{"line":31,"column":52}}},"fnMap":{},"branchMap":{},"s":{"0":3,"1":3,"2":3},"f":{},"b":{},"_coverageSchema":"1a1c01bbd47fc00a2c39e90264f33305004495a9","hash":"b678264f2b1b94798ecdea50596080a7a5acf488"}
,"D:\\Proyectos\\AI\\AI-Research-Assistant-MERN-main\\backend\\models\\userModel.js": {"path":"D:\\Proyectos\\AI\\AI-Research-Assistant-MERN-main\\backend\\models\\userModel.js","statementMap":{"0":{"start":{"line":2,"column":17},"end":{"line":2,"column":36}},"1":{"start":{"line":4,"column":19},"end":{"line":21,"column":2}},"2":{"start":{"line":23,"column":0},"end":{"line":23,"column":52}}},"fnMap":{},"branchMap":{},"s":{"0":6,"1":6,"2":6},"f":{},"b":{},"_coverageSchema":"1a1c01bbd47fc00a2c39e90264f33305004495a9","hash":"bd24cf1d0d9a471c618530dadb80bc86d0fdc6b9"}
,"D:\\Proyectos\\AI\\AI-Research-Assistant-MERN-main\\backend\\routes\\aiRoutes.js": {"path":"D:\\Proyectos\\AI\\AI-Research-Assistant-MERN-main\\backend\\routes\\aiRoutes.js","statementMap":{"0":{"start":{"line":2,"column":16},"end":{"line":2,"column":34}},"1":{"start":{"line":3,"column":15},"end":{"line":3,"column":31}},"2":{"start":{"line":9,"column":4},"end":{"line":9,"column":42}},"3":{"start":{"line":11,"column":20},"end":{"line":11,"column":59}},"4":{"start":{"line":14,"column":0},"end":{"line":14,"column":50}},"5":{"start":{"line":15,"column":0},"end":{"line":15,"column":42}},"6":{"start":{"line":16,"column":0},"end":{"line":16,"column":59}},"7":{"start":{"line":18,"column":0},"end":{"line":18,"column":24}}},"fnMap":{},"branchMap":{},"s":{"0":1,"1":1,"2":1,"3":1,"4":1,"5":1,"6":1,"7":1},"f":{},"b":{},"_coverageSchema":"1a1c01bbd47fc00a2c39e90264f33305004495a9","hash":"6466e3fca4cef1956e80438d605d309127fc205a"}
,"D:\\Proyectos\\AI\\AI-Research-Assistant-MERN-main\\backend\\routes\\libraryRoutes.js": {"path":"D:\\Proyectos\\AI\\AI-Research-Assistant-MERN-main\\backend\\routes\\libraryRoutes.js","statementMap":{"0":{"start":{"line":1,"column":16},"end":{"line":1,"column":34}},"1":{"start":{"line":2,"column":15},"end":{"line":2,"column":31}},"2":{"start":{"line":5,"column":0},"end":{"line":8,"column":3}},"3":{"start":{"line":6,"column":2},"end":{"line":6,"column":67}},"4":{"start":{"line":7,"column":2},"end":{"line":7,"column":9}},"5":{"start":{"line":15,"column":4},"end":{"line":15,"column":47}},"6":{"start":{"line":17,"column":20},"end":{"line":17,"column":59}},"7":{"start":{"line":18,"column":15},"end":{"line":18,"column":32}},"8":{"start":{"line":20,"column":16},"end":{"line":20,"column":38}},"9":{"start":{"line":21,"column":15},"end":{"line":21,"column":43}},"10":{"start":{"line":24,"column":0},"end":{"line":26,"column":64}},"11":{"start":{"line":29,"column":0},"end":{"line":30,"column":41}},"12":{"start":{"line":33,"column":0},"end":{"line":34,"column":40}},"13":{"start":{"line":36,"column":0},"end":{"line":36,"column":24}}},"fnMap":{"0":{"name":"(anonymous_0)","decl":{"start":{"line":5,"column":11},"end":{"line":5,"column":12}},"loc":{"start":{"line":5,"column":31},"end":{"line":8,"column":1}},"line":5}},"branchMap":{},"s":{"0":1,"1":1,"2":1,"3":0,"4":0,"5":1,"6":1,"7":1,"8":1,"9":1,"10":1,"11":1,"12":1,"13":1},"f":{"0":0},"b":{},"_coverageSchema":"1a1c01bbd47fc00a2c39e90264f33305004495a9","hash":"676c4507c3a6a66bb3f00956af9d862b038b3429"}
,"D:\\Proyectos\\AI\\AI-Research-Assistant-MERN-main\\backend\\routes\\projectRoutes.js": {"path":"D:\\Proyectos\\AI\\AI-Research-Assistant-MERN-main\\backend\\routes\\projectRoutes.js","statementMap":{"0":{"start":{"line":1,"column":16},"end":{"line":1,"column":34}},"1":{"start":{"line":2,"column":15},"end":{"line":2,"column":31}},"2":{"start":{"line":10,"column":4},"end":{"line":10,"column":47}},"3":{"start":{"line":11,"column":20},"end":{"line":11,"column":59}},"4":{"start":{"line":13,"column":0},"end":{"line":15,"column":34}},"5":{"start":{"line":17,"column":0},"end":{"line":19,"column":36}},"6":{"start":{"line":22,"column":0},"end":{"line":24,"column":41}},"7":{"start":{"line":26,"column":0},"end":{"line":26,"column":24}}},"fnMap":{},"branchMap":{},"s":{"0":1,"1":1,"2":1,"3":1,"4":1,"5":1,"6":1,"7":1},"f":{},"b":{},"_coverageSchema":"1a1c01bbd47fc00a2c39e90264f33305004495a9","hash":"23d313c8a7c8b203117a34bb6994d220d3cb0f7f"}
,"D:\\Proyectos\\AI\\AI-Research-Assistant-MERN-main\\backend\\routes\\userRoutes.js": {"path":"D:\\Proyectos\\AI\\AI-Research-Assistant-MERN-main\\backend\\routes\\userRoutes.js","statementMap":{"0":{"start":{"line":2,"column":16},"end":{"line":2,"column":34}},"1":{"start":{"line":3,"column":15},"end":{"line":3,"column":31}},"2":{"start":{"line":5,"column":36},"end":{"line":5,"column":76}},"3":{"start":{"line":7,"column":0},"end":{"line":7,"column":39}},"4":{"start":{"line":8,"column":0},"end":{"line":8,"column":33}},"5":{"start":{"line":10,"column":0},"end":{"line":10,"column":24}}},"fnMap":{},"branchMap":{},"s":{"0":1,"1":1,"2":1,"3":1,"4":1,"5":1},"f":{},"b":{},"_coverageSchema":"1a1c01bbd47fc00a2c39e90264f33305004495a9","hash":"b836a9f33b62d8763cb7059678c61ec77d30e6e4"}
}
