{"D:\\Proyectos\\ProyectifyIA\\backend\\server.js": {"path":"D:\\Proyectos\\ProyectifyIA\\backend\\server.js","statementMap":{"0":{"start":{"line":1,"column":16},"end":{"line":1,"column":34}},"1":{"start":{"line":2,"column":15},"end":{"line":2,"column":32}},"2":{"start":{"line":3,"column":15},"end":{"line":3,"column":41}},"3":{"start":{"line":4,"column":25},"end":{"line":4,"column":64}},"4":{"start":{"line":5,"column":18},"end":{"line":5,"column":40}},"5":{"start":{"line":6,"column":13},"end":{"line":6,"column":28}},"6":{"start":{"line":7,"column":20},"end":{"line":7,"column":42}},"7":{"start":{"line":8,"column":21},"end":{"line":8,"column":45}},"8":{"start":{"line":10,"column":0},"end":{"line":10,"column":12}},"9":{"start":{"line":11,"column":12},"end":{"line":11,"column":21}},"10":{"start":{"line":14,"column":0},"end":{"line":14,"column":26}},"11":{"start":{"line":17,"column":0},"end":{"line":20,"column":3}},"12":{"start":{"line":18,"column":2},"end":{"line":18,"column":80}},"13":{"start":{"line":19,"column":2},"end":{"line":19,"column":9}},"14":{"start":{"line":23,"column":0},"end":{"line":33,"column":3}},"15":{"start":{"line":24,"column":18},"end":{"line":24,"column":87}},"16":{"start":{"line":25,"column":2},"end":{"line":27,"column":3}},"17":{"start":{"line":28,"column":2},"end":{"line":31,"column":3}},"18":{"start":{"line":29,"column":17},"end":{"line":29,"column":33}},"19":{"start":{"line":30,"column":4},"end":{"line":30,"column":66}},"20":{"start":{"line":32,"column":2},"end":{"line":32,"column":16}},"21":{"start":{"line":36,"column":0},"end":{"line":45,"column":3}},"22":{"start":{"line":38,"column":2},"end":{"line":38,"column":93}},"23":{"start":{"line":39,"column":2},"end":{"line":39,"column":53}},"24":{"start":{"line":40,"column":2},"end":{"line":40,"column":43}},"25":{"start":{"line":41,"column":2},"end":{"line":41,"column":50}},"26":{"start":{"line":44,"column":2},"end":{"line":44,"column":9}},"27":{"start":{"line":47,"column":0},"end":{"line":47,"column":24}},"28":{"start":{"line":48,"column":0},"end":{"line":48,"column":49}},"29":{"start":{"line":50,"column":0},"end":{"line":50,"column":54}},"30":{"start":{"line":51,"column":0},"end":{"line":51,"column":65}},"31":{"start":{"line":52,"column":0},"end":{"line":52,"column":60}},"32":{"start":{"line":53,"column":0},"end":{"line":53,"column":59}},"33":{"start":{"line":54,"column":0},"end":{"line":54,"column":49}},"34":{"start":{"line":55,"column":0},"end":{"line":55,"column":70}},"35":{"start":{"line":56,"column":0},"end":{"line":56,"column":70}},"36":{"start":{"line":57,"column":0},"end":{"line":57,"column":59}},"37":{"start":{"line":58,"column":0},"end":{"line":58,"column":61}},"38":{"start":{"line":59,"column":0},"end":{"line":59,"column":54}},"39":{"start":{"line":60,"column":0},"end":{"line":60,"column":65}},"40":{"start":{"line":62,"column":0},"end":{"line":62,"column":69}},"41":{"start":{"line":65,"column":0},"end":{"line":65,"column":62}},"42":{"start":{"line":65,"column":34},"end":{"line":65,"column":60}},"43":{"start":{"line":66,"column":0},"end":{"line":75,"column":3}},"44":{"start":{"line":67,"column":2},"end":{"line":74,"column":3}},"45":{"start":{"line":68,"column":21},"end":{"line":68,"column":40}},"46":{"start":{"line":69,"column":18},"end":{"line":69,"column":77}},"47":{"start":{"line":70,"column":4},"end":{"line":70,"column":52}},"48":{"start":{"line":70,"column":15},"end":{"line":70,"column":52}},"49":{"start":{"line":71,"column":4},"end":{"line":71,"column":45}},"50":{"start":{"line":73,"column":4},"end":{"line":73,"column":41}},"51":{"start":{"line":77,"column":0},"end":{"line":82,"column":1}},"52":{"start":{"line":78,"column":4},"end":{"line":78,"column":89}},"53":{"start":{"line":79,"column":4},"end":{"line":79,"column":130}},"54":{"start":{"line":79,"column":31},"end":{"line":79,"column":128}},"55":{"start":{"line":81,"column":4},"end":{"line":81,"column":80}},"56":{"start":{"line":81,"column":31},"end":{"line":81,"column":78}},"57":{"start":{"line":84,"column":0},"end":{"line":84,"column":22}},"58":{"start":{"line":85,"column":0},"end":{"line":85,"column":23}},"59":{"start":{"line":86,"column":0},"end":{"line":91,"column":4}},"60":{"start":{"line":88,"column":2},"end":{"line":90,"column":3}},"61":{"start":{"line":89,"column":4},"end":{"line":89,"column":82}},"62":{"start":{"line":94,"column":0},"end":{"line":94,"column":21}},"63":{"start":{"line":97,"column":0},"end":{"line":114,"column":1}},"64":{"start":{"line":98,"column":15},"end":{"line":98,"column":39}},"65":{"start":{"line":99,"column":17},"end":{"line":99,"column":109}},"66":{"start":{"line":99,"column":40},"end":{"line":99,"column":108}},"67":{"start":{"line":102,"column":2},"end":{"line":113,"column":5}},"68":{"start":{"line":103,"column":4},"end":{"line":103,"column":58}},"69":{"start":{"line":104,"column":4},"end":{"line":112,"column":7}},"70":{"start":{"line":105,"column":6},"end":{"line":110,"column":16}},"71":{"start":{"line":106,"column":25},"end":{"line":106,"column":44}},"72":{"start":{"line":107,"column":8},"end":{"line":109,"column":9}},"73":{"start":{"line":108,"column":10},"end":{"line":108,"column":44}},"74":{"start":{"line":111,"column":6},"end":{"line":111,"column":22}}},"fnMap":{"0":{"name":"(anonymous_0)","decl":{"start":{"line":17,"column":8},"end":{"line":17,"column":9}},"loc":{"start":{"line":17,"column":28},"end":{"line":20,"column":1}},"line":17},"1":{"name":"(anonymous_1)","decl":{"start":{"line":23,"column":8},"end":{"line":23,"column":9}},"loc":{"start":{"line":23,"column":28},"end":{"line":33,"column":1}},"line":23},"2":{"name":"(anonymous_2)","decl":{"start":{"line":36,"column":8},"end":{"line":36,"column":9}},"loc":{"start":{"line":36,"column":28},"end":{"line":45,"column":1}},"line":36},"3":{"name":"(anonymous_3)","decl":{"start":{"line":65,"column":20},"end":{"line":65,"column":21}},"loc":{"start":{"line":65,"column":34},"end":{"line":65,"column":60}},"line":65},"4":{"name":"(anonymous_4)","decl":{"start":{"line":66,"column":19},"end":{"line":66,"column":20}},"loc":{"start":{"line":66,"column":33},"end":{"line":75,"column":1}},"line":66},"5":{"name":"(anonymous_5)","decl":{"start":{"line":79,"column":17},"end":{"line":79,"column":18}},"loc":{"start":{"line":79,"column":31},"end":{"line":79,"column":128}},"line":79},"6":{"name":"(anonymous_6)","decl":{"start":{"line":81,"column":17},"end":{"line":81,"column":18}},"loc":{"start":{"line":81,"column":31},"end":{"line":81,"column":78}},"line":81},"7":{"name":"(anonymous_7)","decl":{"start":{"line":86,"column":21},"end":{"line":86,"column":22}},"loc":{"start":{"line":86,"column":41},"end":{"line":91,"column":1}},"line":86},"8":{"name":"(anonymous_8)","decl":{"start":{"line":99,"column":34},"end":{"line":99,"column":35}},"loc":{"start":{"line":99,"column":40},"end":{"line":99,"column":108}},"line":99},"9":{"name":"(anonymous_9)","decl":{"start":{"line":102,"column":24},"end":{"line":102,"column":25}},"loc":{"start":{"line":102,"column":36},"end":{"line":113,"column":3}},"line":102},"10":{"name":"(anonymous_10)","decl":{"start":{"line":104,"column":17},"end":{"line":104,"column":18}},"loc":{"start":{"line":104,"column":29},"end":{"line":112,"column":5}},"line":104}},"branchMap":{"0":{"loc":{"start":{"line":24,"column":25},"end":{"line":24,"column":61}},"type":"binary-expr","locations":[{"start":{"line":24,"column":25},"end":{"line":24,"column":50}},{"start":{"line":24,"column":54},"end":{"line":24,"column":61}}],"line":24},"1":{"loc":{"start":{"line":25,"column":2},"end":{"line":27,"column":3}},"type":"if","locations":[{"start":{"line":25,"column":2},"end":{"line":27,"column":3}},{"start":{},"end":{}}],"line":25},"2":{"loc":{"start":{"line":25,"column":6},"end":{"line":25,"column":90}},"type":"binary-expr","locations":[{"start":{"line":25,"column":6},"end":{"line":25,"column":13}},{"start":{"line":25,"column":17},"end":{"line":25,"column":37}},{"start":{"line":25,"column":41},"end":{"line":25,"column":62}},{"start":{"line":25,"column":66},"end":{"line":25,"column":90}}],"line":25},"3":{"loc":{"start":{"line":28,"column":2},"end":{"line":31,"column":3}},"type":"if","locations":[{"start":{"line":28,"column":2},"end":{"line":31,"column":3}},{"start":{},"end":{}}],"line":28},"4":{"loc":{"start":{"line":28,"column":6},"end":{"line":28,"column":72}},"type":"binary-expr","locations":[{"start":{"line":28,"column":6},"end":{"line":28,"column":13}},{"start":{"line":28,"column":17},"end":{"line":28,"column":28}},{"start":{"line":28,"column":32},"end":{"line":28,"column":72}}],"line":28},"5":{"loc":{"start":{"line":69,"column":18},"end":{"line":69,"column":77}},"type":"binary-expr","locations":[{"start":{"line":69,"column":18},"end":{"line":69,"column":37}},{"start":{"line":69,"column":41},"end":{"line":69,"column":77}}],"line":69},"6":{"loc":{"start":{"line":70,"column":4},"end":{"line":70,"column":52}},"type":"if","locations":[{"start":{"line":70,"column":4},"end":{"line":70,"column":52}},{"start":{},"end":{}}],"line":70},"7":{"loc":{"start":{"line":77,"column":0},"end":{"line":82,"column":1}},"type":"if","locations":[{"start":{"line":77,"column":0},"end":{"line":82,"column":1}},{"start":{"line":80,"column":7},"end":{"line":82,"column":1}}],"line":77},"8":{"loc":{"start":{"line":88,"column":2},"end":{"line":90,"column":3}},"type":"if","locations":[{"start":{"line":88,"column":2},"end":{"line":90,"column":3}},{"start":{},"end":{}}],"line":88},"9":{"loc":{"start":{"line":97,"column":0},"end":{"line":114,"column":1}},"type":"if","locations":[{"start":{"line":97,"column":0},"end":{"line":114,"column":1}},{"start":{},"end":{}}],"line":97},"10":{"loc":{"start":{"line":98,"column":15},"end":{"line":98,"column":39}},"type":"binary-expr","locations":[{"start":{"line":98,"column":15},"end":{"line":98,"column":31}},{"start":{"line":98,"column":35},"end":{"line":98,"column":39}}],"line":98},"11":{"loc":{"start":{"line":107,"column":8},"end":{"line":109,"column":9}},"type":"if","locations":[{"start":{"line":107,"column":8},"end":{"line":109,"column":9}},{"start":{},"end":{}}],"line":107},"12":{"loc":{"start":{"line":107,"column":12},"end":{"line":107,"column":71}},"type":"binary-expr","locations":[{"start":{"line":107,"column":12},"end":{"line":107,"column":31}},{"start":{"line":107,"column":35},"end":{"line":107,"column":71}}],"line":107}},"s":{"0":1,"1":1,"2":1,"3":1,"4":1,"5":1,"6":1,"7":1,"8":1,"9":1,"10":1,"11":1,"12":6,"13":6,"14":1,"15":6,"16":6,"17":6,"18":0,"19":0,"20":6,"21":1,"22":6,"23":6,"24":6,"25":6,"26":6,"27":1,"28":1,"29":1,"30":1,"31":1,"32":1,"33":1,"34":1,"35":1,"36":1,"37":1,"38":1,"39":1,"40":1,"41":1,"42":0,"43":1,"44":0,"45":0,"46":0,"47":0,"48":0,"49":0,"50":0,"51":1,"52":0,"53":0,"54":0,"55":1,"56":0,"57":1,"58":1,"59":1,"60":0,"61":0,"62":1,"63":1,"64":0,"65":0,"66":0,"67":0,"68":0,"69":0,"70":0,"71":0,"72":0,"73":0,"74":0},"f":{"0":6,"1":6,"2":6,"3":0,"4":0,"5":0,"6":0,"7":0,"8":0,"9":0,"10":0},"b":{"0":[6,6],"1":[0,6],"2":[6,0,0,0],"3":[0,6],"4":[6,0,0],"5":[0,0],"6":[0,0],"7":[0,1],"8":[0,0],"9":[0,1],"10":[0,0],"11":[0,0],"12":[0,0]},"_coverageSchema":"1a1c01bbd47fc00a2c39e90264f33305004495a9","hash":"8f7be172250a6c9d1b667da63583ab713c9c00f8"}
,"D:\\Proyectos\\ProyectifyIA\\backend\\config\\db.js": {"path":"D:\\Proyectos\\ProyectifyIA\\backend\\config\\db.js","statementMap":{"0":{"start":{"line":2,"column":17},"end":{"line":2,"column":36}},"1":{"start":{"line":3,"column":12},"end":{"line":3,"column":26}},"2":{"start":{"line":6,"column":2},"end":{"line":6,"column":41}},"3":{"start":{"line":6,"column":12},"end":{"line":6,"column":41}},"4":{"start":{"line":7,"column":2},"end":{"line":13,"column":5}},"5":{"start":{"line":11,"column":4},"end":{"line":11,"column":73}},"6":{"start":{"line":12,"column":4},"end":{"line":12,"column":16}},"7":{"start":{"line":16,"column":18},"end":{"line":41,"column":1}},"8":{"start":{"line":17,"column":18},"end":{"line":17,"column":39}},"9":{"start":{"line":18,"column":19},"end":{"line":18,"column":47}},"10":{"start":{"line":20,"column":2},"end":{"line":20,"column":58}},"11":{"start":{"line":20,"column":8},"end":{"line":20,"column":47}},"12":{"start":{"line":22,"column":2},"end":{"line":32,"column":3}},"13":{"start":{"line":23,"column":4},"end":{"line":23,"column":43}},"14":{"start":{"line":24,"column":4},"end":{"line":24,"column":11}},"15":{"start":{"line":26,"column":4},"end":{"line":26,"column":106}},"16":{"start":{"line":27,"column":23},"end":{"line":27,"column":132}},"17":{"start":{"line":28,"column":4},"end":{"line":31,"column":5}},"18":{"start":{"line":29,"column":6},"end":{"line":29,"column":22}},"19":{"start":{"line":30,"column":6},"end":{"line":30,"column":13}},"20":{"start":{"line":34,"column":2},"end":{"line":40,"column":3}},"21":{"start":{"line":35,"column":4},"end":{"line":35,"column":43}},"22":{"start":{"line":36,"column":4},"end":{"line":36,"column":11}},"23":{"start":{"line":38,"column":4},"end":{"line":38,"column":105}},"24":{"start":{"line":39,"column":4},"end":{"line":39,"column":20}},"25":{"start":{"line":43,"column":0},"end":{"line":43,"column":27}}},"fnMap":{"0":{"name":"tryConnect","decl":{"start":{"line":5,"column":15},"end":{"line":5,"column":25}},"loc":{"start":{"line":5,"column":38},"end":{"line":14,"column":1}},"line":5},"1":{"name":"(anonymous_1)","decl":{"start":{"line":10,"column":10},"end":{"line":10,"column":11}},"loc":{"start":{"line":10,"column":20},"end":{"line":13,"column":3}},"line":10},"2":{"name":"(anonymous_2)","decl":{"start":{"line":16,"column":18},"end":{"line":16,"column":19}},"loc":{"start":{"line":16,"column":30},"end":{"line":41,"column":1}},"line":16}},"branchMap":{"0":{"loc":{"start":{"line":6,"column":2},"end":{"line":6,"column":41}},"type":"if","locations":[{"start":{"line":6,"column":2},"end":{"line":6,"column":41}},{"start":{},"end":{}}],"line":6},"1":{"loc":{"start":{"line":26,"column":52},"end":{"line":26,"column":84}},"type":"binary-expr","locations":[{"start":{"line":26,"column":52},"end":{"line":26,"column":63}},{"start":{"line":26,"column":67},"end":{"line":26,"column":78}},{"start":{"line":26,"column":82},"end":{"line":26,"column":84}}],"line":26},"2":{"loc":{"start":{"line":27,"column":23},"end":{"line":27,"column":132}},"type":"binary-expr","locations":[{"start":{"line":27,"column":23},"end":{"line":27,"column":88}},{"start":{"line":27,"column":92},"end":{"line":27,"column":132}}],"line":27},"3":{"loc":{"start":{"line":28,"column":4},"end":{"line":31,"column":5}},"type":"if","locations":[{"start":{"line":28,"column":4},"end":{"line":31,"column":5}},{"start":{},"end":{}}],"line":28},"4":{"loc":{"start":{"line":28,"column":8},"end":{"line":28,"column":32}},"type":"binary-expr","locations":[{"start":{"line":28,"column":8},"end":{"line":28,"column":17}},{"start":{"line":28,"column":21},"end":{"line":28,"column":32}}],"line":28},"5":{"loc":{"start":{"line":38,"column":51},"end":{"line":38,"column":83}},"type":"binary-expr","locations":[{"start":{"line":38,"column":51},"end":{"line":38,"column":62}},{"start":{"line":38,"column":66},"end":{"line":38,"column":77}},{"start":{"line":38,"column":81},"end":{"line":38,"column":83}}],"line":38}},"s":{"0":2,"1":2,"2":1,"3":0,"4":1,"5":1,"6":1,"7":2,"8":1,"9":1,"10":1,"11":1,"12":1,"13":1,"14":1,"15":0,"16":0,"17":0,"18":0,"19":0,"20":0,"21":0,"22":0,"23":0,"24":0,"25":2},"f":{"0":1,"1":1,"2":1},"b":{"0":[0,1],"1":[0,0,0],"2":[0,0],"3":[0,0],"4":[0,0],"5":[0,0,0]},"_coverageSchema":"1a1c01bbd47fc00a2c39e90264f33305004495a9","hash":"f1028821d57f782c1c18448e463629bb210ddc87"}
,"D:\\Proyectos\\ProyectifyIA\\backend\\config\\email.js": {"path":"D:\\Proyectos\\ProyectifyIA\\backend\\config\\email.js","statementMap":{"0":{"start":{"line":2,"column":19},"end":{"line":2,"column":40}},"1":{"start":{"line":3,"column":14},"end":{"line":3,"column":30}},"2":{"start":{"line":6,"column":15},"end":{"line":6,"column":36}},"3":{"start":{"line":7,"column":15},"end":{"line":7,"column":57}},"4":{"start":{"line":8,"column":15},"end":{"line":8,"column":36}},"5":{"start":{"line":9,"column":15},"end":{"line":9,"column":36}},"6":{"start":{"line":10,"column":17},"end":{"line":10,"column":84}},"7":{"start":{"line":12,"column":2},"end":{"line":14,"column":3}},"8":{"start":{"line":13,"column":4},"end":{"line":13,"column":84}},"9":{"start":{"line":17,"column":2},"end":{"line":17,"column":61}},"10":{"start":{"line":21,"column":19},"end":{"line":21,"column":101}},"11":{"start":{"line":24,"column":20},"end":{"line":24,"column":46}},"12":{"start":{"line":25,"column":2},"end":{"line":59,"column":3}},"13":{"start":{"line":26,"column":4},"end":{"line":58,"column":5}},"14":{"start":{"line":27,"column":19},"end":{"line":34,"column":7}},"15":{"start":{"line":35,"column":19},"end":{"line":42,"column":8}},"16":{"start":{"line":43,"column":6},"end":{"line":43,"column":76}},"17":{"start":{"line":45,"column":21},"end":{"line":45,"column":42}},"18":{"start":{"line":46,"column":19},"end":{"line":46,"column":38}},"19":{"start":{"line":47,"column":6},"end":{"line":47,"column":51}},"20":{"start":{"line":48,"column":19},"end":{"line":48,"column":56}},"21":{"start":{"line":49,"column":6},"end":{"line":53,"column":7}},"22":{"start":{"line":50,"column":8},"end":{"line":50,"column":115}},"23":{"start":{"line":51,"column":13},"end":{"line":53,"column":7}},"24":{"start":{"line":52,"column":8},"end":{"line":52,"column":54}},"25":{"start":{"line":54,"column":16},"end":{"line":54,"column":38}},"26":{"start":{"line":55,"column":6},"end":{"line":55,"column":35}},"27":{"start":{"line":56,"column":6},"end":{"line":56,"column":23}},"28":{"start":{"line":57,"column":6},"end":{"line":57,"column":14}},"29":{"start":{"line":62,"column":22},"end":{"line":62,"column":39}},"30":{"start":{"line":63,"column":15},"end":{"line":63,"column":86}},"31":{"start":{"line":64,"column":2},"end":{"line":66,"column":3}},"32":{"start":{"line":65,"column":4},"end":{"line":65,"column":72}},"33":{"start":{"line":67,"column":2},"end":{"line":67,"column":14}},"34":{"start":{"line":70,"column":0},"end":{"line":70,"column":30}}},"fnMap":{"0":{"name":"createTransport","decl":{"start":{"line":5,"column":9},"end":{"line":5,"column":24}},"loc":{"start":{"line":5,"column":27},"end":{"line":18,"column":1}},"line":5},"1":{"name":"sendMail","decl":{"start":{"line":20,"column":15},"end":{"line":20,"column":23}},"loc":{"start":{"line":20,"column":68},"end":{"line":68,"column":1}},"line":20}},"branchMap":{"0":{"loc":{"start":{"line":7,"column":24},"end":{"line":7,"column":52}},"type":"binary-expr","locations":[{"start":{"line":7,"column":24},"end":{"line":7,"column":45}},{"start":{"line":7,"column":49},"end":{"line":7,"column":52}}],"line":7},"1":{"loc":{"start":{"line":10,"column":24},"end":{"line":10,"column":58}},"type":"binary-expr","locations":[{"start":{"line":10,"column":24},"end":{"line":10,"column":47}},{"start":{"line":10,"column":51},"end":{"line":10,"column":58}}],"line":10},"2":{"loc":{"start":{"line":12,"column":2},"end":{"line":14,"column":3}},"type":"if","locations":[{"start":{"line":12,"column":2},"end":{"line":14,"column":3}},{"start":{},"end":{}}],"line":12},"3":{"loc":{"start":{"line":12,"column":6},"end":{"line":12,"column":34}},"type":"binary-expr","locations":[{"start":{"line":12,"column":6},"end":{"line":12,"column":10}},{"start":{"line":12,"column":14},"end":{"line":12,"column":18}},{"start":{"line":12,"column":22},"end":{"line":12,"column":26}},{"start":{"line":12,"column":30},"end":{"line":12,"column":34}}],"line":12},"4":{"loc":{"start":{"line":21,"column":19},"end":{"line":21,"column":101}},"type":"binary-expr","locations":[{"start":{"line":21,"column":19},"end":{"line":21,"column":23}},{"start":{"line":21,"column":27},"end":{"line":21,"column":50}},{"start":{"line":21,"column":54},"end":{"line":21,"column":75}},{"start":{"line":21,"column":79},"end":{"line":21,"column":101}}],"line":21},"5":{"loc":{"start":{"line":25,"column":2},"end":{"line":59,"column":3}},"type":"if","locations":[{"start":{"line":25,"column":2},"end":{"line":59,"column":3}},{"start":{},"end":{}}],"line":25},"6":{"loc":{"start":{"line":29,"column":12},"end":{"line":29,"column":41}},"type":"cond-expr","locations":[{"start":{"line":29,"column":32},"end":{"line":29,"column":34}},{"start":{"line":29,"column":37},"end":{"line":29,"column":41}}],"line":29},"7":{"loc":{"start":{"line":49,"column":6},"end":{"line":53,"column":7}},"type":"if","locations":[{"start":{"line":49,"column":6},"end":{"line":53,"column":7}},{"start":{"line":51,"column":13},"end":{"line":53,"column":7}}],"line":49},"8":{"loc":{"start":{"line":51,"column":13},"end":{"line":53,"column":7}},"type":"if","locations":[{"start":{"line":51,"column":13},"end":{"line":53,"column":7}},{"start":{},"end":{}}],"line":51},"9":{"loc":{"start":{"line":55,"column":21},"end":{"line":55,"column":34}},"type":"binary-expr","locations":[{"start":{"line":55,"column":21},"end":{"line":55,"column":27}},{"start":{"line":55,"column":31},"end":{"line":55,"column":34}}],"line":55},"10":{"loc":{"start":{"line":64,"column":2},"end":{"line":66,"column":3}},"type":"if","locations":[{"start":{"line":64,"column":2},"end":{"line":66,"column":3}},{"start":{},"end":{}}],"line":64},"11":{"loc":{"start":{"line":64,"column":6},"end":{"line":64,"column":80}},"type":"binary-expr","locations":[{"start":{"line":64,"column":6},"end":{"line":64,"column":39}},{"start":{"line":64,"column":43},"end":{"line":64,"column":80}}],"line":64},"12":{"loc":{"start":{"line":65,"column":40},"end":{"line":65,"column":60}},"type":"binary-expr","locations":[{"start":{"line":65,"column":40},"end":{"line":65,"column":52}},{"start":{"line":65,"column":56},"end":{"line":65,"column":60}}],"line":65}},"s":{"0":10,"1":10,"2":1,"3":1,"4":1,"5":1,"6":1,"7":1,"8":0,"9":1,"10":3,"11":3,"12":3,"13":2,"14":2,"15":2,"16":1,"17":1,"18":1,"19":1,"20":1,"21":1,"22":1,"23":0,"24":0,"25":1,"26":1,"27":1,"28":1,"29":1,"30":1,"31":1,"32":1,"33":1,"34":10},"f":{"0":1,"1":3},"b":{"0":[1,1],"1":[1,1],"2":[0,1],"3":[1,0,0,0],"4":[3,3,3,3],"5":[2,1],"6":[0,2],"7":[1,0],"8":[0,0],"9":[1,0],"10":[1,0],"11":[1,0],"12":[1,0]},"_coverageSchema":"1a1c01bbd47fc00a2c39e90264f33305004495a9","hash":"86e1f419d2a678308816990dc00451754ae32b98"}
,"D:\\Proyectos\\ProyectifyIA\\backend\\controllers\\adminUserController.js": {"path":"D:\\Proyectos\\ProyectifyIA\\backend\\controllers\\adminUserController.js","statementMap":{"0":{"start":{"line":2,"column":21},"end":{"line":2,"column":53}},"1":{"start":{"line":3,"column":15},"end":{"line":3,"column":34}},"2":{"start":{"line":4,"column":13},"end":{"line":4,"column":43}},"3":{"start":{"line":5,"column":16},"end":{"line":5,"column":49}},"4":{"start":{"line":6,"column":13},"end":{"line":6,"column":43}},"5":{"start":{"line":7,"column":20},"end":{"line":7,"column":57}},"6":{"start":{"line":8,"column":17},"end":{"line":8,"column":51}},"7":{"start":{"line":10,"column":21},"end":{"line":10,"column":91}},"8":{"start":{"line":13,"column":18},"end":{"line":16,"column":2}},"9":{"start":{"line":14,"column":16},"end":{"line":14,"column":72}},"10":{"start":{"line":15,"column":2},"end":{"line":15,"column":18}},"11":{"start":{"line":19,"column":20},"end":{"line":26,"column":2}},"12":{"start":{"line":20,"column":15},"end":{"line":20,"column":69}},"13":{"start":{"line":21,"column":2},"end":{"line":24,"column":3}},"14":{"start":{"line":22,"column":4},"end":{"line":22,"column":20}},"15":{"start":{"line":23,"column":4},"end":{"line":23,"column":45}},"16":{"start":{"line":25,"column":2},"end":{"line":25,"column":17}},"17":{"start":{"line":29,"column":19},"end":{"line":58,"column":2}},"18":{"start":{"line":30,"column":51},"end":{"line":30,"column":59}},"19":{"start":{"line":31,"column":2},"end":{"line":34,"column":3}},"20":{"start":{"line":32,"column":4},"end":{"line":32,"column":20}},"21":{"start":{"line":33,"column":4},"end":{"line":33,"column":67}},"22":{"start":{"line":36,"column":2},"end":{"line":39,"column":3}},"23":{"start":{"line":37,"column":4},"end":{"line":37,"column":20}},"24":{"start":{"line":38,"column":4},"end":{"line":38,"column":37}},"25":{"start":{"line":41,"column":2},"end":{"line":44,"column":3}},"26":{"start":{"line":42,"column":4},"end":{"line":42,"column":20}},"27":{"start":{"line":43,"column":4},"end":{"line":43,"column":70}},"28":{"start":{"line":46,"column":17},"end":{"line":46,"column":46}},"29":{"start":{"line":47,"column":2},"end":{"line":50,"column":3}},"30":{"start":{"line":48,"column":4},"end":{"line":48,"column":20}},"31":{"start":{"line":49,"column":4},"end":{"line":49,"column":51}},"32":{"start":{"line":52,"column":17},"end":{"line":52,"column":64}},"33":{"start":{"line":53,"column":15},"end":{"line":53,"column":74}},"34":{"start":{"line":54,"column":25},"end":{"line":54,"column":58}},"35":{"start":{"line":56,"column":15},"end":{"line":56,"column":81}},"36":{"start":{"line":57,"column":2},"end":{"line":57,"column":94}},"37":{"start":{"line":61,"column":19},"end":{"line":118,"column":2}},"38":{"start":{"line":62,"column":42},"end":{"line":62,"column":50}},"39":{"start":{"line":64,"column":15},"end":{"line":64,"column":49}},"40":{"start":{"line":65,"column":2},"end":{"line":68,"column":3}},"41":{"start":{"line":66,"column":4},"end":{"line":66,"column":20}},"42":{"start":{"line":67,"column":4},"end":{"line":67,"column":45}},"43":{"start":{"line":70,"column":2},"end":{"line":77,"column":3}},"44":{"start":{"line":71,"column":23},"end":{"line":71,"column":52}},"45":{"start":{"line":72,"column":4},"end":{"line":75,"column":5}},"46":{"start":{"line":73,"column":6},"end":{"line":73,"column":22}},"47":{"start":{"line":74,"column":6},"end":{"line":74,"column":49}},"48":{"start":{"line":76,"column":4},"end":{"line":76,"column":23}},"49":{"start":{"line":79,"column":19},"end":{"line":79,"column":28}},"50":{"start":{"line":81,"column":2},"end":{"line":84,"column":3}},"51":{"start":{"line":82,"column":4},"end":{"line":82,"column":20}},"52":{"start":{"line":83,"column":4},"end":{"line":83,"column":53}},"53":{"start":{"line":85,"column":2},"end":{"line":85,"column":29}},"54":{"start":{"line":85,"column":12},"end":{"line":85,"column":29}},"55":{"start":{"line":86,"column":2},"end":{"line":96,"column":3}},"56":{"start":{"line":87,"column":4},"end":{"line":90,"column":5}},"57":{"start":{"line":88,"column":6},"end":{"line":88,"column":22}},"58":{"start":{"line":89,"column":6},"end":{"line":89,"column":39}},"59":{"start":{"line":91,"column":4},"end":{"line":94,"column":5}},"60":{"start":{"line":92,"column":6},"end":{"line":92,"column":22}},"61":{"start":{"line":93,"column":6},"end":{"line":93,"column":76}},"62":{"start":{"line":95,"column":4},"end":{"line":95,"column":21}},"63":{"start":{"line":98,"column":2},"end":{"line":102,"column":3}},"64":{"start":{"line":99,"column":19},"end":{"line":99,"column":66}},"65":{"start":{"line":100,"column":17},"end":{"line":100,"column":76}},"66":{"start":{"line":101,"column":4},"end":{"line":101,"column":54}},"67":{"start":{"line":104,"column":2},"end":{"line":104,"column":20}},"68":{"start":{"line":106,"column":2},"end":{"line":115,"column":3}},"69":{"start":{"line":107,"column":4},"end":{"line":114,"column":7}},"70":{"start":{"line":117,"column":2},"end":{"line":117,"column":82}},"71":{"start":{"line":121,"column":19},"end":{"line":142,"column":2}},"72":{"start":{"line":122,"column":17},"end":{"line":122,"column":30}},"73":{"start":{"line":124,"column":17},"end":{"line":124,"column":44}},"74":{"start":{"line":125,"column":2},"end":{"line":128,"column":3}},"75":{"start":{"line":126,"column":4},"end":{"line":126,"column":20}},"76":{"start":{"line":127,"column":4},"end":{"line":127,"column":45}},"77":{"start":{"line":129,"column":2},"end":{"line":132,"column":3}},"78":{"start":{"line":130,"column":4},"end":{"line":130,"column":20}},"79":{"start":{"line":131,"column":4},"end":{"line":131,"column":59}},"80":{"start":{"line":134,"column":2},"end":{"line":138,"column":5}},"81":{"start":{"line":140,"column":2},"end":{"line":140,"column":40}},"82":{"start":{"line":141,"column":2},"end":{"line":141,"column":25}},"83":{"start":{"line":144,"column":0},"end":{"line":150,"column":2}}},"fnMap":{"0":{"name":"(anonymous_0)","decl":{"start":{"line":13,"column":31},"end":{"line":13,"column":32}},"loc":{"start":{"line":13,"column":51},"end":{"line":16,"column":1}},"line":13},"1":{"name":"(anonymous_1)","decl":{"start":{"line":19,"column":33},"end":{"line":19,"column":34}},"loc":{"start":{"line":19,"column":53},"end":{"line":26,"column":1}},"line":19},"2":{"name":"(anonymous_2)","decl":{"start":{"line":29,"column":32},"end":{"line":29,"column":33}},"loc":{"start":{"line":29,"column":52},"end":{"line":58,"column":1}},"line":29},"3":{"name":"(anonymous_3)","decl":{"start":{"line":61,"column":32},"end":{"line":61,"column":33}},"loc":{"start":{"line":61,"column":52},"end":{"line":118,"column":1}},"line":61},"4":{"name":"(anonymous_4)","decl":{"start":{"line":121,"column":32},"end":{"line":121,"column":33}},"loc":{"start":{"line":121,"column":52},"end":{"line":142,"column":1}},"line":121}},"branchMap":{"0":{"loc":{"start":{"line":21,"column":2},"end":{"line":24,"column":3}},"type":"if","locations":[{"start":{"line":21,"column":2},"end":{"line":24,"column":3}},{"start":{},"end":{}}],"line":21},"1":{"loc":{"start":{"line":30,"column":33},"end":{"line":30,"column":46}},"type":"default-arg","locations":[{"start":{"line":30,"column":40},"end":{"line":30,"column":46}}],"line":30},"2":{"loc":{"start":{"line":31,"column":2},"end":{"line":34,"column":3}},"type":"if","locations":[{"start":{"line":31,"column":2},"end":{"line":34,"column":3}},{"start":{},"end":{}}],"line":31},"3":{"loc":{"start":{"line":31,"column":6},"end":{"line":31,"column":34}},"type":"binary-expr","locations":[{"start":{"line":31,"column":6},"end":{"line":31,"column":11}},{"start":{"line":31,"column":15},"end":{"line":31,"column":21}},{"start":{"line":31,"column":25},"end":{"line":31,"column":34}}],"line":31},"4":{"loc":{"start":{"line":36,"column":2},"end":{"line":39,"column":3}},"type":"if","locations":[{"start":{"line":36,"column":2},"end":{"line":39,"column":3}},{"start":{},"end":{}}],"line":36},"5":{"loc":{"start":{"line":36,"column":6},"end":{"line":36,"column":37}},"type":"binary-expr","locations":[{"start":{"line":36,"column":6},"end":{"line":36,"column":10}},{"start":{"line":36,"column":14},"end":{"line":36,"column":37}}],"line":36},"6":{"loc":{"start":{"line":41,"column":2},"end":{"line":44,"column":3}},"type":"if","locations":[{"start":{"line":41,"column":2},"end":{"line":44,"column":3}},{"start":{},"end":{}}],"line":41},"7":{"loc":{"start":{"line":41,"column":6},"end":{"line":41,"column":62}},"type":"binary-expr","locations":[{"start":{"line":41,"column":6},"end":{"line":41,"column":27}},{"start":{"line":41,"column":31},"end":{"line":41,"column":62}}],"line":41},"8":{"loc":{"start":{"line":47,"column":2},"end":{"line":50,"column":3}},"type":"if","locations":[{"start":{"line":47,"column":2},"end":{"line":50,"column":3}},{"start":{},"end":{}}],"line":47},"9":{"loc":{"start":{"line":52,"column":26},"end":{"line":52,"column":59}},"type":"binary-expr","locations":[{"start":{"line":52,"column":26},"end":{"line":52,"column":51}},{"start":{"line":52,"column":55},"end":{"line":52,"column":59}}],"line":52},"10":{"loc":{"start":{"line":53,"column":36},"end":{"line":53,"column":73}},"type":"cond-expr","locations":[{"start":{"line":53,"column":62},"end":{"line":53,"column":68}},{"start":{"line":53,"column":71},"end":{"line":53,"column":73}}],"line":53},"11":{"loc":{"start":{"line":65,"column":2},"end":{"line":68,"column":3}},"type":"if","locations":[{"start":{"line":65,"column":2},"end":{"line":68,"column":3}},{"start":{},"end":{}}],"line":65},"12":{"loc":{"start":{"line":70,"column":2},"end":{"line":77,"column":3}},"type":"if","locations":[{"start":{"line":70,"column":2},"end":{"line":77,"column":3}},{"start":{},"end":{}}],"line":70},"13":{"loc":{"start":{"line":70,"column":6},"end":{"line":70,"column":35}},"type":"binary-expr","locations":[{"start":{"line":70,"column":6},"end":{"line":70,"column":11}},{"start":{"line":70,"column":15},"end":{"line":70,"column":35}}],"line":70},"14":{"loc":{"start":{"line":72,"column":4},"end":{"line":75,"column":5}},"type":"if","locations":[{"start":{"line":72,"column":4},"end":{"line":75,"column":5}},{"start":{},"end":{}}],"line":72},"15":{"loc":{"start":{"line":81,"column":2},"end":{"line":84,"column":3}},"type":"if","locations":[{"start":{"line":81,"column":2},"end":{"line":84,"column":3}},{"start":{},"end":{}}],"line":81},"16":{"loc":{"start":{"line":81,"column":6},"end":{"line":81,"column":66}},"type":"binary-expr","locations":[{"start":{"line":81,"column":6},"end":{"line":81,"column":31}},{"start":{"line":81,"column":35},"end":{"line":81,"column":66}}],"line":81},"17":{"loc":{"start":{"line":85,"column":2},"end":{"line":85,"column":29}},"type":"if","locations":[{"start":{"line":85,"column":2},"end":{"line":85,"column":29}},{"start":{},"end":{}}],"line":85},"18":{"loc":{"start":{"line":86,"column":2},"end":{"line":96,"column":3}},"type":"if","locations":[{"start":{"line":86,"column":2},"end":{"line":96,"column":3}},{"start":{},"end":{}}],"line":86},"19":{"loc":{"start":{"line":87,"column":4},"end":{"line":90,"column":5}},"type":"if","locations":[{"start":{"line":87,"column":4},"end":{"line":90,"column":5}},{"start":{},"end":{}}],"line":87},"20":{"loc":{"start":{"line":91,"column":4},"end":{"line":94,"column":5}},"type":"if","locations":[{"start":{"line":91,"column":4},"end":{"line":94,"column":5}},{"start":{},"end":{}}],"line":91},"21":{"loc":{"start":{"line":91,"column":8},"end":{"line":91,"column":64}},"type":"binary-expr","locations":[{"start":{"line":91,"column":8},"end":{"line":91,"column":29}},{"start":{"line":91,"column":33},"end":{"line":91,"column":64}}],"line":91},"22":{"loc":{"start":{"line":98,"column":2},"end":{"line":102,"column":3}},"type":"if","locations":[{"start":{"line":98,"column":2},"end":{"line":102,"column":3}},{"start":{},"end":{}}],"line":98},"23":{"loc":{"start":{"line":99,"column":28},"end":{"line":99,"column":61}},"type":"binary-expr","locations":[{"start":{"line":99,"column":28},"end":{"line":99,"column":53}},{"start":{"line":99,"column":57},"end":{"line":99,"column":61}}],"line":99},"24":{"loc":{"start":{"line":100,"column":38},"end":{"line":100,"column":75}},"type":"cond-expr","locations":[{"start":{"line":100,"column":64},"end":{"line":100,"column":70}},{"start":{"line":100,"column":73},"end":{"line":100,"column":75}}],"line":100},"25":{"loc":{"start":{"line":106,"column":2},"end":{"line":115,"column":3}},"type":"if","locations":[{"start":{"line":106,"column":2},"end":{"line":115,"column":3}},{"start":{},"end":{}}],"line":106},"26":{"loc":{"start":{"line":106,"column":6},"end":{"line":106,"column":51}},"type":"binary-expr","locations":[{"start":{"line":106,"column":6},"end":{"line":106,"column":30}},{"start":{"line":106,"column":34},"end":{"line":106,"column":51}}],"line":106},"27":{"loc":{"start":{"line":125,"column":2},"end":{"line":128,"column":3}},"type":"if","locations":[{"start":{"line":125,"column":2},"end":{"line":128,"column":3}},{"start":{},"end":{}}],"line":125},"28":{"loc":{"start":{"line":129,"column":2},"end":{"line":132,"column":3}},"type":"if","locations":[{"start":{"line":129,"column":2},"end":{"line":132,"column":3}},{"start":{},"end":{}}],"line":129},"29":{"loc":{"start":{"line":129,"column":6},"end":{"line":129,"column":69}},"type":"binary-expr","locations":[{"start":{"line":129,"column":6},"end":{"line":129,"column":34}},{"start":{"line":129,"column":38},"end":{"line":129,"column":69}}],"line":129}},"s":{"0":3,"1":3,"2":3,"3":3,"4":3,"5":3,"6":3,"7":3,"8":3,"9":1,"10":1,"11":3,"12":2,"13":2,"14":1,"15":1,"16":1,"17":3,"18":5,"19":5,"20":1,"21":1,"22":4,"23":1,"24":1,"25":3,"26":1,"27":1,"28":2,"29":2,"30":1,"31":1,"32":1,"33":1,"34":1,"35":1,"36":1,"37":3,"38":4,"39":4,"40":4,"41":1,"42":1,"43":3,"44":1,"45":1,"46":1,"47":1,"48":0,"49":2,"50":2,"51":1,"52":1,"53":1,"54":0,"55":1,"56":1,"57":0,"58":0,"59":1,"60":0,"61":0,"62":1,"63":1,"64":1,"65":1,"66":1,"67":1,"68":1,"69":1,"70":1,"71":3,"72":3,"73":3,"74":3,"75":1,"76":1,"77":2,"78":1,"79":1,"80":1,"81":1,"82":1,"83":3},"f":{"0":1,"1":2,"2":5,"3":4,"4":3},"b":{"0":[1,1],"1":[3],"2":[1,4],"3":[5,5,5],"4":[1,3],"5":[4,4],"6":[1,2],"7":[3,1],"8":[1,1],"9":[1,1],"10":[1,0],"11":[1,3],"12":[1,2],"13":[3,1],"14":[1,0],"15":[1,1],"16":[2,1],"17":[0,1],"18":[1,0],"19":[0,1],"20":[0,1],"21":[1,0],"22":[1,0],"23":[1,1],"24":[1,0],"25":[1,0],"26":[1,1],"27":[1,2],"28":[1,1],"29":[2,1]},"_coverageSchema":"1a1c01bbd47fc00a2c39e90264f33305004495a9","hash":"de512e3ef83afe96f4971a4e934906f1c39c085e"}
,"D:\\Proyectos\\ProyectifyIA\\backend\\controllers\\aiController.js": {"path":"D:\\Proyectos\\ProyectifyIA\\backend\\controllers\\aiController.js","statementMap":{"0":{"start":{"line":4,"column":24},"end":{"line":4,"column":48}},"1":{"start":{"line":5,"column":14},"end":{"line":5,"column":30}},"2":{"start":{"line":6,"column":20},"end":{"line":6,"column":57}},"3":{"start":{"line":8,"column":11},"end":{"line":10,"column":2}},"4":{"start":{"line":12,"column":18},"end":{"line":15,"column":1}},"5":{"start":{"line":13,"column":2},"end":{"line":13,"column":85}},"6":{"start":{"line":13,"column":26},"end":{"line":13,"column":85}},"7":{"start":{"line":14,"column":2},"end":{"line":14,"column":61}},"8":{"start":{"line":17,"column":25},"end":{"line":22,"column":2}},"9":{"start":{"line":17,"column":35},"end":{"line":22,"column":1}},"10":{"start":{"line":24,"column":18},"end":{"line":39,"column":1}},"11":{"start":{"line":26,"column":2},"end":{"line":37,"column":3}},"12":{"start":{"line":26,"column":15},"end":{"line":26,"column":16}},"13":{"start":{"line":27,"column":4},"end":{"line":36,"column":5}},"14":{"start":{"line":27,"column":10},"end":{"line":27,"column":28}},"15":{"start":{"line":29,"column":6},"end":{"line":29,"column":20}},"16":{"start":{"line":30,"column":21},"end":{"line":30,"column":45}},"17":{"start":{"line":31,"column":6},"end":{"line":34,"column":7}},"18":{"start":{"line":32,"column":8},"end":{"line":32,"column":69}},"19":{"start":{"line":32,"column":31},"end":{"line":32,"column":67}},"20":{"start":{"line":33,"column":8},"end":{"line":33,"column":17}},"21":{"start":{"line":35,"column":6},"end":{"line":35,"column":12}},"22":{"start":{"line":38,"column":2},"end":{"line":38,"column":16}},"23":{"start":{"line":42,"column":20},"end":{"line":50,"column":1}},"24":{"start":{"line":43,"column":2},"end":{"line":43,"column":23}},"25":{"start":{"line":43,"column":13},"end":{"line":43,"column":23}},"26":{"start":{"line":44,"column":2},"end":{"line":44,"column":74}},"27":{"start":{"line":44,"column":57},"end":{"line":44,"column":74}},"28":{"start":{"line":46,"column":16},"end":{"line":46,"column":69}},"29":{"start":{"line":47,"column":16},"end":{"line":47,"column":61}},"30":{"start":{"line":47,"column":36},"end":{"line":47,"column":59}},"31":{"start":{"line":48,"column":16},"end":{"line":48,"column":55}},"32":{"start":{"line":48,"column":31},"end":{"line":48,"column":38}},"33":{"start":{"line":49,"column":2},"end":{"line":49,"column":33}},"34":{"start":{"line":56,"column":22},"end":{"line":97,"column":1}},"35":{"start":{"line":57,"column":2},"end":{"line":96,"column":3}},"36":{"start":{"line":58,"column":29},"end":{"line":58,"column":43}},"37":{"start":{"line":59,"column":4},"end":{"line":61,"column":5}},"38":{"start":{"line":60,"column":6},"end":{"line":60,"column":65}},"39":{"start":{"line":63,"column":18},"end":{"line":63,"column":35}},"40":{"start":{"line":65,"column":6},"end":{"line":66,"column":118}},"41":{"start":{"line":68,"column":17},"end":{"line":75,"column":6}},"42":{"start":{"line":68,"column":23},"end":{"line":75,"column":6}},"43":{"start":{"line":77,"column":22},"end":{"line":77,"column":64}},"44":{"start":{"line":78,"column":17},"end":{"line":81,"column":6}},"45":{"start":{"line":80,"column":33},"end":{"line":80,"column":90}},"46":{"start":{"line":80,"column":50},"end":{"line":80,"column":78}},"47":{"start":{"line":82,"column":20},"end":{"line":82,"column":37}},"48":{"start":{"line":84,"column":4},"end":{"line":86,"column":50}},"49":{"start":{"line":85,"column":6},"end":{"line":85,"column":100}},"50":{"start":{"line":87,"column":4},"end":{"line":87,"column":40}},"51":{"start":{"line":89,"column":4},"end":{"line":89,"column":72}},"52":{"start":{"line":90,"column":17},"end":{"line":90,"column":55}},"53":{"start":{"line":91,"column":4},"end":{"line":91,"column":21}},"54":{"start":{"line":92,"column":4},"end":{"line":95,"column":7}},"55":{"start":{"line":103,"column":19},"end":{"line":142,"column":1}},"56":{"start":{"line":104,"column":2},"end":{"line":141,"column":3}},"57":{"start":{"line":105,"column":38},"end":{"line":105,"column":52}},"58":{"start":{"line":106,"column":4},"end":{"line":108,"column":5}},"59":{"start":{"line":107,"column":6},"end":{"line":107,"column":68}},"60":{"start":{"line":110,"column":18},"end":{"line":110,"column":35}},"61":{"start":{"line":111,"column":26},"end":{"line":116,"column":10}},"62":{"start":{"line":112,"column":26},"end":{"line":115,"column":9}},"63":{"start":{"line":118,"column":17},"end":{"line":125,"column":6}},"64":{"start":{"line":118,"column":23},"end":{"line":125,"column":6}},"65":{"start":{"line":126,"column":22},"end":{"line":126,"column":64}},"66":{"start":{"line":127,"column":17},"end":{"line":130,"column":6}},"67":{"start":{"line":129,"column":33},"end":{"line":129,"column":90}},"68":{"start":{"line":129,"column":50},"end":{"line":129,"column":78}},"69":{"start":{"line":131,"column":17},"end":{"line":131,"column":34}},"70":{"start":{"line":132,"column":4},"end":{"line":132,"column":37}},"71":{"start":{"line":134,"column":4},"end":{"line":134,"column":63}},"72":{"start":{"line":135,"column":17},"end":{"line":135,"column":55}},"73":{"start":{"line":136,"column":4},"end":{"line":136,"column":21}},"74":{"start":{"line":137,"column":4},"end":{"line":140,"column":7}},"75":{"start":{"line":150,"column":24},"end":{"line":227,"column":1}},"76":{"start":{"line":151,"column":2},"end":{"line":226,"column":3}},"77":{"start":{"line":152,"column":45},"end":{"line":152,"column":59}},"78":{"start":{"line":153,"column":4},"end":{"line":155,"column":5}},"79":{"start":{"line":154,"column":6},"end":{"line":154,"column":66}},"80":{"start":{"line":156,"column":19},"end":{"line":156,"column":46}},"81":{"start":{"line":157,"column":4},"end":{"line":159,"column":5}},"82":{"start":{"line":158,"column":6},"end":{"line":158,"column":86}},"83":{"start":{"line":162,"column":4},"end":{"line":168,"column":5}},"84":{"start":{"line":163,"column":16},"end":{"line":163,"column":28}},"85":{"start":{"line":164,"column":6},"end":{"line":167,"column":7}},"86":{"start":{"line":165,"column":20},"end":{"line":165,"column":44}},"87":{"start":{"line":166,"column":8},"end":{"line":166,"column":31}},"88":{"start":{"line":170,"column":19},"end":{"line":170,"column":74}},"89":{"start":{"line":171,"column":4},"end":{"line":171,"column":71}},"90":{"start":{"line":171,"column":38},"end":{"line":171,"column":71}},"91":{"start":{"line":173,"column":21},"end":{"line":173,"column":98}},"92":{"start":{"line":175,"column":4},"end":{"line":178,"column":5}},"93":{"start":{"line":176,"column":6},"end":{"line":176,"column":50}},"94":{"start":{"line":177,"column":6},"end":{"line":177,"column":73}},"95":{"start":{"line":180,"column":18},"end":{"line":180,"column":82}},"96":{"start":{"line":181,"column":4},"end":{"line":183,"column":5}},"97":{"start":{"line":182,"column":6},"end":{"line":182,"column":39}},"98":{"start":{"line":185,"column":19},"end":{"line":216,"column":6}},"99":{"start":{"line":186,"column":20},"end":{"line":186,"column":34}},"100":{"start":{"line":187,"column":19},"end":{"line":187,"column":32}},"101":{"start":{"line":188,"column":22},"end":{"line":188,"column":70}},"102":{"start":{"line":189,"column":25},"end":{"line":189,"column":94}},"103":{"start":{"line":189,"column":64},"end":{"line":189,"column":71}},"104":{"start":{"line":190,"column":22},"end":{"line":190,"column":43}},"105":{"start":{"line":192,"column":22},"end":{"line":192,"column":26}},"106":{"start":{"line":193,"column":22},"end":{"line":193,"column":56}},"107":{"start":{"line":194,"column":16},"end":{"line":194,"column":43}},"108":{"start":{"line":195,"column":6},"end":{"line":195,"column":30}},"109":{"start":{"line":195,"column":13},"end":{"line":195,"column":30}},"110":{"start":{"line":198,"column":19},"end":{"line":198,"column":23}},"111":{"start":{"line":199,"column":24},"end":{"line":199,"column":71}},"112":{"start":{"line":200,"column":21},"end":{"line":200,"column":97}},"113":{"start":{"line":200,"column":41},"end":{"line":200,"column":96}},"114":{"start":{"line":201,"column":6},"end":{"line":201,"column":45}},"115":{"start":{"line":201,"column":24},"end":{"line":201,"column":45}},"116":{"start":{"line":204,"column":23},"end":{"line":204,"column":80}},"117":{"start":{"line":207,"column":6},"end":{"line":215,"column":8}},"118":{"start":{"line":218,"column":4},"end":{"line":218,"column":41}},"119":{"start":{"line":220,"column":4},"end":{"line":220,"column":75}},"120":{"start":{"line":221,"column":19},"end":{"line":221,"column":40}},"121":{"start":{"line":222,"column":17},"end":{"line":222,"column":70}},"122":{"start":{"line":223,"column":4},"end":{"line":225,"column":7}},"123":{"start":{"line":229,"column":0},"end":{"line":233,"column":2}}},"fnMap":{"0":{"name":"(anonymous_0)","decl":{"start":{"line":12,"column":18},"end":{"line":12,"column":19}},"loc":{"start":{"line":12,"column":40},"end":{"line":15,"column":1}},"line":12},"1":{"name":"(anonymous_1)","decl":{"start":{"line":17,"column":25},"end":{"line":17,"column":26}},"loc":{"start":{"line":17,"column":35},"end":{"line":22,"column":1}},"line":17},"2":{"name":"(anonymous_2)","decl":{"start":{"line":24,"column":18},"end":{"line":24,"column":19}},"loc":{"start":{"line":24,"column":73},"end":{"line":39,"column":1}},"line":24},"3":{"name":"(anonymous_3)","decl":{"start":{"line":32,"column":26},"end":{"line":32,"column":27}},"loc":{"start":{"line":32,"column":31},"end":{"line":32,"column":67}},"line":32},"4":{"name":"(anonymous_4)","decl":{"start":{"line":42,"column":20},"end":{"line":42,"column":21}},"loc":{"start":{"line":42,"column":30},"end":{"line":50,"column":1}},"line":42},"5":{"name":"(anonymous_5)","decl":{"start":{"line":47,"column":30},"end":{"line":47,"column":31}},"loc":{"start":{"line":47,"column":36},"end":{"line":47,"column":59}},"line":47},"6":{"name":"(anonymous_6)","decl":{"start":{"line":48,"column":26},"end":{"line":48,"column":27}},"loc":{"start":{"line":48,"column":31},"end":{"line":48,"column":38}},"line":48},"7":{"name":"(anonymous_7)","decl":{"start":{"line":56,"column":22},"end":{"line":56,"column":23}},"loc":{"start":{"line":56,"column":42},"end":{"line":97,"column":1}},"line":56},"8":{"name":"(anonymous_8)","decl":{"start":{"line":68,"column":17},"end":{"line":68,"column":18}},"loc":{"start":{"line":68,"column":23},"end":{"line":75,"column":6}},"line":68},"9":{"name":"(anonymous_9)","decl":{"start":{"line":80,"column":18},"end":{"line":80,"column":19}},"loc":{"start":{"line":80,"column":33},"end":{"line":80,"column":90}},"line":80},"10":{"name":"(anonymous_10)","decl":{"start":{"line":80,"column":44},"end":{"line":80,"column":45}},"loc":{"start":{"line":80,"column":50},"end":{"line":80,"column":78}},"line":80},"11":{"name":"(anonymous_11)","decl":{"start":{"line":103,"column":19},"end":{"line":103,"column":20}},"loc":{"start":{"line":103,"column":39},"end":{"line":142,"column":1}},"line":103},"12":{"name":"(anonymous_12)","decl":{"start":{"line":112,"column":20},"end":{"line":112,"column":21}},"loc":{"start":{"line":112,"column":26},"end":{"line":115,"column":9}},"line":112},"13":{"name":"(anonymous_13)","decl":{"start":{"line":118,"column":17},"end":{"line":118,"column":18}},"loc":{"start":{"line":118,"column":23},"end":{"line":125,"column":6}},"line":118},"14":{"name":"(anonymous_14)","decl":{"start":{"line":129,"column":18},"end":{"line":129,"column":19}},"loc":{"start":{"line":129,"column":33},"end":{"line":129,"column":90}},"line":129},"15":{"name":"(anonymous_15)","decl":{"start":{"line":129,"column":44},"end":{"line":129,"column":45}},"loc":{"start":{"line":129,"column":50},"end":{"line":129,"column":78}},"line":129},"16":{"name":"(anonymous_16)","decl":{"start":{"line":150,"column":24},"end":{"line":150,"column":25}},"loc":{"start":{"line":150,"column":44},"end":{"line":227,"column":1}},"line":150},"17":{"name":"(anonymous_17)","decl":{"start":{"line":185,"column":56},"end":{"line":185,"column":57}},"loc":{"start":{"line":185,"column":69},"end":{"line":216,"column":5}},"line":185},"18":{"name":"(anonymous_18)","decl":{"start":{"line":189,"column":59},"end":{"line":189,"column":60}},"loc":{"start":{"line":189,"column":64},"end":{"line":189,"column":71}},"line":189},"19":{"name":"(anonymous_19)","decl":{"start":{"line":200,"column":36},"end":{"line":200,"column":37}},"loc":{"start":{"line":200,"column":41},"end":{"line":200,"column":96}},"line":200}},"branchMap":{"0":{"loc":{"start":{"line":12,"column":19},"end":{"line":12,"column":35}},"type":"default-arg","locations":[{"start":{"line":12,"column":29},"end":{"line":12,"column":35}}],"line":12},"1":{"loc":{"start":{"line":13,"column":2},"end":{"line":13,"column":85}},"type":"if","locations":[{"start":{"line":13,"column":2},"end":{"line":13,"column":85}},{"start":{},"end":{}}],"line":13},"2":{"loc":{"start":{"line":13,"column":33},"end":{"line":13,"column":84}},"type":"binary-expr","locations":[{"start":{"line":13,"column":33},"end":{"line":13,"column":62}},{"start":{"line":13,"column":66},"end":{"line":13,"column":84}}],"line":13},"3":{"loc":{"start":{"line":14,"column":9},"end":{"line":14,"column":60}},"type":"binary-expr","locations":[{"start":{"line":14,"column":9},"end":{"line":14,"column":38}},{"start":{"line":14,"column":42},"end":{"line":14,"column":60}}],"line":14},"4":{"loc":{"start":{"line":24,"column":29},"end":{"line":24,"column":68}},"type":"default-arg","locations":[{"start":{"line":24,"column":66},"end":{"line":24,"column":68}}],"line":24},"5":{"loc":{"start":{"line":24,"column":31},"end":{"line":24,"column":42}},"type":"default-arg","locations":[{"start":{"line":24,"column":41},"end":{"line":24,"column":42}}],"line":24},"6":{"loc":{"start":{"line":24,"column":44},"end":{"line":24,"column":61}},"type":"default-arg","locations":[{"start":{"line":24,"column":58},"end":{"line":24,"column":61}}],"line":24},"7":{"loc":{"start":{"line":30,"column":21},"end":{"line":30,"column":45}},"type":"binary-expr","locations":[{"start":{"line":30,"column":21},"end":{"line":30,"column":32}},{"start":{"line":30,"column":36},"end":{"line":30,"column":45}}],"line":30},"8":{"loc":{"start":{"line":31,"column":6},"end":{"line":34,"column":7}},"type":"if","locations":[{"start":{"line":31,"column":6},"end":{"line":34,"column":7}},{"start":{},"end":{}}],"line":31},"9":{"loc":{"start":{"line":31,"column":10},"end":{"line":31,"column":59}},"type":"binary-expr","locations":[{"start":{"line":31,"column":10},"end":{"line":31,"column":24}},{"start":{"line":31,"column":28},"end":{"line":31,"column":59}}],"line":31},"10":{"loc":{"start":{"line":43,"column":2},"end":{"line":43,"column":23}},"type":"if","locations":[{"start":{"line":43,"column":2},"end":{"line":43,"column":23}},{"start":{},"end":{}}],"line":43},"11":{"loc":{"start":{"line":44,"column":2},"end":{"line":44,"column":74}},"type":"if","locations":[{"start":{"line":44,"column":2},"end":{"line":44,"column":74}},{"start":{},"end":{}}],"line":44},"12":{"loc":{"start":{"line":44,"column":6},"end":{"line":44,"column":55}},"type":"binary-expr","locations":[{"start":{"line":44,"column":6},"end":{"line":44,"column":35}},{"start":{"line":44,"column":39},"end":{"line":44,"column":55}}],"line":44},"13":{"loc":{"start":{"line":46,"column":16},"end":{"line":46,"column":69}},"type":"cond-expr","locations":[{"start":{"line":46,"column":49},"end":{"line":46,"column":64}},{"start":{"line":46,"column":67},"end":{"line":46,"column":69}}],"line":46},"14":{"loc":{"start":{"line":47,"column":36},"end":{"line":47,"column":59}},"type":"binary-expr","locations":[{"start":{"line":47,"column":36},"end":{"line":47,"column":53}},{"start":{"line":47,"column":57},"end":{"line":47,"column":59}}],"line":47},"15":{"loc":{"start":{"line":58,"column":29},"end":{"line":58,"column":43}},"type":"binary-expr","locations":[{"start":{"line":58,"column":29},"end":{"line":58,"column":37}},{"start":{"line":58,"column":41},"end":{"line":58,"column":43}}],"line":58},"16":{"loc":{"start":{"line":59,"column":4},"end":{"line":61,"column":5}},"type":"if","locations":[{"start":{"line":59,"column":4},"end":{"line":61,"column":5}},{"start":{},"end":{}}],"line":59},"17":{"loc":{"start":{"line":59,"column":8},"end":{"line":59,"column":57}},"type":"binary-expr","locations":[{"start":{"line":59,"column":8},"end":{"line":59,"column":13}},{"start":{"line":59,"column":17},"end":{"line":59,"column":41}},{"start":{"line":59,"column":45},"end":{"line":59,"column":57}}],"line":59},"18":{"loc":{"start":{"line":65,"column":6},"end":{"line":66,"column":118}},"type":"binary-expr","locations":[{"start":{"line":65,"column":7},"end":{"line":65,"column":13}},{"start":{"line":65,"column":17},"end":{"line":65,"column":38}},{"start":{"line":66,"column":6},"end":{"line":66,"column":118}}],"line":65},"19":{"loc":{"start":{"line":77,"column":29},"end":{"line":77,"column":63}},"type":"binary-expr","locations":[{"start":{"line":77,"column":29},"end":{"line":77,"column":54}},{"start":{"line":77,"column":58},"end":{"line":77,"column":63}}],"line":77},"20":{"loc":{"start":{"line":90,"column":17},"end":{"line":90,"column":55}},"type":"cond-expr","locations":[{"start":{"line":90,"column":46},"end":{"line":90,"column":49}},{"start":{"line":90,"column":52},"end":{"line":90,"column":55}}],"line":90},"21":{"loc":{"start":{"line":93,"column":15},"end":{"line":93,"column":184}},"type":"cond-expr","locations":[{"start":{"line":93,"column":44},"end":{"line":93,"column":129}},{"start":{"line":93,"column":132},"end":{"line":93,"column":184}}],"line":93},"22":{"loc":{"start":{"line":105,"column":21},"end":{"line":105,"column":33}},"type":"default-arg","locations":[{"start":{"line":105,"column":31},"end":{"line":105,"column":33}}],"line":105},"23":{"loc":{"start":{"line":105,"column":38},"end":{"line":105,"column":52}},"type":"binary-expr","locations":[{"start":{"line":105,"column":38},"end":{"line":105,"column":46}},{"start":{"line":105,"column":50},"end":{"line":105,"column":52}}],"line":105},"24":{"loc":{"start":{"line":106,"column":4},"end":{"line":108,"column":5}},"type":"if","locations":[{"start":{"line":106,"column":4},"end":{"line":108,"column":5}},{"start":{},"end":{}}],"line":106},"25":{"loc":{"start":{"line":106,"column":8},"end":{"line":106,"column":66}},"type":"binary-expr","locations":[{"start":{"line":106,"column":8},"end":{"line":106,"column":16}},{"start":{"line":106,"column":20},"end":{"line":106,"column":47}},{"start":{"line":106,"column":51},"end":{"line":106,"column":66}}],"line":106},"26":{"loc":{"start":{"line":111,"column":26},"end":{"line":116,"column":10}},"type":"cond-expr","locations":[{"start":{"line":112,"column":8},"end":{"line":115,"column":11}},{"start":{"line":116,"column":8},"end":{"line":116,"column":10}}],"line":111},"27":{"loc":{"start":{"line":113,"column":16},"end":{"line":113,"column":53}},"type":"cond-expr","locations":[{"start":{"line":113,"column":37},"end":{"line":113,"column":44}},{"start":{"line":113,"column":47},"end":{"line":113,"column":53}}],"line":113},"28":{"loc":{"start":{"line":114,"column":33},"end":{"line":114,"column":48}},"type":"binary-expr","locations":[{"start":{"line":114,"column":33},"end":{"line":114,"column":42}},{"start":{"line":114,"column":46},"end":{"line":114,"column":48}}],"line":114},"29":{"loc":{"start":{"line":126,"column":29},"end":{"line":126,"column":63}},"type":"binary-expr","locations":[{"start":{"line":126,"column":29},"end":{"line":126,"column":54}},{"start":{"line":126,"column":58},"end":{"line":126,"column":63}}],"line":126},"30":{"loc":{"start":{"line":135,"column":17},"end":{"line":135,"column":55}},"type":"cond-expr","locations":[{"start":{"line":135,"column":46},"end":{"line":135,"column":49}},{"start":{"line":135,"column":52},"end":{"line":135,"column":55}}],"line":135},"31":{"loc":{"start":{"line":138,"column":15},"end":{"line":138,"column":158}},"type":"cond-expr","locations":[{"start":{"line":138,"column":44},"end":{"line":138,"column":108}},{"start":{"line":138,"column":111},"end":{"line":138,"column":158}}],"line":138},"32":{"loc":{"start":{"line":152,"column":33},"end":{"line":152,"column":40}},"type":"default-arg","locations":[{"start":{"line":152,"column":39},"end":{"line":152,"column":40}}],"line":152},"33":{"loc":{"start":{"line":152,"column":45},"end":{"line":152,"column":59}},"type":"binary-expr","locations":[{"start":{"line":152,"column":45},"end":{"line":152,"column":53}},{"start":{"line":152,"column":57},"end":{"line":152,"column":59}}],"line":152},"34":{"loc":{"start":{"line":153,"column":4},"end":{"line":155,"column":5}},"type":"if","locations":[{"start":{"line":153,"column":4},"end":{"line":155,"column":5}},{"start":{},"end":{}}],"line":153},"35":{"loc":{"start":{"line":153,"column":8},"end":{"line":153,"column":31}},"type":"binary-expr","locations":[{"start":{"line":153,"column":8},"end":{"line":153,"column":14}},{"start":{"line":153,"column":18},"end":{"line":153,"column":31}}],"line":153},"36":{"loc":{"start":{"line":157,"column":4},"end":{"line":159,"column":5}},"type":"if","locations":[{"start":{"line":157,"column":4},"end":{"line":159,"column":5}},{"start":{},"end":{}}],"line":157},"37":{"loc":{"start":{"line":162,"column":4},"end":{"line":168,"column":5}},"type":"if","locations":[{"start":{"line":162,"column":4},"end":{"line":168,"column":5}},{"start":{},"end":{}}],"line":162},"38":{"loc":{"start":{"line":162,"column":8},"end":{"line":162,"column":25}},"type":"binary-expr","locations":[{"start":{"line":162,"column":8},"end":{"line":162,"column":17}},{"start":{"line":162,"column":21},"end":{"line":162,"column":25}}],"line":162},"39":{"loc":{"start":{"line":164,"column":6},"end":{"line":167,"column":7}},"type":"if","locations":[{"start":{"line":164,"column":6},"end":{"line":167,"column":7}},{"start":{},"end":{}}],"line":164},"40":{"loc":{"start":{"line":164,"column":10},"end":{"line":164,"column":37}},"type":"binary-expr","locations":[{"start":{"line":164,"column":10},"end":{"line":164,"column":28}},{"start":{"line":164,"column":32},"end":{"line":164,"column":37}}],"line":164},"41":{"loc":{"start":{"line":171,"column":4},"end":{"line":171,"column":71}},"type":"if","locations":[{"start":{"line":171,"column":4},"end":{"line":171,"column":71}},{"start":{},"end":{}}],"line":171},"42":{"loc":{"start":{"line":171,"column":8},"end":{"line":171,"column":36}},"type":"binary-expr","locations":[{"start":{"line":171,"column":8},"end":{"line":171,"column":16}},{"start":{"line":171,"column":20},"end":{"line":171,"column":36}}],"line":171},"43":{"loc":{"start":{"line":175,"column":4},"end":{"line":178,"column":5}},"type":"if","locations":[{"start":{"line":175,"column":4},"end":{"line":178,"column":5}},{"start":{},"end":{}}],"line":175},"44":{"loc":{"start":{"line":180,"column":18},"end":{"line":180,"column":82}},"type":"cond-expr","locations":[{"start":{"line":180,"column":57},"end":{"line":180,"column":77}},{"start":{"line":180,"column":80},"end":{"line":180,"column":82}}],"line":180},"45":{"loc":{"start":{"line":181,"column":4},"end":{"line":183,"column":5}},"type":"if","locations":[{"start":{"line":181,"column":4},"end":{"line":183,"column":5}},{"start":{},"end":{}}],"line":181},"46":{"loc":{"start":{"line":185,"column":34},"end":{"line":185,"column":50}},"type":"binary-expr","locations":[{"start":{"line":185,"column":34},"end":{"line":185,"column":45}},{"start":{"line":185,"column":49},"end":{"line":185,"column":50}}],"line":185},"47":{"loc":{"start":{"line":186,"column":20},"end":{"line":186,"column":34}},"type":"binary-expr","locations":[{"start":{"line":186,"column":20},"end":{"line":186,"column":28}},{"start":{"line":186,"column":32},"end":{"line":186,"column":34}}],"line":186},"48":{"loc":{"start":{"line":187,"column":19},"end":{"line":187,"column":32}},"type":"binary-expr","locations":[{"start":{"line":187,"column":19},"end":{"line":187,"column":26}},{"start":{"line":187,"column":30},"end":{"line":187,"column":32}}],"line":187},"49":{"loc":{"start":{"line":188,"column":22},"end":{"line":188,"column":70}},"type":"binary-expr","locations":[{"start":{"line":188,"column":22},"end":{"line":188,"column":32}},{"start":{"line":188,"column":36},"end":{"line":188,"column":64}},{"start":{"line":188,"column":68},"end":{"line":188,"column":70}}],"line":188},"50":{"loc":{"start":{"line":189,"column":25},"end":{"line":189,"column":94}},"type":"binary-expr","locations":[{"start":{"line":189,"column":25},"end":{"line":189,"column":88}},{"start":{"line":189,"column":92},"end":{"line":189,"column":94}}],"line":189},"51":{"loc":{"start":{"line":193,"column":22},"end":{"line":193,"column":56}},"type":"binary-expr","locations":[{"start":{"line":193,"column":22},"end":{"line":193,"column":50}},{"start":{"line":193,"column":54},"end":{"line":193,"column":56}}],"line":193},"52":{"loc":{"start":{"line":195,"column":6},"end":{"line":195,"column":30}},"type":"if","locations":[{"start":{"line":195,"column":6},"end":{"line":195,"column":30}},{"start":{},"end":{}}],"line":195},"53":{"loc":{"start":{"line":199,"column":24},"end":{"line":199,"column":71}},"type":"cond-expr","locations":[{"start":{"line":199,"column":54},"end":{"line":199,"column":66}},{"start":{"line":199,"column":69},"end":{"line":199,"column":71}}],"line":199},"54":{"loc":{"start":{"line":200,"column":41},"end":{"line":200,"column":96}},"type":"binary-expr","locations":[{"start":{"line":200,"column":41},"end":{"line":200,"column":86}},{"start":{"line":200,"column":90},"end":{"line":200,"column":96}}],"line":200},"55":{"loc":{"start":{"line":200,"column":42},"end":{"line":200,"column":61}},"type":"binary-expr","locations":[{"start":{"line":200,"column":42},"end":{"line":200,"column":55}},{"start":{"line":200,"column":59},"end":{"line":200,"column":61}}],"line":200},"56":{"loc":{"start":{"line":201,"column":6},"end":{"line":201,"column":45}},"type":"if","locations":[{"start":{"line":201,"column":6},"end":{"line":201,"column":45}},{"start":{},"end":{}}],"line":201},"57":{"loc":{"start":{"line":204,"column":23},"end":{"line":204,"column":80}},"type":"binary-expr","locations":[{"start":{"line":204,"column":23},"end":{"line":204,"column":35}},{"start":{"line":204,"column":39},"end":{"line":204,"column":50}},{"start":{"line":204,"column":54},"end":{"line":204,"column":80}}],"line":204},"58":{"loc":{"start":{"line":210,"column":14},"end":{"line":210,"column":34}},"type":"binary-expr","locations":[{"start":{"line":210,"column":14},"end":{"line":210,"column":18}},{"start":{"line":210,"column":22},"end":{"line":210,"column":28}},{"start":{"line":210,"column":32},"end":{"line":210,"column":34}}],"line":210},"59":{"loc":{"start":{"line":214,"column":16},"end":{"line":214,"column":30}},"type":"binary-expr","locations":[{"start":{"line":214,"column":16},"end":{"line":214,"column":22}},{"start":{"line":214,"column":26},"end":{"line":214,"column":30}}],"line":214},"60":{"loc":{"start":{"line":222,"column":17},"end":{"line":222,"column":70}},"type":"cond-expr","locations":[{"start":{"line":222,"column":61},"end":{"line":222,"column":64}},{"start":{"line":222,"column":67},"end":{"line":222,"column":70}}],"line":222},"61":{"loc":{"start":{"line":222,"column":18},"end":{"line":222,"column":57}},"type":"binary-expr","locations":[{"start":{"line":222,"column":18},"end":{"line":222,"column":24}},{"start":{"line":222,"column":28},"end":{"line":222,"column":41}},{"start":{"line":222,"column":45},"end":{"line":222,"column":57}}],"line":222}},"s":{"0":5,"1":5,"2":5,"3":5,"4":5,"5":4,"6":1,"7":3,"8":5,"9":0,"10":5,"11":4,"12":4,"13":5,"14":5,"15":1,"16":1,"17":1,"18":1,"19":1,"20":1,"21":0,"22":0,"23":5,"24":4,"25":0,"26":4,"27":3,"28":1,"29":1,"30":1,"31":1,"32":2,"33":1,"34":5,"35":6,"36":6,"37":6,"38":3,"39":3,"40":3,"41":3,"42":4,"43":3,"44":3,"45":3,"46":0,"47":3,"48":3,"49":3,"50":3,"51":0,"52":0,"53":0,"54":0,"55":5,"56":2,"57":2,"58":2,"59":1,"60":1,"61":1,"62":0,"63":1,"64":1,"65":1,"66":1,"67":1,"68":0,"69":1,"70":1,"71":0,"72":0,"73":0,"74":0,"75":5,"76":5,"77":5,"78":5,"79":1,"80":4,"81":4,"82":0,"83":4,"84":0,"85":0,"86":0,"87":0,"88":4,"89":4,"90":0,"91":4,"92":4,"93":2,"94":2,"95":2,"96":2,"97":0,"98":2,"99":2,"100":2,"101":2,"102":2,"103":1,"104":2,"105":2,"106":2,"107":2,"108":2,"109":1,"110":2,"111":2,"112":2,"113":1,"114":2,"115":1,"116":2,"117":2,"118":2,"119":0,"120":0,"121":0,"122":0,"123":5},"f":{"0":4,"1":0,"2":4,"3":1,"4":4,"5":1,"6":2,"7":6,"8":4,"9":3,"10":0,"11":2,"12":0,"13":1,"14":1,"15":0,"16":5,"17":2,"18":1,"19":1},"b":{"0":[0],"1":[1,3],"2":[1,1],"3":[3,3],"4":[4],"5":[4],"6":[4],"7":[1,1],"8":[1,0],"9":[1,1],"10":[0,4],"11":[3,1],"12":[4,3],"13":[1,0],"14":[1,0],"15":[6,0],"16":[3,3],"17":[6,3,3],"18":[3,0,3],"19":[3,3],"20":[0,0],"21":[0,0],"22":[2],"23":[2,0],"24":[1,1],"25":[2,1,1],"26":[1,0],"27":[0,0],"28":[0,0],"29":[1,1],"30":[0,0],"31":[0,0],"32":[4],"33":[5,0],"34":[1,4],"35":[5,4],"36":[0,4],"37":[0,4],"38":[4,4],"39":[0,0],"40":[0,0],"41":[0,4],"42":[4,0],"43":[2,2],"44":[2,0],"45":[0,2],"46":[2,0],"47":[2,0],"48":[2,1],"49":[2,1,1],"50":[2,1],"51":[2,1],"52":[1,1],"53":[1,1],"54":[1,1],"55":[1,0],"56":[1,1],"57":[2,1,1],"58":[2,1,0],"59":[2,1],"60":[0,0],"61":[0,0,0]},"_coverageSchema":"1a1c01bbd47fc00a2c39e90264f33305004495a9","hash":"cb6003491dd4b67d149bee2c6d4790f76029182b"}
,"D:\\Proyectos\\ProyectifyIA\\backend\\controllers\\avatarController.js": {"path":"D:\\Proyectos\\ProyectifyIA\\backend\\controllers\\avatarController.js","statementMap":{"0":{"start":{"line":2,"column":21},"end":{"line":2,"column":53}},"1":{"start":{"line":3,"column":11},"end":{"line":3,"column":24}},"2":{"start":{"line":4,"column":13},"end":{"line":4,"column":28}},"3":{"start":{"line":5,"column":13},"end":{"line":5,"column":43}},"4":{"start":{"line":10,"column":21},"end":{"line":29,"column":2}},"5":{"start":{"line":11,"column":2},"end":{"line":11,"column":78}},"6":{"start":{"line":11,"column":19},"end":{"line":11,"column":35}},"7":{"start":{"line":11,"column":36},"end":{"line":11,"column":76}},"8":{"start":{"line":12,"column":15},"end":{"line":12,"column":38}},"9":{"start":{"line":13,"column":2},"end":{"line":13,"column":105}},"10":{"start":{"line":13,"column":36},"end":{"line":13,"column":52}},"11":{"start":{"line":13,"column":53},"end":{"line":13,"column":103}},"12":{"start":{"line":14,"column":2},"end":{"line":14,"column":100}},"13":{"start":{"line":14,"column":41},"end":{"line":14,"column":57}},"14":{"start":{"line":14,"column":58},"end":{"line":14,"column":98}},"15":{"start":{"line":16,"column":14},"end":{"line":16,"column":24}},"16":{"start":{"line":17,"column":14},"end":{"line":17,"column":84}},"17":{"start":{"line":18,"column":19},"end":{"line":18,"column":50}},"18":{"start":{"line":19,"column":14},"end":{"line":19,"column":62}},"19":{"start":{"line":20,"column":2},"end":{"line":20,"column":52}},"20":{"start":{"line":21,"column":18},"end":{"line":21,"column":42}},"21":{"start":{"line":22,"column":2},"end":{"line":22,"column":56}},"22":{"start":{"line":24,"column":15},"end":{"line":24,"column":84}},"23":{"start":{"line":25,"column":14},"end":{"line":25,"column":51}},"24":{"start":{"line":27,"column":2},"end":{"line":27,"column":76}},"25":{"start":{"line":28,"column":2},"end":{"line":28,"column":31}},"26":{"start":{"line":31,"column":0},"end":{"line":31,"column":34}}},"fnMap":{"0":{"name":"(anonymous_0)","decl":{"start":{"line":10,"column":34},"end":{"line":10,"column":35}},"loc":{"start":{"line":10,"column":54},"end":{"line":29,"column":1}},"line":10}},"branchMap":{"0":{"loc":{"start":{"line":11,"column":2},"end":{"line":11,"column":78}},"type":"if","locations":[{"start":{"line":11,"column":2},"end":{"line":11,"column":78}},{"start":{},"end":{}}],"line":11},"1":{"loc":{"start":{"line":12,"column":15},"end":{"line":12,"column":38}},"type":"binary-expr","locations":[{"start":{"line":12,"column":15},"end":{"line":12,"column":32}},{"start":{"line":12,"column":36},"end":{"line":12,"column":38}}],"line":12},"2":{"loc":{"start":{"line":13,"column":2},"end":{"line":13,"column":105}},"type":"if","locations":[{"start":{"line":13,"column":2},"end":{"line":13,"column":105}},{"start":{},"end":{}}],"line":13},"3":{"loc":{"start":{"line":14,"column":2},"end":{"line":14,"column":100}},"type":"if","locations":[{"start":{"line":14,"column":2},"end":{"line":14,"column":100}},{"start":{},"end":{}}],"line":14},"4":{"loc":{"start":{"line":17,"column":15},"end":{"line":17,"column":42}},"type":"binary-expr","locations":[{"start":{"line":17,"column":15},"end":{"line":17,"column":33}},{"start":{"line":17,"column":37},"end":{"line":17,"column":42}}],"line":17},"5":{"loc":{"start":{"line":24,"column":15},"end":{"line":24,"column":84}},"type":"binary-expr","locations":[{"start":{"line":24,"column":15},"end":{"line":24,"column":42}},{"start":{"line":24,"column":46},"end":{"line":24,"column":84}}],"line":24}},"s":{"0":4,"1":4,"2":4,"3":4,"4":4,"5":4,"6":1,"7":1,"8":3,"9":3,"10":1,"11":1,"12":2,"13":1,"14":1,"15":1,"16":1,"17":1,"18":1,"19":1,"20":1,"21":1,"22":1,"23":1,"24":1,"25":1,"26":4},"f":{"0":4},"b":{"0":[1,3],"1":[3,0],"2":[1,2],"3":[1,1],"4":[1,0],"5":[1,1]},"_coverageSchema":"1a1c01bbd47fc00a2c39e90264f33305004495a9","hash":"dd3221921b222ad5e80149649d19b90c978f7560"}
,"D:\\Proyectos\\ProyectifyIA\\backend\\controllers\\libraryController.js": {"path":"D:\\Proyectos\\ProyectifyIA\\backend\\controllers\\libraryController.js","statementMap":{"0":{"start":{"line":2,"column":21},"end":{"line":2,"column":53}},"1":{"start":{"line":3,"column":18},"end":{"line":3,"column":37}},"2":{"start":{"line":4,"column":13},"end":{"line":4,"column":28}},"3":{"start":{"line":5,"column":20},"end":{"line":5,"column":57}},"4":{"start":{"line":6,"column":21},"end":{"line":6,"column":59}},"5":{"start":{"line":7,"column":21},"end":{"line":7,"column":47}},"6":{"start":{"line":8,"column":29},"end":{"line":8,"column":65}},"7":{"start":{"line":11,"column":24},"end":{"line":56,"column":2}},"8":{"start":{"line":12,"column":17},"end":{"line":12,"column":46}},"9":{"start":{"line":13,"column":2},"end":{"line":16,"column":3}},"10":{"start":{"line":14,"column":4},"end":{"line":14,"column":20}},"11":{"start":{"line":15,"column":4},"end":{"line":15,"column":37}},"12":{"start":{"line":18,"column":14},"end":{"line":18,"column":50}},"13":{"start":{"line":19,"column":17},"end":{"line":19,"column":27}},"14":{"start":{"line":20,"column":16},"end":{"line":20,"column":74}},"15":{"start":{"line":21,"column":15},"end":{"line":21,"column":69}},"16":{"start":{"line":22,"column":15},"end":{"line":22,"column":33}},"17":{"start":{"line":24,"column":20},"end":{"line":26,"column":3}},"18":{"start":{"line":28,"column":16},"end":{"line":28,"column":32}},"19":{"start":{"line":30,"column":2},"end":{"line":38,"column":3}},"20":{"start":{"line":31,"column":17},"end":{"line":31,"column":62}},"21":{"start":{"line":32,"column":18},"end":{"line":32,"column":39}},"22":{"start":{"line":33,"column":4},"end":{"line":37,"column":6}},"23":{"start":{"line":40,"column":39},"end":{"line":49,"column":4}},"24":{"start":{"line":51,"column":2},"end":{"line":53,"column":4}},"25":{"start":{"line":55,"column":2},"end":{"line":55,"column":82}},"26":{"start":{"line":59,"column":26},"end":{"line":130,"column":2}},"27":{"start":{"line":60,"column":38},"end":{"line":60,"column":46}},"28":{"start":{"line":61,"column":18},"end":{"line":61,"column":26}},"29":{"start":{"line":63,"column":2},"end":{"line":127,"column":3}},"30":{"start":{"line":64,"column":4},"end":{"line":67,"column":5}},"31":{"start":{"line":65,"column":6},"end":{"line":65,"column":22}},"32":{"start":{"line":66,"column":6},"end":{"line":66,"column":61}},"33":{"start":{"line":68,"column":4},"end":{"line":70,"column":5}},"34":{"start":{"line":69,"column":6},"end":{"line":69,"column":53}},"35":{"start":{"line":72,"column":16},"end":{"line":72,"column":40}},"36":{"start":{"line":73,"column":21},"end":{"line":73,"column":75}},"37":{"start":{"line":75,"column":4},"end":{"line":126,"column":5}},"38":{"start":{"line":76,"column":29},"end":{"line":79,"column":8}},"39":{"start":{"line":81,"column":33},"end":{"line":84,"column":8}},"40":{"start":{"line":86,"column":27},"end":{"line":86,"column":83}},"41":{"start":{"line":88,"column":24},"end":{"line":90,"column":12}},"42":{"start":{"line":89,"column":43},"end":{"line":89,"column":51}},"43":{"start":{"line":92,"column":26},"end":{"line":99,"column":8}},"44":{"start":{"line":101,"column":6},"end":{"line":106,"column":9}},"45":{"start":{"line":107,"column":19},"end":{"line":107,"column":59}},"46":{"start":{"line":108,"column":27},"end":{"line":108,"column":106}},"47":{"start":{"line":109,"column":6},"end":{"line":119,"column":7}},"48":{"start":{"line":110,"column":8},"end":{"line":118,"column":9}},"49":{"start":{"line":111,"column":10},"end":{"line":115,"column":13}},"50":{"start":{"line":117,"column":10},"end":{"line":117,"column":77}},"51":{"start":{"line":121,"column":6},"end":{"line":121,"column":47}},"52":{"start":{"line":123,"column":6},"end":{"line":123,"column":70}},"53":{"start":{"line":124,"column":6},"end":{"line":124,"column":22}},"54":{"start":{"line":125,"column":6},"end":{"line":125,"column":102}},"55":{"start":{"line":129,"column":2},"end":{"line":129,"column":82}},"56":{"start":{"line":133,"column":29},"end":{"line":177,"column":2}},"57":{"start":{"line":134,"column":45},"end":{"line":134,"column":53}},"58":{"start":{"line":135,"column":2},"end":{"line":138,"column":3}},"59":{"start":{"line":136,"column":4},"end":{"line":136,"column":20}},"60":{"start":{"line":137,"column":4},"end":{"line":137,"column":50}},"61":{"start":{"line":140,"column":24},"end":{"line":143,"column":4}},"62":{"start":{"line":144,"column":2},"end":{"line":147,"column":3}},"63":{"start":{"line":145,"column":4},"end":{"line":145,"column":20}},"64":{"start":{"line":146,"column":4},"end":{"line":146,"column":63}},"65":{"start":{"line":149,"column":22},"end":{"line":156,"column":4}},"66":{"start":{"line":157,"column":2},"end":{"line":162,"column":5}},"67":{"start":{"line":163,"column":15},"end":{"line":163,"column":55}},"68":{"start":{"line":164,"column":23},"end":{"line":164,"column":102}},"69":{"start":{"line":165,"column":2},"end":{"line":175,"column":3}},"70":{"start":{"line":166,"column":4},"end":{"line":174,"column":5}},"71":{"start":{"line":167,"column":6},"end":{"line":171,"column":9}},"72":{"start":{"line":173,"column":6},"end":{"line":173,"column":73}},"73":{"start":{"line":176,"column":2},"end":{"line":176,"column":36}},"74":{"start":{"line":180,"column":26},"end":{"line":192,"column":2}},"75":{"start":{"line":181,"column":15},"end":{"line":181,"column":56}},"76":{"start":{"line":182,"column":2},"end":{"line":185,"column":3}},"77":{"start":{"line":183,"column":4},"end":{"line":183,"column":20}},"78":{"start":{"line":184,"column":4},"end":{"line":184,"column":46}},"79":{"start":{"line":186,"column":2},"end":{"line":189,"column":3}},"80":{"start":{"line":187,"column":4},"end":{"line":187,"column":20}},"81":{"start":{"line":188,"column":4},"end":{"line":188,"column":45}},"82":{"start":{"line":190,"column":2},"end":{"line":190,"column":25}},"83":{"start":{"line":191,"column":2},"end":{"line":191,"column":46}},"84":{"start":{"line":194,"column":0},"end":{"line":199,"column":2}}},"fnMap":{"0":{"name":"(anonymous_0)","decl":{"start":{"line":11,"column":37},"end":{"line":11,"column":38}},"loc":{"start":{"line":11,"column":57},"end":{"line":56,"column":1}},"line":11},"1":{"name":"(anonymous_1)","decl":{"start":{"line":59,"column":39},"end":{"line":59,"column":40}},"loc":{"start":{"line":59,"column":59},"end":{"line":130,"column":1}},"line":59},"2":{"name":"(anonymous_2)","decl":{"start":{"line":89,"column":38},"end":{"line":89,"column":39}},"loc":{"start":{"line":89,"column":43},"end":{"line":89,"column":51}},"line":89},"3":{"name":"(anonymous_3)","decl":{"start":{"line":133,"column":42},"end":{"line":133,"column":43}},"loc":{"start":{"line":133,"column":62},"end":{"line":177,"column":1}},"line":133},"4":{"name":"(anonymous_4)","decl":{"start":{"line":180,"column":39},"end":{"line":180,"column":40}},"loc":{"start":{"line":180,"column":59},"end":{"line":192,"column":1}},"line":180}},"branchMap":{"0":{"loc":{"start":{"line":12,"column":17},"end":{"line":12,"column":46}},"type":"binary-expr","locations":[{"start":{"line":12,"column":17},"end":{"line":12,"column":29}},{"start":{"line":12,"column":33},"end":{"line":12,"column":46}}],"line":12},"1":{"loc":{"start":{"line":13,"column":2},"end":{"line":16,"column":3}},"type":"if","locations":[{"start":{"line":13,"column":2},"end":{"line":16,"column":3}},{"start":{},"end":{}}],"line":13},"2":{"loc":{"start":{"line":18,"column":15},"end":{"line":18,"column":38}},"type":"binary-expr","locations":[{"start":{"line":18,"column":15},"end":{"line":18,"column":32}},{"start":{"line":18,"column":36},"end":{"line":18,"column":38}}],"line":18},"3":{"loc":{"start":{"line":20,"column":25},"end":{"line":20,"column":69}},"type":"binary-expr","locations":[{"start":{"line":20,"column":25},"end":{"line":20,"column":63}},{"start":{"line":20,"column":67},"end":{"line":20,"column":69}}],"line":20},"4":{"loc":{"start":{"line":20,"column":34},"end":{"line":20,"column":58}},"type":"binary-expr","locations":[{"start":{"line":20,"column":34},"end":{"line":20,"column":50}},{"start":{"line":20,"column":54},"end":{"line":20,"column":58}}],"line":20},"5":{"loc":{"start":{"line":21,"column":24},"end":{"line":21,"column":65}},"type":"binary-expr","locations":[{"start":{"line":21,"column":24},"end":{"line":21,"column":60}},{"start":{"line":21,"column":64},"end":{"line":21,"column":65}}],"line":21},"6":{"loc":{"start":{"line":21,"column":33},"end":{"line":21,"column":55}},"type":"binary-expr","locations":[{"start":{"line":21,"column":33},"end":{"line":21,"column":48}},{"start":{"line":21,"column":52},"end":{"line":21,"column":55}}],"line":21},"7":{"loc":{"start":{"line":25,"column":10},"end":{"line":25,"column":78}},"type":"cond-expr","locations":[{"start":{"line":25,"column":43},"end":{"line":25,"column":69}},{"start":{"line":25,"column":72},"end":{"line":25,"column":78}}],"line":25},"8":{"loc":{"start":{"line":30,"column":2},"end":{"line":38,"column":3}},"type":"if","locations":[{"start":{"line":30,"column":2},"end":{"line":38,"column":3}},{"start":{},"end":{}}],"line":30},"9":{"loc":{"start":{"line":63,"column":2},"end":{"line":127,"column":3}},"type":"if","locations":[{"start":{"line":63,"column":2},"end":{"line":127,"column":3}},{"start":{},"end":{}}],"line":63},"10":{"loc":{"start":{"line":64,"column":4},"end":{"line":67,"column":5}},"type":"if","locations":[{"start":{"line":64,"column":4},"end":{"line":67,"column":5}},{"start":{},"end":{}}],"line":64},"11":{"loc":{"start":{"line":68,"column":4},"end":{"line":70,"column":5}},"type":"if","locations":[{"start":{"line":68,"column":4},"end":{"line":70,"column":5}},{"start":{},"end":{}}],"line":68},"12":{"loc":{"start":{"line":88,"column":24},"end":{"line":90,"column":12}},"type":"cond-expr","locations":[{"start":{"line":89,"column":10},"end":{"line":89,"column":68}},{"start":{"line":90,"column":10},"end":{"line":90,"column":12}}],"line":88},"13":{"loc":{"start":{"line":95,"column":17},"end":{"line":95,"column":30}},"type":"binary-expr","locations":[{"start":{"line":95,"column":17},"end":{"line":95,"column":24}},{"start":{"line":95,"column":28},"end":{"line":95,"column":30}}],"line":
[...]
,"D:\\Proyectos\\ProyectifyIA\\backend\\routes\\aiRoutes.js": {"path":"D:\\Proyectos\\ProyectifyIA\\backend\\routes\\aiRoutes.js","statementMap":{"0":{"start":{"line":2,"column":16},"end":{"line":2,"column":34}},"1":{"start":{"line":3,"column":15},"end":{"line":3,"column":31}},"2":{"start":{"line":9,"column":4},"end":{"line":9,"column":42}},"3":{"start":{"line":11,"column":20},"end":{"line":11,"column":59}},"4":{"start":{"line":14,"column":0},"end":{"line":14,"column":50}},"5":{"start":{"line":15,"column":0},"end":{"line":15,"column":42}},"6":{"start":{"line":16,"column":0},"end":{"line":16,"column":59}},"7":{"start":{"line":18,"column":0},"end":{"line":18,"column":24}}},"fnMap":{},"branchMap":{},"s":{"0":1,"1":1,"2":1,"3":1,"4":1,"5":1,"6":1,"7":1},"f":{},"b":{},"_coverageSchema":"1a1c01bbd47fc00a2c39e90264f33305004495a9","hash":"e9c1dbf12b55e39787bcd5cef4cadc44d7fc98d2"}
,"D:\\Proyectos\\ProyectifyIA\\backend\\routes\\libraryRoutes.js": {"path":"D:\\Proyectos\\ProyectifyIA\\backend\\routes\\libraryRoutes.js","statementMap":{"0":{"start":{"line":1,"column":16},"end":{"line":1,"column":34}},"1":{"start":{"line":2,"column":15},"end":{"line":2,"column":31}},"2":{"start":{"line":5,"column":0},"end":{"line":8,"column":3}},"3":{"start":{"line":6,"column":2},"end":{"line":6,"column":67}},"4":{"start":{"line":7,"column":2},"end":{"line":7,"column":9}},"5":{"start":{"line":15,"column":4},"end":{"line":15,"column":47}},"6":{"start":{"line":17,"column":20},"end":{"line":17,"column":59}},"7":{"start":{"line":18,"column":15},"end":{"line":18,"column":32}},"8":{"start":{"line":20,"column":16},"end":{"line":20,"column":38}},"9":{"start":{"line":21,"column":15},"end":{"line":21,"column":43}},"10":{"start":{"line":24,"column":0},"end":{"line":26,"column":64}},"11":{"start":{"line":29,"column":0},"end":{"line":30,"column":41}},"12":{"start":{"line":33,"column":0},"end":{"line":34,"column":40}},"13":{"start":{"line":36,"column":0},"end":{"line":36,"column":24}}},"fnMap":{"0":{"name":"(anonymous_0)","decl":{"start":{"line":5,"column":11},"end":{"line":5,"column":12}},"loc":{"start":{"line":5,"column":31},"end":{"line":8,"column":1}},"line":5}},"branchMap":{},"s":{"0":1,"1":1,"2":1,"3":0,"4":0,"5":1,"6":1,"7":1,"8":1,"9":1,"10":1,"11":1,"12":1,"13":1},"f":{"0":0},"b":{},"_coverageSchema":"1a1c01bbd47fc00a2c39e90264f33305004495a9","hash":"46eb7e145dd02c6509381fd57d1d3fea02474996"}
,"D:\\Proyectos\\ProyectifyIA\\backend\\routes\\metricsRoutes.js": {"path":"D:\\Proyectos\\ProyectifyIA\\backend\\routes\\metricsRoutes.js","statementMap":{"0":{"start":{"line":2,"column":16},"end":{"line":2,"column":34}},"1":{"start":{"line":3,"column":15},"end":{"line":3,"column":31}},"2":{"start":{"line":4,"column":20},"end":{"line":4,"column":59}},"3":{"start":{"line":5,"column":41},"end":{"line":5,"column":84}},"4":{"start":{"line":7,"column":0},"end":{"line":7,"column":20}},"5":{"start":{"line":9,"column":0},"end":{"line":9,"column":38}},"6":{"start":{"line":10,"column":0},"end":{"line":10,"column":42}},"7":{"start":{"line":12,"column":0},"end":{"line":12,"column":24}}},"fnMap":{},"branchMap":{},"s":{"0":1,"1":1,"2":1,"3":1,"4":1,"5":1,"6":1,"7":1},"f":{},"b":{},"_coverageSchema":"1a1c01bbd47fc00a2c39e90264f33305004495a9","hash":"d0461272b40d38af499a431464f93554300d00ec"}
,"D:\\Proyectos\\ProyectifyIA\\backend\\routes\\notificationRoutes.js": {"path":"D:\\Proyectos\\ProyectifyIA\\backend\\routes\\notificationRoutes.js","statementMap":{"0":{"start":{"line":2,"column":16},"end":{"line":2,"column":34}},"1":{"start":{"line":3,"column":15},"end":{"line":3,"column":31}},"2":{"start":{"line":4,"column":20},"end":{"line":4,"column":59}},"3":{"start":{"line":5,"column":68},"end":{"line":5,"column":116}},"4":{"start":{"line":7,"column":0},"end":{"line":7,"column":20}},"5":{"start":{"line":9,"column":0},"end":{"line":9,"column":37}},"6":{"start":{"line":10,"column":0},"end":{"line":10,"column":35}},"7":{"start":{"line":11,"column":0},"end":{"line":11,"column":38}},"8":{"start":{"line":12,"column":0},"end":{"line":12,"column":41}},"9":{"start":{"line":14,"column":0},"end":{"line":14,"column":24}}},"fnMap":{},"branchMap":{},"s":{"0":1,"1":1,"2":1,"3":1,"4":1,"5":1,"6":1,"7":1,"8":1,"9":1},"f":{},"b":{},"_coverageSchema":"1a1c01bbd47fc00a2c39e90264f33305004495a9","hash":"fa08b7ad1664300d7afff7ab7590be146e353142"}
,"D:\\Proyectos\\ProyectifyIA\\backend\\routes\\projectRoutes.js": {"path":"D:\\Proyectos\\ProyectifyIA\\backend\\routes\\projectRoutes.js","statementMap":{"0":{"start":{"line":1,"column":16},"end":{"line":1,"column":34}},"1":{"start":{"line":2,"column":15},"end":{"line":2,"column":31}},"2":{"start":{"line":27,"column":4},"end":{"line":27,"column":47}},"3":{"start":{"line":28,"column":20},"end":{"line":28,"column":59}},"4":{"start":{"line":30,"column":0},"end":{"line":32,"column":34}},"5":{"start":{"line":34,"column":0},"end":{"line":34,"column":44}},"6":{"start":{"line":35,"column":0},"end":{"line":37,"column":36}},"7":{"start":{"line":40,"column":0},"end":{"line":42,"column":41}},"8":{"start":{"line":43,"column":0},"end":{"line":43,"column":67}},"9":{"start":{"line":44,"column":0},"end":{"line":44,"column":57}},"10":{"start":{"line":47,"column":0},"end":{"line":47,"column":53}},"11":{"start":{"line":48,"column":0},"end":{"line":48,"column":58}},"12":{"start":{"line":49,"column":0},"end":{"line":49,"column":66}},"13":{"start":{"line":50,"column":0},"end":{"line":50,"column":68}},"14":{"start":{"line":52,"column":0},"end":{"line":52,"column":56}},"15":{"start":{"line":53,"column":0},"end":{"line":53,"column":68}},"16":{"start":{"line":54,"column":0},"end":{"line":54,"column":51}},"17":{"start":{"line":55,"column":0},"end":{"line":55,"column":64}},"18":{"start":{"line":56,"column":0},"end":{"line":56,"column":68}},"19":{"start":{"line":57,"column":0},"end":{"line":57,"column":58}},"20":{"start":{"line":58,"column":0},"end":{"line":58,"column":58}},"21":{"start":{"line":59,"column":0},"end":{"line":59,"column":52}},"22":{"start":{"line":60,"column":0},"end":{"line":60,"column":51}},"23":{"start":{"line":61,"column":0},"end":{"line":61,"column":64}},"24":{"start":{"line":63,"column":0},"end":{"line":63,"column":24}}},"fnMap":{},"branchMap":{},"s":{"0":2,"1":2,"2":2,"3":2,"4":2,"5":2,"6":2,"7":2,"8":2,"9":2,"10":2,"11":2,"12":2,"13":2,"14":2,"15":2,"16":2,"17":2,"18":2,"19":2,"20":2,"21":2,"22":2,"23":2,"24":2},"f":{},"b":{},"_coverageSchema":"1a1c01bbd47fc00a2c39e90264f33305004495a9","hash":"9490554dca9ffcfdef551d58156fcdd0ea7fe587"}
,"D:\\Proyectos\\ProyectifyIA\\backend\\routes\\settingsRoutes.js": {"path":"D:\\Proyectos\\ProyectifyIA\\backend\\routes\\settingsRoutes.js","statementMap":{"0":{"start":{"line":2,"column":16},"end":{"line":2,"column":34}},"1":{"start":{"line":3,"column":15},"end":{"line":3,"column":31}},"2":{"start":{"line":4,"column":20},"end":{"line":4,"column":59}},"3":{"start":{"line":5,"column":40},"end":{"line":5,"column":84}},"4":{"start":{"line":7,"column":0},"end":{"line":7,"column":20}},"5":{"start":{"line":8,"column":0},"end":{"line":8,"column":29}},"6":{"start":{"line":9,"column":0},"end":{"line":9,"column":32}},"7":{"start":{"line":11,"column":0},"end":{"line":11,"column":24}}},"fnMap":{},"branchMap":{},"s":{"0":1,"1":1,"2":1,"3":1,"4":1,"5":1,"6":1,"7":1},"f":{},"b":{},"_coverageSchema":"1a1c01bbd47fc00a2c39e90264f33305004495a9","hash":"a779a760d7fff1fff33116f0054f179e879aa49d"}
,"D:\\Proyectos\\ProyectifyIA\\backend\\routes\\superAdminRoutes.js": {"path":"D:\\Proyectos\\ProyectifyIA\\backend\\routes\\superAdminRoutes.js","statementMap":{"0":{"start":{"line":2,"column":16},"end":{"line":2,"column":34}},"1":{"start":{"line":3,"column":15},"end":{"line":3,"column":31}},"2":{"start":{"line":4,"column":31},"end":{"line":4,"column":70}},"3":{"start":{"line":5,"column":26},"end":{"line":5,"column":72}},"4":{"start":{"line":8,"column":0},"end":{"line":8,"column":75}},"5":{"start":{"line":10,"column":0},"end":{"line":10,"column":24}}},"fnMap":{},"branchMap":{},"s":{"0":1,"1":1,"2":1,"3":1,"4":1,"5":1},"f":{},"b":{},"_coverageSchema":"1a1c01bbd47fc00a2c39e90264f33305004495a9","hash":"13943384bc9f0c4d5a2ae1d742de5a311bb9283d"}
,"D:\\Proyectos\\ProyectifyIA\\backend\\routes\\taskRoutes.js": {"path":"D:\\Proyectos\\ProyectifyIA\\backend\\routes\\taskRoutes.js","statementMap":{"0":{"start":{"line":1,"column":16},"end":{"line":1,"column":34}},"1":{"start":{"line":2,"column":15},"end":{"line":2,"column":31}},"2":{"start":{"line":3,"column":20},"end":{"line":3,"column":59}},"3":{"start":{"line":4,"column":21},"end":{"line":4,"column":53}},"4":{"start":{"line":5,"column":13},"end":{"line":5,"column":43}},"5":{"start":{"line":6,"column":16},"end":{"line":6,"column":49}},"6":{"start":{"line":7,"column":22},"end":{"line":7,"column":61}},"7":{"start":{"line":10,"column":0},"end":{"line":40,"column":4}},"8":{"start":{"line":11,"column":15},"end":{"line":11,"column":55}},"9":{"start":{"line":12,"column":14},"end":{"line":12,"column":24}},"10":{"start":{"line":13,"column":16},"end":{"line":13,"column":65}},"11":{"start":{"line":14,"column":19},"end":{"line":14,"column":20}},"12":{"start":{"line":17,"column":14},"end":{"line":17,"column":77}},"13":{"start":{"line":18,"column":17},"end":{"line":18,"column":36}},"14":{"start":{"line":18,"column":30},"end":{"line":18,"column":35}},"15":{"start":{"line":20,"column":18},"end":{"line":20,"column":91}},"16":{"start":{"line":21,"column":20},"end":{"line":21,"column":47}},"17":{"start":{"line":21,"column":37},"end":{"line":21,"column":46}},"18":{"start":{"line":22,"column":21},"end":{"line":22,"column":60}},"19":{"start":{"line":24,"column":2},"end":{"line":24,"column":51}},"20":{"start":{"line":24,"column":31},"end":{"line":24,"column":51}},"21":{"start":{"line":26,"column":15},"end":{"line":29,"column":3}},"22":{"start":{"line":31,"column":16},"end":{"line":37,"column":47}},"23":{"start":{"line":39,"column":2},"end":{"line":39,"column":18}},"24":{"start":{"line":42,"column":0},"end":{"line":42,"column":24}}},"fnMap":{"0":{"name":"(anonymous_0)","decl":{"start":{"line":10,"column":46},"end":{"line":10,"column":47}},"loc":{"start":{"line":10,"column":66},"end":{"line":40,"column":1}},"line":10},"1":{"name":"(anonymous_1)","decl":{"start":{"line":18,"column":25},"end":{"line":18,"column":26}},"loc":{"start":{"line":18,"column":30},"end":{"line":18,"column":35}},"line":18},"2":{"name":"(anonymous_2)","decl":{"start":{"line":21,"column":32},"end":{"line":21,"column":33}},"loc":{"start":{"line":21,"column":37},"end":{"line":21,"column":46}},"line":21}},"branchMap":{"0":{"loc":{"start":{"line":11,"column":34},"end":{"line":11,"column":53}},"type":"binary-expr","locations":[{"start":{"line":11,"column":34},"end":{"line":11,"column":48}},{"start":{"line":11,"column":52},"end":{"line":11,"column":53}}],"line":11},"1":{"loc":{"start":{"line":24,"column":2},"end":{"line":24,"column":51}},"type":"if","locations":[{"start":{"line":24,"column":2},"end":{"line":24,"column":51}},{"start":{},"end":{}}],"line":24}},"s":{"0":2,"1":2,"2":2,"3":2,"4":2,"5":2,"6":2,"7":2,"8":0,"9":0,"10":0,"11":0,"12":0,"13":0,"14":0,"15":0,"16":0,"17":0,"18":0,"19":0,"20":0,"21":0,"22":0,"23":0,"24":2},"f":{"0":0,"1":0,"2":0},"b":{"0":[0,0],"1":[0,0]},"_coverageSchema":"1a1c01bbd47fc00a2c39e90264f33305004495a9","hash":"db6c5f94db1b290eec20eec101ce9dd811cf1f20"}
,"D:\\Proyectos\\ProyectifyIA\\backend\\routes\\userRoutes.js": {"path":"D:\\Proyectos\\ProyectifyIA\\backend\\routes\\userRoutes.js","statementMap":{"0":{"start":{"line":2,"column":16},"end":{"line":2,"column":34}},"1":{"start":{"line":3,"column":15},"end":{"line":3,"column":31}},"2":{"start":{"line":4,"column":36},"end":{"line":4,"column":76}},"3":{"start":{"line":5,"column":42},"end":{"line":5,"column":86}},"4":{"start":{"line":7,"column":0},"end":{"line":7,"column":39}},"5":{"start":{"line":8,"column":0},"end":{"line":8,"column":33}},"6":{"start":{"line":11,"column":56},"end":{"line":11,"column":99}},"7":{"start":{"line":12,"column":25},"end":{"line":12,"column":67}},"8":{"start":{"line":13,"column":20},"end":{"line":13,"column":59}},"9":{"start":{"line":14,"column":15},"end":{"line":14,"column":32}},"10":{"start":{"line":15,"column":15},"end":{"line":15,"column":58}},"11":{"start":{"line":16,"column":0},"end":{"line":16,"column":34}},"12":{"start":{"line":17,"column":0},"end":{"line":17,"column":37}},"13":{"start":{"line":18,"column":0},"end":{"line":18,"column":40}},"14":{"start":{"line":19,"column":0},"end":{"line":19,"column":54}},"15":{"start":{"line":20,"column":0},"end":{"line":20,"column":73}},"16":{"start":{"line":23,"column":0},"end":{"line":23,"column":48}},"17":{"start":{"line":24,"column":0},"end":{"line":24,"column":46}},"18":{"start":{"line":26,"column":0},"end":{"line":26,"column":24}}},"fnMap":{},"branchMap":{},"s":{"0":2,"1":2,"2":2,"3":2,"4":2,"5":2,"6":2,"7":2,"8":2,"9":2,"10":2,"11":2,"12":2,"13":2,"14":2,"15":2,"16":2,"17":2,"18":2},"f":{},"b":{},"_coverageSchema":"1a1c01bbd47fc00a2c39e90264f33305004495a9","hash":"86fc3a966259f5b0640e3f18c0a5bd57c99d0a3d"}
,"D:\\Proyectos\\ProyectifyIA\\backend\\services\\dropboxClient.js": {"path":"D:\\Proyectos\\ProyectifyIA\\backend\\services\\dropboxClient.js","statementMap":{"0":{"start":{"line":1,"column":14},"end":{"line":1,"column":30}},"1":{"start":{"line":2,"column":20},"end":{"line":2,"column":38}},"2":{"start":{"line":5,"column":18},"end":{"line":5,"column":22}},"3":{"start":{"line":6,"column":19},"end":{"line":6,"column":20}},"4":{"start":{"line":13,"column":25},"end":{"line":74,"column":1}},"5":{"start":{"line":15,"column":14},"end":{"line":15,"column":24}},"6":{"start":{"line":17,"column":2},"end":{"line":19,"column":3}},"7":{"start":{"line":18,"column":4},"end":{"line":18,"column":23}},"8":{"start":{"line":21,"column":2},"end":{"line":21,"column":82}},"9":{"start":{"line":24,"column":23},"end":{"line":24,"column":70}},"10":{"start":{"line":25,"column":2},"end":{"line":30,"column":3}},"11":{"start":{"line":26,"column":4},"end":{"line":26,"column":31}},"12":{"start":{"line":28,"column":4},"end":{"line":28,"column":47}},"13":{"start":{"line":29,"column":4},"end":{"line":29,"column":23}},"14":{"start":{"line":33,"column":23},"end":{"line":33,"column":71}},"15":{"start":{"line":34,"column":19},"end":{"line":34,"column":46}},"16":{"start":{"line":35,"column":23},"end":{"line":35,"column":53}},"17":{"start":{"line":37,"column":2},"end":{"line":39,"column":3}},"18":{"start":{"line":38,"column":4},"end":{"line":38,"column":125}},"19":{"start":{"line":42,"column":17},"end":{"line":42,"column":38}},"20":{"start":{"line":43,"column":2},"end":{"line":43,"column":47}},"21":{"start":{"line":44,"column":2},"end":{"line":44,"column":47}},"22":{"start":{"line":45,"column":2},"end":{"line":45,"column":39}},"23":{"start":{"line":46,"column":2},"end":{"line":46,"column":47}},"24":{"start":{"line":48,"column":2},"end":{"line":48,"column":82}},"25":{"start":{"line":50,"column":2},"end":{"line":73,"column":3}},"26":{"start":{"line":52,"column":21},"end":{"line":55,"column":6}},"27":{"start":{"line":58,"column":4},"end":{"line":58,"column":36}},"28":{"start":{"line":60,"column":24},"end":{"line":60,"column":56}},"29":{"start":{"line":61,"column":4},"end":{"line":61,"column":44}},"30":{"start":{"line":63,"column":4},"end":{"line":63,"column":66}},"31":{"start":{"line":64,"column":4},"end":{"line":64,"column":23}},"32":{"start":{"line":68,"column":25},"end":{"line":68,"column":69}},"33":{"start":{"line":69,"column":4},"end":{"line":69,"column":86}},"34":{"start":{"line":72,"column":4},"end":{"line":72,"column":119}},"35":{"start":{"line":79,"column":25},"end":{"line":87,"column":1}},"36":{"start":{"line":80,"column":2},"end":{"line":86,"column":3}},"37":{"start":{"line":81,"column":24},"end":{"line":81,"column":48}},"38":{"start":{"line":82,"column":4},"end":{"line":82,"column":40}},"39":{"start":{"line":84,"column":4},"end":{"line":84,"column":76}},"40":{"start":{"line":85,"column":4},"end":{"line":85,"column":16}},"41":{"start":{"line":89,"column":0},"end":{"line":89,"column":56}}},"fnMap":{"0":{"name":"(anonymous_0)","decl":{"start":{"line":13,"column":25},"end":{"line":13,"column":26}},"loc":{"start":{"line":13,"column":37},"end":{"line":74,"column":1}},"line":13},"1":{"name":"(anonymous_1)","decl":{"start":{"line":79,"column":25},"end":{"line":79,"column":26}},"loc":{"start":{"line":79,"column":37},"end":{"line":87,"column":1}},"line":79}},"branchMap":{"0":{"loc":{"start":{"line":17,"column":2},"end":{"line":19,"column":3}},"type":"if","locations":[{"start":{"line":17,"column":2},"end":{"line":19,"column":3}},{"start":{},"end":{}}],"line":17},"1":{"loc":{"start":{"line":17,"column":6},"end":{"line":17,"column":48}},"type":"binary-expr","locations":[{"start":{"line":17,"column":6},"end":{"line":17,"column":17}},{"start":{"line":17,"column":21},"end":{"line":17,"column":48}}],"line":17},"2":{"loc":{"start":{"line":24,"column":24},"end":{"line":24,"column":62}},"type":"binary-expr","locations":[{"start":{"line":24,"column":24},"end":{"line":24,"column":56}},{"start":{"line":24,"column":60},"end":{"line":24,"column":62}}],"line":24},"3":{"loc":{"start":{"line":25,"column":2},"end":{"line":30,"column":3}},"type":"if","locations":[{"start":{"line":25,"column":2},"end":{"line":30,"column":3}},{"start":{},"end":{}}],"line":25},"4":{"loc":{"start":{"line":33,"column":24},"end":{"line":33,"column":63}},"type":"binary-expr","locations":[{"start":{"line":33,"column":24},"end":{"line":33,"column":57}},{"start":{"line":33,"column":61},"end":{"line":33,"column":63}}],"line":33},"5":{"loc":{"start":{"line":37,"column":2},"end":{"line":39,"column":3}},"type":"if","locations":[{"start":{"line":37,"column":2},"end":{"line":39,"column":3}},{"start":{},"end":{}}],"line":37},"6":{"loc":{"start":{"line":37,"column":6},"end":{"line":37,"column":49}},"type":"binary-expr","locations":[{"start":{"line":37,"column":6},"end":{"line":37,"column":19}},{"start":{"line":37,"column":23},"end":{"line":37,"column":32}},{"start":{"line":37,"column":36},"end":{"line":37,"column":49}}],"line":37},"7":{"loc":{"start":{"line":60,"column":25},"end":{"line":60,"column":48}},"type":"binary-expr","locations":[{"start":{"line":60,"column":25},"end":{"line":60,"column":40}},{"start":{"line":60,"column":44},"end":{"line":60,"column":48}}],"line":60},"8":{"loc":{"start":{"line":68,"column":25},"end":{"line":68,"column":69}},"type":"binary-expr","locations":[{"start":{"line":68,"column":25},"end":{"line":68,"column":43}},{"start":{"line":68,"column":47},"end":{"line":68,"column":69}}],"line":68},"9":{"loc":{"start":{"line":72,"column":63},"end":{"line":72,"column":115}},"type":"binary-expr","locations":[{"start":{"line":72,"column":63},"end":{"line":72,"column":93}},{"start":{"line":72,"column":97},"end":{"line":72,"column":115}}],"line":72}},"s":{"0":9,"1":9,"2":9,"3":9,"4":9,"5":5,"6":5,"7":1,"8":4,"9":4,"10":4,"11":2,"12":2,"13":2,"14":2,"15":2,"16":2,"17":2,"18":1,"19":1,"20":1,"21":1,"22":1,"23":1,"24":1,"25":1,"26":1,"27":1,"28":1,"29":1,"30":1,"31":1,"32":0,"33":0,"34":0,"35":9,"36":2,"37":2,"38":2,"39":0,"40":0,"41":9},"f":{"0":5,"1":2},"b":{"0":[1,4],"1":[5,1],"2":[4,2],"3":[2,2],"4":[2,1],"5":[1,1],"6":[2,1,1],"7":[1,0],"8":[0,0],"9":[0,0]},"_coverageSchema":"1a1c01bbd47fc00a2c39e90264f33305004495a9","hash":"c9a32b833aa5c632b2866a9b91bc7259e1bfb01c"}
}
