TN:
SF:server.js
FN:20,(anonymous_0)
FN:22,(anonymous_1)
FN:29,(anonymous_2)
FN:35,(anonymous_3)
FNF:4
FNH:0
FNDA:0,(anonymous_0)
FNDA:0,(anonymous_1)
FNDA:0,(anonymous_2)
FNDA:0,(anonymous_3)
DA:1,1
DA:2,1
DA:3,1
DA:4,1
DA:5,1
DA:6,1
DA:8,1
DA:9,1
DA:10,1
DA:11,1
DA:13,1
DA:14,1
DA:15,1
DA:16,1
DA:18,1
DA:19,0
DA:20,0
DA:22,1
DA:25,1
DA:27,1
DA:28,1
DA:29,0
DA:32,1
DA:35,1
DA:36,0
DA:37,0
LF:26
LH:21
BRDA:18,0,0,0
BRDA:18,0,1,1
BRDA:27,1,0,1
BRDA:27,1,1,1
BRDA:28,2,0,0
BRDA:28,2,1,1
BRF:6
BRH:4
end_of_record
TN:
SF:config\db.js
FN:4,(anonymous_0)
FNF:1
FNH:1
FNDA:1,(anonymous_0)
DA:2,1
DA:4,1
DA:5,1
DA:6,1
DA:7,1
DA:9,0
DA:10,0
DA:14,1
LF:8
LH:6
BRF:0
BRH:0
end_of_record
TN:
SF:controllers\aiController.js
FN:11,(anonymous_0)
FN:16,(anonymous_1)
FN:23,(anonymous_2)
FN:31,(anonymous_3)
FN:41,(anonymous_4)
FN:46,(anonymous_5)
FN:47,(anonymous_6)
FN:55,(anonymous_7)
FN:67,(anonymous_8)
FN:93,(anonymous_9)
FN:102,(anonymous_10)
FN:108,(anonymous_11)
FN:136,(anonymous_12)
FN:171,(anonymous_13)
FN:175,(anonymous_14)
FN:186,(anonymous_15)
FNF:16
FNH:14
FNDA:4,(anonymous_0)
FNDA:0,(anonymous_1)
FNDA:4,(anonymous_2)
FNDA:1,(anonymous_3)
FNDA:4,(anonymous_4)
FNDA:1,(anonymous_5)
FNDA:2,(anonymous_6)
FNDA:6,(anonymous_7)
FNDA:4,(anonymous_8)
FNDA:2,(anonymous_9)
FNDA:0,(anonymous_10)
FNDA:1,(anonymous_11)
FNDA:5,(anonymous_12)
FNDA:2,(anonymous_13)
FNDA:1,(anonymous_14)
FNDA:1,(anonymous_15)
DA:4,4
DA:5,4
DA:7,4
DA:11,4
DA:12,4
DA:13,3
DA:16,4
DA:23,4
DA:25,4
DA:26,5
DA:28,1
DA:29,1
DA:30,1
DA:31,1
DA:32,1
DA:34,0
DA:37,0
DA:41,4
DA:42,4
DA:43,4
DA:45,1
DA:46,1
DA:47,2
DA:48,1
DA:55,4
DA:56,6
DA:57,6
DA:58,6
DA:59,3
DA:62,3
DA:64,3
DA:67,4
DA:76,3
DA:77,3
DA:78,3
DA:80,0
DA:81,0
DA:82,0
DA:93,4
DA:94,2
DA:95,2
DA:96,2
DA:97,1
DA:100,1
DA:101,1
DA:102,0
DA:108,1
DA:117,1
DA:118,1
DA:119,1
DA:121,0
DA:122,0
DA:123,0
DA:136,4
DA:137,5
DA:138,5
DA:139,5
DA:140,1
DA:142,4
DA:143,4
DA:144,0
DA:148,4
DA:149,0
DA:150,0
DA:151,0
DA:152,0
DA:156,4
DA:157,4
DA:159,4
DA:161,4
DA:162,2
DA:163,2
DA:166,2
DA:167,2
DA:168,0
DA:171,2
DA:172,2
DA:173,2
DA:174,2
DA:175,2
DA:176,2
DA:178,2
DA:179,2
DA:180,2
DA:181,2
DA:184,2
DA:185,2
DA:186,2
DA:187,2
DA:190,2
DA:193,2
DA:204,2
DA:206,0
DA:207,0
DA:208,0
DA:209,0
DA:215,4
LF:97
LH:78
BRDA:11,0,0,0
BRDA:12,1,0,1
BRDA:12,1,1,3
BRDA:12,2,0,1
BRDA:12,2,1,1
BRDA:13,3,0,3
BRDA:13,3,1,3
BRDA:23,4,0,4
BRDA:23,5,0,4
BRDA:23,6,0,4
BRDA:29,7,0,1
BRDA:29,7,1,1
BRDA:30,8,0,1
BRDA:30,8,1,0
BRDA:30,9,0,1
BRDA:30,9,1,1
BRDA:42,10,0,0
BRDA:42,10,1,4
BRDA:43,11,0,3
BRDA:43,11,1,1
BRDA:43,12,0,4
BRDA:43,12,1,3
BRDA:45,13,0,1
BRDA:45,13,1,0
BRDA:46,14,0,1
BRDA:46,14,1,0
BRDA:57,15,0,6
BRDA:57,15,1,0
BRDA:58,16,0,3
BRDA:58,16,1,3
BRDA:58,17,0,6
BRDA:58,17,1,3
BRDA:58,17,2,3
BRDA:64,18,0,3
BRDA:64,18,1,0
BRDA:64,18,2,3
BRDA:81,19,0,0
BRDA:81,19,1,0
BRDA:95,20,0,2
BRDA:95,21,0,2
BRDA:95,21,1,0
BRDA:96,22,0,1
BRDA:96,22,1,1
BRDA:96,23,0,2
BRDA:96,23,1,1
BRDA:96,23,2,1
BRDA:101,24,0,1
BRDA:101,24,1,0
BRDA:103,25,0,0
BRDA:103,25,1,0
BRDA:104,26,0,0
BRDA:104,26,1,0
BRDA:122,27,0,0
BRDA:122,27,1,0
BRDA:138,28,0,4
BRDA:138,29,0,5
BRDA:138,29,1,0
BRDA:139,30,0,1
BRDA:139,30,1,4
BRDA:139,31,0,5
BRDA:139,31,1,4
BRDA:143,32,0,0
BRDA:143,32,1,4
BRDA:148,33,0,0
BRDA:148,33,1,4
BRDA:148,34,0,4
BRDA:148,34,1,4
BRDA:150,35,0,0
BRDA:150,35,1,0
BRDA:150,36,0,0
BRDA:150,36,1,0
BRDA:157,37,0,0
BRDA:157,37,1,4
BRDA:157,38,0,4
BRDA:157,38,1,0
BRDA:161,39,0,2
BRDA:161,39,1,2
BRDA:166,40,0,2
BRDA:166,40,1,0
BRDA:167,41,0,0
BRDA:167,41,1,2
BRDA:171,42,0,2
BRDA:171,42,1,0
BRDA:172,43,0,2
BRDA:172,43,1,0
BRDA:173,44,0,2
BRDA:173,44,1,1
BRDA:174,45,0,2
BRDA:174,45,1,1
BRDA:174,45,2,1
BRDA:175,46,0,2
BRDA:175,46,1,1
BRDA:179,47,0,2
BRDA:179,47,1,1
BRDA:181,48,0,1
BRDA:181,48,1,1
BRDA:185,49,0,1
BRDA:185,49,1,1
BRDA:186,50,0,1
BRDA:186,50,1,1
BRDA:186,51,0,1
BRDA:186,51,1,0
BRDA:187,52,0,1
BRDA:187,52,1,1
BRDA:190,53,0,2
BRDA:190,53,1,1
BRDA:190,53,2,1
BRDA:196,54,0,2
BRDA:196,54,1,1
BRDA:196,54,2,0
BRDA:200,55,0,2
BRDA:200,55,1,1
BRDA:208,56,0,0
BRDA:208,56,1,0
BRDA:208,57,0,0
BRDA:208,57,1,0
BRDA:208,57,2,0
BRF:117
BRH:80
end_of_record
TN:
SF:controllers\libraryController.js
FN:9,(anonymous_0)
FN:48,(anonymous_1)
FN:78,(anonymous_2)
FN:102,(anonymous_3)
FN:131,(anonymous_4)
FNF:5
FNH:5
FNDA:2,(anonymous_0)
FNDA:2,(anonymous_1)
FNDA:2,(anonymous_2)
FNDA:4,(anonymous_3)
FNDA:4,(anonymous_4)
DA:2,3
DA:3,3
DA:4,3
DA:5,3
DA:6,3
DA:9,3
DA:10,2
DA:11,2
DA:12,0
DA:13,0
DA:16,2
DA:17,2
DA:19,2
DA:23,2
DA:25,2
DA:26,1
DA:27,1
DA:28,1
DA:35,2
DA:40,2
DA:44,2
DA:48,3
DA:49,2
DA:50,2
DA:52,2
DA:53,2
DA:54,1
DA:55,1
DA:57,1
DA:58,1
DA:61,1
DA:62,1
DA:64,1
DA:65,1
DA:70,1
DA:75,1
DA:77,1
DA:78,2
DA:81,1
DA:90,1
DA:92,0
DA:93,0
DA:94,0
DA:98,0
DA:102,3
DA:103,4
DA:104,4
DA:105,0
DA:106,0
DA:109,4
DA:113,4
DA:114,2
DA:115,2
DA:118,2
DA:127,2
DA:131,3
DA:132,4
DA:133,4
DA:134,1
DA:135,1
DA:137,3
DA:138,2
DA:139,2
DA:141,1
DA:142,1
DA:145,3
LF:66
LH:58
BRDA:10,0,0,2
BRDA:10,0,1,0
BRDA:11,1,0,0
BRDA:11,1,1,2
BRDA:16,2,0,2
BRDA:16,2,1,1
BRDA:20,3,0,1
BRDA:20,3,1,1
BRDA:25,4,0,1
BRDA:25,4,1,1
BRDA:52,5,0,2
BRDA:52,5,1,0
BRDA:53,6,0,1
BRDA:53,6,1,1
BRDA:57,7,0,1
BRDA:57,7,1,0
BRDA:77,8,0,1
BRDA:77,8,1,0
BRDA:84,9,0,1
BRDA:84,9,1,0
BRDA:104,10,0,0
BRDA:104,10,1,4
BRDA:104,11,0,4
BRDA:104,11,1,4
BRDA:104,11,2,4
BRDA:113,12,0,2
BRDA:113,12,1,2
BRDA:133,13,0,1
BRDA:133,13,1,3
BRDA:137,14,0,2
BRDA:137,14,1,1
BRF:31
BRH:24
end_of_record
TN:
SF:controllers\projectController.js
FN:7,(anonymous_0)
FN:13,(anonymous_1)
FN:34,(anonymous_2)
FN:43,(anonymous_3)
FN:53,(anonymous_4)
FN:63,(anonymous_5)
FNF:6
FNH:4
FNDA:0,(anonymous_0)
FNDA:4,(anonymous_1)
FNDA:0,(anonymous_2)
FNDA:1,(anonymous_3)
FNDA:1,(anonymous_4)
FNDA:1,(anonymous_5)
DA:1,3
DA:2,3
DA:3,3
DA:4,3
DA:7,3
DA:8,0
DA:9,0
DA:13,3
DA:14,4
DA:15,4
DA:16,1
DA:17,1
DA:19,3
DA:20,3
DA:21,2
DA:22,2
DA:27,2
DA:30,3
DA:34,3
DA:35,0
DA:36,0
DA:37,0
DA:38,0
DA:39,0
DA:43,3
DA:44,1
DA:45,1
DA:46,1
DA:47,1
DA:48,1
DA:49,1
DA:53,3
DA:54,1
DA:55,1
DA:56,0
DA:58,1
DA:59,1
DA:63,3
DA:64,1
DA:65,1
DA:66,1
DA:67,0
DA:69,1
DA:75,1
DA:76,1
DA:77,1
DA:84,1
DA:87,1
DA:90,3
LF:49
LH:40
BRDA:15,0,0,1
BRDA:15,0,1,3
BRDA:15,1,0,4
BRDA:15,1,1,3
BRDA:15,1,2,3
BRDA:20,2,0,2
BRDA:20,2,1,1
BRDA:20,3,0,3
BRDA:20,3,1,3
BRDA:36,4,0,0
BRDA:36,4,1,0
BRDA:37,5,0,0
BRDA:37,5,1,0
BRDA:45,6,0,0
BRDA:45,6,1,1
BRDA:46,7,0,0
BRDA:46,7,1,1
BRDA:55,8,0,0
BRDA:55,8,1,1
BRDA:55,9,0,1
BRDA:55,9,1,1
BRDA:66,10,0,0
BRDA:66,10,1,1
BRDA:66,11,0,1
BRDA:66,11,1,1
BRDA:75,12,0,1
BRDA:75,12,1,0
BRDA:75,13,0,1
BRDA:75,13,1,1
BRF:29
BRH:20
end_of_record
TN:
SF:controllers\taskController.js
FN:7,(anonymous_0)
FN:11,(anonymous_1)
FN:18,(anonymous_2)
FNF:3
FNH:2
FNDA:1,(anonymous_0)
FNDA:0,(anonymous_1)
FNDA:2,(anonymous_2)
DA:1,1
DA:2,1
DA:3,1
DA:4,1
DA:7,1
DA:8,1
DA:9,1
DA:10,1
DA:11,1
DA:12,1
DA:13,0
DA:14,0
DA:18,1
DA:19,2
DA:20,2
DA:22,2
DA:23,0
DA:26,2
DA:27,2
DA:28,0
DA:31,2
DA:32,1
DA:35,1
DA:42,1
DA:43,0
DA:44,0
DA:54,0
DA:55,0
DA:56,0
DA:58,0
DA:62,1
DA:65,1
LF:32
LH:22
BRDA:10,0,0,0
BRDA:10,0,1,1
BRDA:12,1,0,1
BRDA:12,1,1,0
BRDA:12,2,0,1
BRDA:12,2,1,1
BRDA:22,3,0,0
BRDA:22,3,1,2
BRDA:27,4,0,0
BRDA:27,4,1,2
BRDA:31,5,0,1
BRDA:31,5,1,1
BRDA:42,6,0,0
BRDA:42,6,1,1
BRDA:42,7,0,1
BRDA:42,7,1,1
BRF:16
BRH:11
end_of_record
TN:
SF:controllers\userController.js
FN:9,(anonymous_0)
FN:18,(anonymous_1)
FN:63,(anonymous_2)
FNF:3
FNH:3
FNDA:4,(anonymous_0)
FNDA:3,(anonymous_1)
FNDA:3,(anonymous_2)
DA:2,2
DA:3,2
DA:4,2
DA:5,2
DA:9,2
DA:10,4
DA:18,2
DA:19,3
DA:22,3
DA:23,1
DA:24,1
DA:28,2
DA:30,2
DA:31,0
DA:32,0
DA:36,2
DA:37,2
DA:40,2
DA:47,2
DA:48,2
DA:55,0
DA:56,0
DA:63,2
DA:65,3
DA:68,3
DA:72,3
DA:74,2
DA:82,1
DA:83,1
DA:88,2
LF:30
LH:26
BRDA:22,0,0,1
BRDA:22,0,1,2
BRDA:22,1,0,3
BRDA:22,1,1,2
BRDA:22,1,2,2
BRDA:30,2,0,0
BRDA:30,2,1,2
BRDA:47,3,0,2
BRDA:47,3,1,0
BRDA:72,4,0,2
BRDA:72,4,1,1
BRDA:72,5,0,3
BRDA:72,5,1,2
BRF:13
BRH:11
end_of_record
TN:
SF:middleware\authMiddleware.js
FN:6,(anonymous_0)
FNF:1
FNH:1
FNDA:7,(anonymous_0)
DA:2,2
DA:3,2
DA:4,2
DA:6,2
DA:10,7
DA:11,6
DA:13,6
DA:16,6
DA:21,5
DA:23,5
DA:25,1
DA:26,1
DA:27,1
DA:31,6
DA:32,1
DA:33,1
DA:37,2
LF:17
LH:17
BRDA:10,0,0,6
BRDA:10,0,1,1
BRDA:10,1,0,7
BRDA:10,1,1,6
BRDA:31,2,0,1
BRDA:31,2,1,5
BRF:6
BRH:6
end_of_record
TN:
SF:middleware\errorMiddleware.js
FN:3,(anonymous_0)
FNF:1
FNH:1
FNDA:1,(anonymous_0)
DA:3,2
DA:5,1
DA:9,1
DA:10,1
DA:11,1
DA:12,1
DA:14,1
DA:17,1
DA:24,2
LF:9
LH:9
BRDA:5,0,0,1
BRDA:5,0,1,0
BRDA:20,1,0,0
BRDA:20,1,1,1
BRF:4
BRH:2
end_of_record
TN:
SF:models\libraryItemModel.js
FNF:0
FNH:0
DA:1,3
DA:3,3
DA:38,3
DA:46,3
LF:4
LH:4
BRF:0
BRH:0
end_of_record
TN:
SF:models\projectModel.js
FNF:0
FNH:0
DA:1,3
DA:3,3
DA:28,3
LF:3
LH:3
BRF:0
BRH:0
end_of_record
TN:
SF:models\taskModel.js
FNF:0
FNH:0
DA:2,3
DA:4,3
DA:31,3
LF:3
LH:3
BRF:0
BRH:0
end_of_record
TN:
SF:models\userModel.js
FNF:0
FNH:0
DA:2,6
DA:4,6
DA:23,6
LF:3
LH:3
BRF:0
BRH:0
end_of_record
TN:
SF:routes\aiRoutes.js
FNF:0
FNH:0
DA:2,1
DA:3,1
DA:9,1
DA:11,1
DA:14,1
DA:15,1
DA:16,1
DA:18,1
LF:8
LH:8
BRF:0
BRH:0
end_of_record
TN:
SF:routes\libraryRoutes.js
FN:5,(anonymous_0)
FNF:1
FNH:0
FNDA:0,(anonymous_0)
DA:1,1
DA:2,1
DA:5,1
DA:6,0
DA:7,0
DA:15,1
DA:17,1
DA:18,1
DA:20,1
DA:21,1
DA:24,1
DA:29,1
DA:33,1
DA:36,1
LF:14
LH:12
BRF:0
BRH:0
end_of_record
TN:
SF:routes\projectRoutes.js
FNF:0
FNH:0
DA:1,1
DA:2,1
DA:10,1
DA:11,1
DA:13,1
DA:17,1
DA:22,1
DA:26,1
LF:8
LH:8
BRF:0
BRH:0
end_of_record
TN:
SF:routes\userRoutes.js
FNF:0
FNH:0
DA:2,1
DA:3,1
DA:5,1
DA:7,1
DA:8,1
DA:10,1
LF:6
LH:6
BRF:0
BRH:0
end_of_record
