TN:
SF:server.js
FN:17,(anonymous_0)
FN:23,(anonymous_1)
FN:36,(anonymous_2)
FN:65,(anonymous_3)
FN:66,(anonymous_4)
FN:79,(anonymous_5)
FN:81,(anonymous_6)
FN:86,(anonymous_7)
FN:99,(anonymous_8)
FN:102,(anonymous_9)
FN:104,(anonymous_10)
FNF:11
FNH:3
FNDA:6,(anonymous_0)
FNDA:6,(anonymous_1)
FNDA:6,(anonymous_2)
FNDA:0,(anonymous_3)
FNDA:0,(anonymous_4)
FNDA:0,(anonymous_5)
FNDA:0,(anonymous_6)
FNDA:0,(anonymous_7)
FNDA:0,(anonymous_8)
FNDA:0,(anonymous_9)
FNDA:0,(anonymous_10)
DA:1,1
DA:2,1
DA:3,1
DA:4,1
DA:5,1
DA:6,1
DA:7,1
DA:8,1
DA:10,1
DA:11,1
DA:14,1
DA:17,1
DA:18,6
DA:19,6
DA:23,1
DA:24,6
DA:25,6
DA:28,6
DA:29,0
DA:30,0
DA:32,6
DA:36,1
DA:38,6
DA:39,6
DA:40,6
DA:41,6
DA:44,6
DA:47,1
DA:48,1
DA:50,1
DA:51,1
DA:52,1
DA:53,1
DA:54,1
DA:55,1
DA:56,1
DA:57,1
DA:58,1
DA:59,1
DA:60,1
DA:62,1
DA:65,1
DA:66,1
DA:67,0
DA:68,0
DA:69,0
DA:70,0
DA:71,0
DA:73,0
DA:77,1
DA:78,0
DA:79,0
DA:81,1
DA:84,1
DA:85,1
DA:86,1
DA:88,0
DA:89,0
DA:94,1
DA:97,1
DA:98,0
DA:99,0
DA:102,0
DA:103,0
DA:104,0
DA:105,0
DA:106,0
DA:107,0
DA:108,0
DA:111,0
LF:70
LH:48
BRDA:24,0,0,6
BRDA:24,0,1,6
BRDA:25,1,0,0
BRDA:25,1,1,6
BRDA:25,2,0,6
BRDA:25,2,1,0
BRDA:25,2,2,0
BRDA:25,2,3,0
BRDA:28,3,0,0
BRDA:28,3,1,6
BRDA:28,4,0,6
BRDA:28,4,1,0
BRDA:28,4,2,0
BRDA:69,5,0,0
BRDA:69,5,1,0
BRDA:70,6,0,0
BRDA:70,6,1,0
BRDA:77,7,0,0
BRDA:77,7,1,1
BRDA:88,8,0,0
BRDA:88,8,1,0
BRDA:97,9,0,0
BRDA:97,9,1,1
BRDA:98,10,0,0
BRDA:98,10,1,0
BRDA:107,11,0,0
BRDA:107,11,1,0
BRDA:107,12,0,0
BRDA:107,12,1,0
BRF:29
BRH:8
end_of_record
TN:
SF:config\db.js
FN:5,tryConnect
FN:10,(anonymous_1)
FN:16,(anonymous_2)
FNF:3
FNH:3
FNDA:1,tryConnect
FNDA:1,(anonymous_1)
FNDA:1,(anonymous_2)
DA:2,2
DA:3,2
DA:6,1
DA:7,1
DA:11,1
DA:12,1
DA:16,2
DA:17,1
DA:18,1
DA:20,1
DA:22,1
DA:23,1
DA:24,1
DA:26,0
DA:27,0
DA:28,0
DA:29,0
DA:30,0
DA:34,0
DA:35,0
DA:36,0
DA:38,0
DA:39,0
DA:43,2
LF:24
LH:14
BRDA:6,0,0,0
BRDA:6,0,1,1
BRDA:26,1,0,0
BRDA:26,1,1,0
BRDA:26,1,2,0
BRDA:27,2,0,0
BRDA:27,2,1,0
BRDA:28,3,0,0
BRDA:28,3,1,0
BRDA:28,4,0,0
BRDA:28,4,1,0
BRDA:38,5,0,0
BRDA:38,5,1,0
BRDA:38,5,2,0
BRF:14
BRH:1
end_of_record
TN:
SF:config\email.js
FN:5,createTransport
FN:20,sendMail
FNF:2
FNH:2
FNDA:1,createTransport
FNDA:3,sendMail
DA:2,10
DA:3,10
DA:6,1
DA:7,1
DA:8,1
DA:9,1
DA:10,1
DA:12,1
DA:13,0
DA:17,1
DA:21,3
DA:24,3
DA:25,3
DA:26,2
DA:27,2
DA:35,2
DA:43,1
DA:45,1
DA:46,1
DA:47,1
DA:48,1
DA:49,1
DA:50,1
DA:51,0
DA:52,0
DA:54,1
DA:55,1
DA:56,1
DA:57,1
DA:62,1
DA:63,1
DA:64,1
DA:65,1
DA:67,1
DA:70,10
LF:35
LH:32
BRDA:7,0,0,1
BRDA:7,0,1,1
BRDA:10,1,0,1
BRDA:10,1,1,1
BRDA:12,2,0,0
BRDA:12,2,1,1
BRDA:12,3,0,1
BRDA:12,3,1,0
BRDA:12,3,2,0
BRDA:12,3,3,0
BRDA:21,4,0,3
BRDA:21,4,1,3
BRDA:21,4,2,3
BRDA:21,4,3,3
BRDA:25,5,0,2
BRDA:25,5,1,1
BRDA:29,6,0,0
BRDA:29,6,1,2
BRDA:49,7,0,1
BRDA:49,7,1,0
BRDA:51,8,0,0
BRDA:51,8,1,0
BRDA:55,9,0,1
BRDA:55,9,1,0
BRDA:64,10,0,1
BRDA:64,10,1,0
BRDA:64,11,0,1
BRDA:64,11,1,0
BRDA:65,12,0,1
BRDA:65,12,1,0
BRF:30
BRH:18
end_of_record
TN:
SF:controllers\adminUserController.js
FN:13,(anonymous_0)
FN:19,(anonymous_1)
FN:29,(anonymous_2)
FN:61,(anonymous_3)
FN:121,(anonymous_4)
FNF:5
FNH:5
FNDA:1,(anonymous_0)
FNDA:2,(anonymous_1)
FNDA:5,(anonymous_2)
FNDA:4,(anonymous_3)
FNDA:3,(anonymous_4)
DA:2,3
DA:3,3
DA:4,3
DA:5,3
DA:6,3
DA:7,3
DA:8,3
DA:10,3
DA:13,3
DA:14,1
DA:15,1
DA:19,3
DA:20,2
DA:21,2
DA:22,1
DA:23,1
DA:25,1
DA:29,3
DA:30,5
DA:31,5
DA:32,1
DA:33,1
DA:36,4
DA:37,1
DA:38,1
DA:41,3
DA:42,1
DA:43,1
DA:46,2
DA:47,2
DA:48,1
DA:49,1
DA:52,1
DA:53,1
DA:54,1
DA:56,1
DA:57,1
DA:61,3
DA:62,4
DA:64,4
DA:65,4
DA:66,1
DA:67,1
DA:70,3
DA:71,1
DA:72,1
DA:73,1
DA:74,1
DA:76,0
DA:79,2
DA:81,2
DA:82,1
DA:83,1
DA:85,1
DA:86,1
DA:87,1
DA:88,0
DA:89,0
DA:91,1
DA:92,0
DA:93,0
DA:95,1
DA:98,1
DA:99,1
DA:100,1
DA:101,1
DA:104,1
DA:106,1
DA:107,1
DA:117,1
DA:121,3
DA:122,3
DA:124,3
DA:125,3
DA:126,1
DA:127,1
DA:129,2
DA:130,1
DA:131,1
DA:134,1
DA:140,1
DA:141,1
DA:144,3
LF:83
LH:78
BRDA:21,0,0,1
BRDA:21,0,1,1
BRDA:30,1,0,3
BRDA:31,2,0,1
BRDA:31,2,1,4
BRDA:31,3,0,5
BRDA:31,3,1,5
BRDA:31,3,2,5
BRDA:36,4,0,1
BRDA:36,4,1,3
BRDA:36,5,0,4
BRDA:36,5,1,4
BRDA:41,6,0,1
BRDA:41,6,1,2
BRDA:41,7,0,3
BRDA:41,7,1,1
BRDA:47,8,0,1
BRDA:47,8,1,1
BRDA:52,9,0,1
BRDA:52,9,1,1
BRDA:53,10,0,1
BRDA:53,10,1,0
BRDA:65,11,0,1
BRDA:65,11,1,3
BRDA:70,12,0,1
BRDA:70,12,1,2
BRDA:70,13,0,3
BRDA:70,13,1,1
BRDA:72,14,0,1
BRDA:72,14,1,0
BRDA:81,15,0,1
BRDA:81,15,1,1
BRDA:81,16,0,2
BRDA:81,16,1,1
BRDA:85,17,0,0
BRDA:85,17,1,1
BRDA:86,18,0,1
BRDA:86,18,1,0
BRDA:87,19,0,0
BRDA:87,19,1,1
BRDA:91,20,0,0
BRDA:91,20,1,1
BRDA:91,21,0,1
BRDA:91,21,1,0
BRDA:98,22,0,1
BRDA:98,22,1,0
BRDA:99,23,0,1
BRDA:99,23,1,1
BRDA:100,24,0,1
BRDA:100,24,1,0
BRDA:106,25,0,1
BRDA:106,25,1,0
BRDA:106,26,0,1
BRDA:106,26,1,1
BRDA:125,27,0,1
BRDA:125,27,1,2
BRDA:129,28,0,1
BRDA:129,28,1,1
BRDA:129,29,0,2
BRDA:129,29,1,1
BRF:60
BRH:50
end_of_record
TN:
SF:controllers\aiController.js
FN:12,(anonymous_0)
FN:17,(anonymous_1)
FN:24,(anonymous_2)
FN:32,(anonymous_3)
FN:42,(anonymous_4)
FN:47,(anonymous_5)
FN:48,(anonymous_6)
FN:56,(anonymous_7)
FN:68,(anonymous_8)
FN:80,(anonymous_9)
FN:80,(anonymous_10)
FN:103,(anonymous_11)
FN:112,(anonymous_12)
FN:118,(anonymous_13)
FN:129,(anonymous_14)
FN:129,(anonymous_15)
FN:150,(anonymous_16)
FN:185,(anonymous_17)
FN:189,(anonymous_18)
FN:200,(anonymous_19)
FNF:20
FNH:16
FNDA:4,(anonymous_0)
FNDA:0,(anonymous_1)
FNDA:4,(anonymous_2)
FNDA:1,(anonymous_3)
FNDA:4,(anonymous_4)
FNDA:1,(anonymous_5)
FNDA:2,(anonymous_6)
FNDA:6,(anonymous_7)
FNDA:4,(anonymous_8)
FNDA:3,(anonymous_9)
FNDA:0,(anonymous_10)
FNDA:2,(anonymous_11)
FNDA:0,(anonymous_12)
FNDA:1,(anonymous_13)
FNDA:1,(anonymous_14)
FNDA:0,(anonymous_15)
FNDA:5,(anonymous_16)
FNDA:2,(anonymous_17)
FNDA:1,(anonymous_18)
FNDA:1,(anonymous_19)
DA:4,5
DA:5,5
DA:6,5
DA:8,5
DA:12,5
DA:13,4
DA:14,3
DA:17,5
DA:24,5
DA:26,4
DA:27,5
DA:29,1
DA:30,1
DA:31,1
DA:32,1
DA:33,1
DA:35,0
DA:38,0
DA:42,5
DA:43,4
DA:44,4
DA:46,1
DA:47,1
DA:48,2
DA:49,1
DA:56,5
DA:57,6
DA:58,6
DA:59,6
DA:60,3
DA:63,3
DA:65,3
DA:68,4
DA:77,3
DA:78,3
DA:80,3
DA:82,3
DA:84,3
DA:85,3
DA:87,3
DA:89,0
DA:90,0
DA:91,0
DA:92,0
DA:103,5
DA:104,2
DA:105,2
DA:106,2
DA:107,1
DA:110,1
DA:111,1
DA:112,0
DA:118,1
DA:126,1
DA:127,1
DA:129,1
DA:131,1
DA:132,1
DA:134,0
DA:135,0
DA:136,0
DA:137,0
DA:150,5
DA:151,5
DA:152,5
DA:153,5
DA:154,1
DA:156,4
DA:157,4
DA:158,0
DA:162,4
DA:163,0
DA:164,0
DA:165,0
DA:166,0
DA:170,4
DA:171,4
DA:173,4
DA:175,4
DA:176,2
DA:177,2
DA:180,2
DA:181,2
DA:182,0
DA:185,2
DA:186,2
DA:187,2
DA:188,2
DA:189,2
DA:190,2
DA:192,2
DA:193,2
DA:194,2
DA:195,2
DA:198,2
DA:199,2
DA:200,2
DA:201,2
DA:204,2
DA:207,2
DA:218,2
DA:220,0
DA:221,0
DA:222,0
DA:223,0
DA:229,5
LF:106
LH:85
BRDA:12,0,0,0
BRDA:13,1,0,1
BRDA:13,1,1,3
BRDA:13,2,0,1
BRDA:13,2,1,1
BRDA:14,3,0,3
BRDA:14,3,1,3
BRDA:24,4,0,4
BRDA:24,5,0,4
BRDA:24,6,0,4
BRDA:30,7,0,1
BRDA:30,7,1,1
BRDA:31,8,0,1
BRDA:31,8,1,0
BRDA:31,9,0,1
BRDA:31,9,1,1
BRDA:43,10,0,0
BRDA:43,10,1,4
BRDA:44,11,0,3
BRDA:44,11,1,1
BRDA:44,12,0,4
BRDA:44,12,1,3
BRDA:46,13,0,1
BRDA:46,13,1,0
BRDA:47,14,0,1
BRDA:47,14,1,0
BRDA:58,15,0,6
BRDA:58,15,1,0
BRDA:59,16,0,3
BRDA:59,16,1,3
BRDA:59,17,0,6
BRDA:59,17,1,3
BRDA:59,17,2,3
BRDA:65,18,0,3
BRDA:65,18,1,0
BRDA:65,18,2,3
BRDA:77,19,0,3
BRDA:77,19,1,3
BRDA:90,20,0,0
BRDA:90,20,1,0
BRDA:93,21,0,0
BRDA:93,21,1,0
BRDA:105,22,0,2
BRDA:105,23,0,2
BRDA:105,23,1,0
BRDA:106,24,0,1
BRDA:106,24,1,1
BRDA:106,25,0,2
BRDA:106,25,1,1
BRDA:106,25,2,1
BRDA:111,26,0,1
BRDA:111,26,1,0
BRDA:113,27,0,0
BRDA:113,27,1,0
BRDA:114,28,0,0
BRDA:114,28,1,0
BRDA:126,29,0,1
BRDA:126,29,1,1
BRDA:135,30,0,0
BRDA:135,30,1,0
BRDA:138,31,0,0
BRDA:138,31,1,0
BRDA:152,32,0,4
BRDA:152,33,0,5
BRDA:152,33,1,0
BRDA:153,34,0,1
BRDA:153,34,1,4
BRDA:153,35,0,5
BRDA:153,35,1,4
BRDA:157,36,0,0
BRDA:157,36,1,4
BRDA:162,37,0,0
BRDA:162,37,1,4
BRDA:162,38,0,4
BRDA:162,38,1,4
BRDA:164,39,0,0
BRDA:164,39,1,0
BRDA:164,40,0,0
BRDA:164,40,1,0
BRDA:171,41,0,0
BRDA:171,41,1,4
BRDA:171,42,0,4
BRDA:171,42,1,0
BRDA:175,43,0,2
BRDA:175,43,1,2
BRDA:180,44,0,2
BRDA:180,44,1,0
BRDA:181,45,0,0
BRDA:181,45,1,2
BRDA:185,46,0,2
BRDA:185,46,1,0
BRDA:186,47,0,2
BRDA:186,47,1,0
BRDA:187,48,0,2
BRDA:187,48,1,1
BRDA:188,49,0,2
BRDA:188,49,1,1
BRDA:188,49,2,1
BRDA:189,50,0,2
BRDA:189,50,1,1
BRDA:193,51,0,2
BRDA:193,51,1,1
BRDA:195,52,0,1
BRDA:195,52,1,1
BRDA:199,53,0,1
BRDA:199,53,1,1
BRDA:200,54,0,1
BRDA:200,54,1,1
BRDA:200,55,0,1
BRDA:200,55,1,0
BRDA:201,56,0,1
BRDA:201,56,1,1
BRDA:204,57,0,2
BRDA:204,57,1,1
BRDA:204,57,2,1
BRDA:210,58,0,2
BRDA:210,58,1,1
BRDA:210,58,2,0
BRDA:214,59,0,2
BRDA:214,59,1,1
BRDA:222,60,0,0
BRDA:222,60,1,0
BRDA:222,61,0,0
BRDA:222,61,1,0
BRDA:222,61,2,0
BRF:125
BRH:84
end_of_record
TN:
SF:controllers\avatarController.js
FN:10,(anonymous_0)
FNF:1
FNH:1
FNDA:4,(anonymous_0)
DA:2,4
DA:3,4
DA:4,4
DA:5,4
DA:10,4
DA:11,4
DA:12,3
DA:13,3
DA:14,2
DA:16,1
DA:17,1
DA:18,1
DA:19,1
DA:20,1
DA:21,1
DA:22,1
DA:24,1
DA:25,1
DA:27,1
DA:28,1
DA:31,4
LF:21
LH:21
BRDA:11,0,0,1
BRDA:11,0,1,3
BRDA:12,1,0,3
BRDA:12,1,1,0
BRDA:13,2,0,1
BRDA:13,2,1,2
BRDA:14,3,0,1
BRDA:14,3,1,1
BRDA:17,4,0,1
BRDA:17,4,1,0
BRDA:24,5,0,1
BRDA:24,5,1,1
BRF:12
BRH:10
end_of_record
TN:
SF:controllers\libraryController.js
FN:11,(anonymous_0)
FN:59,(anonymous_1)
FN:89,(anonymous_2)
FN:133,(anonymous_3)
FN:180,(anonymous_4)
FNF:5
FNH:5
FNDA:2,(anonymous_0)
FNDA:2,(anonymous_1)
FNDA:2,(anonymous_2)
FNDA:4,(anonymous_3)
FNDA:4,(anonymous_4)
DA:2,4
DA:3,4
DA:4,4
DA:5,4
DA:6,4
DA:7,4
DA:8,4
DA:11,4
DA:12,2
DA:13,2
DA:14,0
DA:15,0
DA:18,2
DA:19,2
DA:20,2
DA:21,2
DA:22,2
DA:24,2
DA:28,2
DA:30,2
DA:31,1
DA:32,1
DA:33,1
DA:40,2
DA:51,2
DA:55,2
DA:59,4
DA:60,2
DA:61,2
DA:63,2
DA:64,2
DA:65,1
DA:66,1
DA:68,1
DA:69,1
DA:72,1
DA:73,1
DA:75,1
DA:76,1
DA:81,1
DA:86,1
DA:88,1
DA:89,2
DA:92,1
DA:101,1
DA:107,1
DA:108,1
DA:109,1
DA:110,0
DA:111,0
DA:117,0
DA:121,1
DA:123,0
DA:124,0
DA:125,0
DA:129,0
DA:133,4
DA:134,4
DA:135,4
DA:136,0
DA:137,0
DA:140,4
DA:144,4
DA:145,2
DA:146,2
DA:149,2
DA:157,2
DA:163,2
DA:164,2
DA:165,2
DA:166,0
DA:167,0
DA:173,0
DA:176,2
DA:180,4
DA:181,4
DA:182,4
DA:183,1
DA:184,1
DA:186,3
DA:187,2
DA:188,2
DA:190,1
DA:191,1
DA:194,4
LF:85
LH:71
BRDA:12,0,0,2
BRDA:12,0,1,0
BRDA:13,1,0,0
BRDA:13,1,1,2
BRDA:18,2,0,2
BRDA:18,2,1,1
BRDA:20,3,0,2
BRDA:20,3,1,0
BRDA:20,4,0,2
BRDA:20,4,1,2
BRDA:21,5,0,2
BRDA:21,5,1,0
BRDA:21,6,0,2
BRDA:21,6,1,2
BRDA:25,7,0,1
BRDA:25,7,1,1
BRDA:30,8,0,1
BRDA:30,8,1,1
BRDA:63,9,0,2
BRDA:63,9,1,0
BRDA:64,10,0,1
BRDA:64,10,1,1
BRDA:68,11,0,1
BRDA:68,11,1,0
BRDA:88,12,0,1
BRDA:88,12,1,0
BRDA:95,13,0,1
BRDA:95,13,1,0
BRDA:102,14,0,1
BRDA:102,14,1,1
BRDA:108,15,0,1
BRDA:108,15,1,1
BRDA:109,16,0,0
BRDA:109,16,1,1
BRDA:109,17,0,1
BRDA:109,17,1,1
BRDA:109,17,2,1
BRDA:109,17,3,0
BRDA:135,18,0,0
BRDA:135,18,1,4
BRDA:135,19,0,4
BRDA:135,19,1,4
BRDA:135,19,2,4
BRDA:144,20,0,2
BRDA:144,20,1,2
BRDA:158,21,0,2
BRDA:158,21,1,2
BRDA:164,22,0,2
BRDA:164,22,1,2
BRDA:165,23,0,0
BRDA:165,23,1,2
BRDA:165,24,0,2
BRDA:165,24,1,2
BRDA:165,24,2,2
BRDA:165,24,3,0
BRDA:182,25,0,1
BRDA:182,25,1,3
BRDA:186,26,0,2
BRDA:186,26,1,1
BRF:59
BRH:46
end_of_record
TN:
SF:controllers\metricsController.js
FN:8,(anonymous_0)
FN:18,(anonymous_1)
FN:32,(anonymous_2)
FN:41,(anonymous_3)
FN:57,(anonymous_4)
FN:58,(anonymous_5)
FN:60,(anonymous_6)
FN:61,(anonymous_7)
FN:62,(anonymous_8)
FN:72,(anonymous_9)
FN:83,(anonymous_10)
FN:104,(anonymous_11)
FN:105,(anonymous_12)
FN:107,(anonymous_13)
FN:108,(anonymous_14)
FN:109,(anonymous_15)
FNF:16
FNH:16
FNDA:1,(anonymous_0)
FNDA:2,(anonymous_1)
FNDA:4,(anonymous_2)
FNDA:1,(anonymous_3)
FNDA:3,(anonymous_4)
FNDA:1,(anonymous_5)
FNDA:1,(anonymous_6)
FNDA:1,(anonymous_7)
FNDA:1,(anonymous_8)
FNDA:1,(anonymous_9)
FNDA:1,(anonymous_10)
FNDA:3,(anonymous_11)
FNDA:1,(anonymous_12)
FNDA:1,(anonymous_13)
FNDA:1,(anonymous_14)
FNDA:1,(anonymous_15)
DA:2,3
DA:3,3
DA:4,3
DA:5,3
DA:8,3
DA:9,1
DA:14,1
DA:18,3
DA:19,2
DA:20,2
DA:25,2
DA:31,2
DA:32,4
DA:33,1
DA:34,1
DA:35,1
DA:38,3
DA:41,3
DA:42,1
DA:43,1
DA:45,1
DA:51,1
DA:57,3
DA:58,1
DA:60,1
DA:61,1
DA:62,1
DA:65,1
DA:68,3
DA:72,3
DA:73,1
DA:74,1
DA:79,1
DA:83,3
DA:84,1
DA:85,1
DA:86,1
DA:88,1
DA:93,1
DA:98,1
DA:104,3
DA:105,1
DA:107,1
DA:108,1
DA:109,1
DA:112,1
DA:115,3
DA:116,3
LF:48
LH:48
BRDA:19,0,0,2
BRDA:19,0,1,1
BRDA:31,1,0,1
BRDA:31,1,1,1
BRDA:42,2,0,1
BRDA:42,2,1,0
BRDA:42,3,0,1
BRDA:42,3,1,0
BRDA:60,4,0,1
BRDA:60,4,1,0
BRDA:61,5,0,1
BRDA:61,5,1,0
BRDA:62,6,0,1
BRDA:62,6,1,1
BRDA:85,7,0,1
BRDA:85,7,1,0
BRDA:85,8,0,1
BRDA:85,8,1,0
BRDA:107,9,0,1
BRDA:107,9,1,0
BRDA:108,10,0,1
BRDA:108,10,1,1
BRDA:109,11,0,1
BRDA:109,11,1,1
BRF:24
BRH:17
end_of_record
TN:
SF:controllers\notificationController.js
FN:6,(anonymous_0)
FN:12,(anonymous_1)
FN:25,(anonymous_2)
FN:31,(anonymous_3)
FNF:4
FNH:4
FNDA:1,(anonymous_0)
FNDA:2,(anonymous_1)
FNDA:1,(anonymous_2)
FNDA:1,(anonymous_3)
DA:2,3
DA:3,3
DA:6,3
DA:7,1
DA:8,1
DA:12,3
DA:13,2
DA:14,2
DA:15,2
DA:16,1
DA:17,1
DA:19,1
DA:20,1
DA:21,1
DA:25,3
DA:26,1
DA:27,1
DA:31,3
DA:32,1
DA:33,1
DA:36,3
LF:21
LH:21
BRDA:15,0,0,1
BRDA:15,0,1,1
BRF:2
BRH:2
end_of_record
TN:
SF:controllers\passwordController.js
FN:9,(anonymous_0)
FN:51,(anonymous_1)
FNF:2
FNH:2
FNDA:3,(anonymous_0)
FNDA:3,(anonymous_1)
DA:2,4
DA:3,4
DA:4,4
DA:5,4
DA:6,4
DA:9,4
DA:10,3
DA:11,3
DA:12,1
DA:13,1
DA:16,2
DA:17,2
DA:18,2
DA:19,1
DA:20,1
DA:24,1
DA:25,1
DA:26,1
DA:28,1
DA:29,1
DA:30,1
DA:32,1
DA:33,1
DA:35,1
DA:45,1
DA:51,4
DA:52,3
DA:53,3
DA:54,1
DA:55,1
DA:58,2
DA:59,2
DA:60,2
DA:66,2
DA:67,1
DA:68,1
DA:71,1
DA:72,1
DA:73,1
DA:74,1
DA:75,1
DA:76,1
DA:78,1
DA:81,4
LF:44
LH:44
BRDA:10,0,0,3
BRDA:10,0,1,0
BRDA:11,1,0,1
BRDA:11,1,1,2
BRDA:18,2,0,1
BRDA:18,2,1,1
BRDA:32,3,0,1
BRDA:32,3,1,1
BRDA:52,4,0,3
BRDA:52,4,1,0
BRDA:53,5,0,1
BRDA:53,5,1,2
BRDA:53,6,0,3
BRDA:53,6,1,2
BRDA:53,6,2,2
BRDA:66,7,0,1
BRDA:66,7,1,1
BRDA:71,8,0,1
BRDA:71,8,1,1
BRDA:72,9,0,1
BRDA:72,9,1,0
BRF:21
BRH:18
end_of_record
TN:
SF:controllers\privacyController.js
FN:13,(anonymous_0)
FN:20,(anonymous_1)
FN:38,(anonymous_2)
FN:81,(anonymous_3)
FN:93,(anonymous_4)
FNF:5
FNH:5
FNDA:1,(anonymous_0)
FNDA:1,(anonymous_1)
FNDA:5,(anonymous_2)
FNDA:3,(anonymous_3)
FNDA:1,(anonymous_4)
DA:2,4
DA:3,4
DA:4,4
DA:5,4
DA:6,4
DA:7,4
DA:8,4
DA:13,4
DA:14,1
DA:20,4
DA:21,1
DA:23,1
DA:29,1
DA:31,1
DA:34,4
DA:38,4
DA:39,5
DA:40,5
DA:42,5
DA:43,5
DA:46,4
DA:47,2
DA:48,2
DA:49,2
DA:50,0
DA:51,0
DA:52,0
DA:53,0
DA:57,2
DA:58,1
DA:62,2
DA:63,1
DA:64,1
DA:65,1
DA:66,0
DA:67,0
DA:68,0
DA:71,1
DA:73,1
DA:76,4
DA:81,4
DA:82,3
DA:83,3
DA:84,2
DA:85,2
DA:88,4
DA:93,4
DA:94,1
DA:95,1
DA:96,1
DA:97,1
DA:99,1
DA:100,1
DA:101,1
DA:102,1
DA:104,1
DA:105,1
DA:106,1
DA:108,1
DA:109,1
DA:112,4
LF:61
LH:54
BRDA:40,0,0,5
BRDA:40,0,1,0
BRDA:43,1,0,1
BRDA:43,1,1,4
BRDA:46,2,0,2
BRDA:46,2,1,2
BRDA:46,3,0,4
BRDA:46,3,1,2
BRDA:46,3,2,2
BRDA:49,4,0,2
BRDA:49,4,1,0
BRDA:50,5,0,0
BRDA:50,5,1,0
BRDA:52,6,0,0
BRDA:52,6,1,0
BRDA:57,7,0,1
BRDA:57,7,1,1
BRDA:57,8,0,2
BRDA:57,8,1,1
BRDA:62,9,0,1
BRDA:62,9,1,1
BRDA:62,10,0,2
BRDA:62,10,1,1
BRDA:63,11,0,0
BRDA:63,11,1,1
BRDA:65,12,0,1
BRDA:65,12,1,0
BRDA:66,13,0,0
BRDA:66,13,1,0
BRDA:67,14,0,0
BRDA:67,14,1,0
BRDA:82,15,0,3
BRDA:82,15,1,1
BRDA:83,16,0,1
BRDA:83,16,1,2
BRDA:94,17,0,0
BRDA:94,17,1,1
BRDA:95,18,0,1
BRDA:95,18,1,0
BRDA:96,19,0,0
BRDA:96,19,1,1
BRDA:97,20,0,0
BRDA:97,20,1,1
BRDA:101,21,0,1
BRDA:101,21,1,0
BRF:45
BRH:28
end_of_record
TN:
SF:controllers\projectController.js
FN:13,(anonymous_0)
FN:16,(anonymous_1)
FN:23,(anonymous_2)
FN:28,(anonymous_3)
FN:49,(anonymous_4)
FN:59,(anonymous_5)
FN:70,(anonymous_6)
FN:84,(anonymous_7)
FN:128,(anonymous_8)
FN:148,(anonymous_9)
FN:174,(anonymous_10)
FN:216,(anonymous_11)
FN:226,(anonymous_12)
FN:239,(anonymous_13)
FN:260,(anonymous_14)
FN:272,(anonymous_15)
FN:283,(anonymous_16)
FN:289,(anonymous_17)
FN:303,(anonymous_18)
FN:318,(anonymous_19)
FN:332,(anonymous_20)
FN:350,(anonymous_21)
FN:362,(anonymous_22)
FN:387,(anonymous_23)
FN:401,(anonymous_24)
FN:417,(anonymous_25)
FNF:26
FNH:19
FNDA:0,(anonymous_0)
FNDA:0,(anonymous_1)
FNDA:0,(anonymous_2)
FNDA:6,(anonymous_3)
FNDA:3,(anonymous_4)
FNDA:1,(anonymous_5)
FNDA:1,(anonymous_6)
FNDA:4,(anonymous_7)
FNDA:0,(anonymous_8)
FNDA:0,(anonymous_9)
FNDA:3,(anonymous_10)
FNDA:1,(anonymous_11)
FNDA:2,(anonymous_12)
FNDA:2,(anonymous_13)
FNDA:2,(anonymous_14)
FNDA:1,(anonymous_15)
FNDA:1,(anonymous_16)
FNDA:2,(anonymous_17)
FNDA:1,(anonymous_18)
FNDA:1,(anonymous_19)
FNDA:2,(anonymous_20)
FNDA:1,(anonymous_21)
FNDA:2,(anonymous_22)
FNDA:0,(anonymous_23)
FNDA:1,(anonymous_24)
FNDA:0,(anonymous_25)
DA:1,7
DA:2,7
DA:3,7
DA:4,7
DA:5,7
DA:6,7
DA:7,7
DA:8,7
DA:9,7
DA:10,7
DA:13,7
DA:14,0
DA:15,0
DA:16,0
DA:17,0
DA:18,0
DA:19,0
DA:22,0
DA:23,0
DA:24,0
DA:28,7
DA:29,6
DA:30,6
DA:31,2
DA:32,2
DA:34,4
DA:35,4
DA:36,3
DA:37,3
DA:42,3
DA:45,4
DA:49,7
DA:50,3
DA:51,3
DA:52,2
DA:53,2
DA:54,1
DA:55,1
DA:59,7
DA:60,1
DA:61,1
DA:62,1
DA:63,1
DA:64,1
DA:65,1
DA:66,1
DA:70,7
DA:71,1
DA:72,1
DA:73,1
DA:74,1
DA:75,1
DA:76,1
DA:80,1
DA:84,7
DA:85,4
DA:86,4
DA:87,4
DA:88,3
DA:89,3
DA:90,3
DA:92,2
DA:93,2
DA:94,0
DA:95,0
DA:96,2
DA:97,1
DA:98,1
DA:101,1
DA:104,2
DA:111,2
DA:112,2
DA:113,2
DA:120,2
DA:123,2
DA:124,2
DA:128,7
DA:129,0
DA:130,0
DA:131,0
DA:133,0
DA:134,0
DA:135,0
DA:136,0
DA:137,0
DA:139,0
DA:140,0
DA:141,0
DA:142,0
DA:143,0
DA:144,0
DA:148,7
DA:149,0
DA:150,0
DA:151,0
DA:152,0
DA:153,0
DA:155,0
DA:156,0
DA:157,0
DA:158,0
DA:161,7
DA:174,7
DA:175,3
DA:176,3
DA:177,2
DA:178,2
DA:180,1
DA:181,1
DA:182,1
DA:183,1
DA:184,1
DA:185,1
DA:186,1
DA:187,1
DA:189,1
DA:194,1
DA:195,0
DA:196,0
DA:199,1
DA:201,1
DA:208,1
DA:209,1
DA:212,1
DA:216,7
DA:217,1
DA:222,1
DA:226,7
DA:227,2
DA:228,2
DA:229,1
DA:230,0
DA:232,1
DA:233,1
DA:234,1
DA:235,1
DA:239,7
DA:240,2
DA:241,2
DA:242,1
DA:243,0
DA:245,1
DA:246,1
DA:247,1
DA:250,7
DA:251,7
DA:252,7
DA:253,7
DA:255,7
DA:256,7
DA:260,7
DA:261,2
DA:262,2
DA:263,1
DA:264,1
DA:265,1
DA:266,0
DA:268,7
DA:272,7
DA:273,1
DA:274,1
DA:275,1
DA:276,1
DA:277,1
DA:278,1
DA:282,1
DA:283,1
DA:284,1
DA:286,7
DA:289,7
DA:290,2
DA:291,2
DA:292,2
DA:293,2
DA:294,2
DA:295,2
DA:296,1
DA:297,1
DA:298,1
DA:300,7
DA:303,7
DA:304,1
DA:305,1
DA:306,1
DA:307,1
DA:308,1
DA:309,1
DA:310,1
DA:311,1
DA:312,1
DA:314,7
DA:318,7
DA:319,1
DA:320,1
DA:321,1
DA:322,1
DA:323,1
DA:327,1
DA:329,7
DA:332,7
DA:333,2
DA:334,2
DA:335,1
DA:336,1
DA:337,1
DA:338,1
DA:339,1
DA:340,1
DA:341,1
DA:342,1
DA:344,1
DA:346,7
DA:350,7
DA:351,1
DA:352,1
DA:353,1
DA:354,1
DA:355,1
DA:356,1
DA:357,1
DA:358,1
DA:362,7
DA:363,2
DA:364,2
DA:365,2
DA:366,2
DA:367,2
DA:368,2
DA:369,2
DA:370,2
DA:371,2
DA:372,2
DA:373,1
DA:374,1
DA:379,1
DA:382,7
DA:383,7
DA:387,7
DA:388,0
DA:389,0
DA:390,0
DA:391,0
DA:392,0
DA:393,0
DA:397,0
DA:401,7
DA:402,1
DA:403,1
DA:404,1
DA:405,1
DA:406,1
DA:407,1
DA:408,1
DA:409,1
DA:410,1
DA:411,1
DA:412,1
DA:413,1
DA:417,7
DA:418,0
DA:419,0
DA:420,0
DA:421,0
DA:422,0
DA:423,0
DA:424,0
DA:425,0
DA:426,0
DA:429,7
DA:430,7
DA:431,7
LF:271
LH:216
BRDA:18,0,0,0
BRDA:18,0,1,0
BRDA:30,1,0,2
BRDA:30,1,1,4
BRDA:30,2,0,6
BRDA:30,2,1,5
BRDA:30,2,2,4
BRDA:35,3,0,3
BRDA:35,3,1,1
BRDA:35,4,0,4
BRDA:35,4,1,4
BRDA:51,5,0,1
BRDA:51,5,1,2
BRDA:53,6,0,1
BRDA:53,6,1,1
BRDA:61,7,0,0
BRDA:61,7,1,1
BRDA:63,8,0,0
BRDA:63,8,1,1
BRDA:72,9,0,0
BRDA:72,9,1,1
BRDA:75,10,0,0
BRDA:75,10,1,1
BRDA:75,11,0,1
BRDA:75,11,1,0
BRDA:85,12,0,4
BRDA:85,12,1,0
BRDA:87,13,0,1
BRDA:87,13,1,3
BRDA:90,14,0,1
BRDA:90,14,1,2
BRDA:90,15,0,3
BRDA:90,15,1,1
BRDA:93,16,0,0
BRDA:93,16,1,2
BRDA:95,17,0,0
BRDA:95,17,1,0
BRDA:96,18,0,1
BRDA:96,18,1,1
BRDA:111,19,0,2
BRDA:111,19,1,0
BRDA:111,20,0,2
BRDA:111,20,1,2
BRDA:129,21,0,0
BRDA:129,21,1,0
BRDA:131,22,0,0
BRDA:131,22,1,0
BRDA:134,23,0,0
BRDA:134,23,1,0
BRDA:137,24,0,0
BRDA:137,24,1,0
BRDA:137,25,0,0
BRDA:137,25,1,0
BRDA:140,26,0,0
BRDA:140,26,1,0
BRDA:150,27,0,0
BRDA:150,27,1,0
BRDA:153,28,0,0
BRDA:153,28,1,0
BRDA:153,29,0,0
BRDA:153,29,1,0
BRDA:156,30,0,0
BRDA:156,30,1,0
BRDA:176,31,0,1
BRDA:176,31,1,2
BRDA:178,32,0,1
BRDA:178,32,1,1
BRDA:180,33,0,1
BRDA:180,33,1,0
BRDA:181,34,0,0
BRDA:181,34,1,1
BRDA:183,35,0,0
BRDA:183,35,1,1
BRDA:184,36,0,0
BRDA:184,36,1,1
BRDA:186,37,0,0
BRDA:186,37,1,1
BRDA:187,38,0,0
BRDA:187,38,1,1
BRDA:194,39,0,0
BRDA:194,39,1,1
BRDA:228,40,0,1
BRDA:228,40,1,1
BRDA:228,41,0,2
BRDA:228,41,1,1
BRDA:229,42,0,0
BRDA:229,42,1,1
BRDA:229,43,0,1
BRDA:229,43,1,0
BRDA:229,44,0,1
BRDA:229,44,1,0
BRDA:241,45,0,1
BRDA:241,45,1,1
BRDA:241,46,0,2
BRDA:241,46,1,1
BRDA:242,47,0,0
BRDA:242,47,1,1
BRDA:242,48,0,1
BRDA:242,48,1,0
BRDA:242,49,0,1
BRDA:242,49,1,0
BRDA:262,50,0,1
BRDA:262,50,1,1
BRDA:265,51,0,1
BRDA:265,51,1,0
BRDA:265,52,0,1
BRDA:265,52,1,1
BRDA:274,53,0,0
BRDA:274,53,1,1
BRDA:277,54,0,0
BRDA:277,54,1,1
BRDA:277,55,0,1
BRDA:277,55,1,0
BRDA:291,56,0,0
BRDA:291,56,1,2
BRDA:293,57,0,0
BRDA:293,57,1,2
BRDA:295,58,0,1
BRDA:295,58,1,1
BRDA:305,59,0,0
BRDA:305,59,1,1
BRDA:308,60,0,0
BRDA:308,60,1,1
BRDA:308,61,0,1
BRDA:308,61,1,0
BRDA:311,62,0,1
BRDA:311,62,1,0
BRDA:320,63,0,0
BRDA:320,63,1,1
BRDA:322,64,0,0
BRDA:322,64,1,1
BRDA:334,65,0,1
BRDA:334,65,1,1
BRDA:334,66,0,2
BRDA:334,66,1,1
BRDA:336,67,0,0
BRDA:336,67,1,1
BRDA:338,68,0,0
BRDA:338,68,1,1
BRDA:352,69,0,0
BRDA:352,69,1,1
BRDA:355,70,0,0
BRDA:355,70,1,1
BRDA:355,71,0,1
BRDA:355,71,1,0
BRDA:358,72,0,1
BRDA:358,72,1,1
BRDA:363,73,0,2
BRDA:363,73,1,0
BRDA:365,74,0,0
BRDA:365,74,1,2
BRDA:368,75,0,0
BRDA:368,75,1,2
BRDA:368,76,0,2
BRDA:368,76,1,0
BRDA:369,77,0,0
BRDA:369,77,1,2
BRDA:369,78,0,2
BRDA:369,78,1,2
BRDA:372,79,0,1
BRDA:372,79,1,1
BRDA:389,80,0,0
BRDA:389,80,1,0
BRDA:392,81,0,0
BRDA:392,81,1,0
BRDA:392,82,0,0
BRDA:392,82,1,0
BRDA:402,83,0,1
BRDA:402,83,1,0
BRDA:404,84,0,0
BRDA:404,84,1,1
BRDA:407,85,0,0
BRDA:407,85,1,1
BRDA:407,86,0,1
BRDA:407,86,1,0
BRDA:408,87,0,0
BRDA:408,87,1,1
BRDA:408,88,0,1
BRDA:408,88,1,1
BRDA:411,89,0,0
BRDA:411,89,1,1
BRDA:419,90,0,0
BRDA:419,90,1,0
BRDA:422,91,0,0
BRDA:422,91,1,0
BRDA:422,92,0,0
BRDA:422,92,1,0
BRDA:424,93,0,0
BRDA:424,93,1,0
BRF:189
BRH:102
end_of_record
TN:
SF:controllers\settingsController.js
FN:6,(anonymous_0)
FN:13,(anonymous_1)
FNF:2
FNH:0
FNDA:0,(anonymous_0)
FNDA:0,(anonymous_1)
DA:2,2
DA:3,2
DA:6,2
DA:7,0
DA:8,0
DA:9,0
DA:13,2
DA:14,0
DA:15,0
DA:16,0
DA:17,0
DA:18,0
DA:19,0
DA:20,0
DA:23,2
LF:15
LH:5
BRDA:8,0,0,0
BRDA:8,0,1,0
BRDA:15,1,0,0
BRDA:15,1,1,0
BRDA:17,2,0,0
BRDA:17,2,1,0
BRF:6
BRH:0
end_of_record
TN:
SF:controllers\superAdminController.js
FN:6,(anonymous_0)
FNF:1
FNH:0
FNDA:0,(anonymous_0)
DA:2,2
DA:3,2
DA:6,2
DA:7,0
DA:8,0
DA:14,0
DA:17,2
LF:7
LH:4
BRDA:7,0,0,0
BRDA:7,0,1,0
BRDA:7,1,0,0
BRDA:7,1,1,0
BRF:4
BRH:0
end_of_record
TN:
SF:controllers\taskController.js
FN:7,(anonymous_0)
FN:11,(anonymous_1)
FN:18,(anonymous_2)
FNF:3
FNH:2
FNDA:1,(anonymous_0)
FNDA:0,(anonymous_1)
FNDA:2,(anonymous_2)
DA:1,2
DA:2,2
DA:3,2
DA:4,2
DA:7,2
DA:8,1
DA:9,1
DA:10,1
DA:11,1
DA:12,1
DA:13,0
DA:14,0
DA:18,2
DA:19,2
DA:20,2
DA:22,2
DA:23,0
DA:26,2
DA:27,2
DA:28,0
DA:31,2
DA:32,1
DA:35,1
DA:42,1
DA:43,0
DA:44,0
DA:54,0
DA:55,0
DA:56,0
DA:58,0
DA:62,1
DA:65,2
LF:32
LH:22
BRDA:10,0,0,0
BRDA:10,0,1,1
BRDA:12,1,0,1
BRDA:12,1,1,0
BRDA:12,2,0,1
BRDA:12,2,1,1
BRDA:22,3,0,0
BRDA:22,3,1,2
BRDA:27,4,0,0
BRDA:27,4,1,2
BRDA:31,5,0,1
BRDA:31,5,1,1
BRDA:42,6,0,0
BRDA:42,6,1,1
BRDA:42,7,0,1
BRDA:42,7,1,1
BRF:16
BRH:11
end_of_record
TN:
SF:controllers\userController.js
FN:9,(anonymous_0)
FN:19,(anonymous_1)
FN:81,(anonymous_2)
FN:111,(anonymous_3)
FN:118,(anonymous_4)
FNF:5
FNH:3
FNDA:4,(anonymous_0)
FNDA:4,(anonymous_1)
FNDA:4,(anonymous_2)
FNDA:0,(anonymous_3)
FNDA:0,(anonymous_4)
DA:2,4
DA:3,4
DA:4,4
DA:5,4
DA:9,4
DA:10,4
DA:19,4
DA:20,4
DA:23,4
DA:24,1
DA:25,1
DA:29,3
DA:31,3
DA:32,1
DA:33,1
DA:37,2
DA:38,2
DA:39,2
DA:42,2
DA:43,2
DA:44,2
DA:45,0
DA:46,0
DA:47,0
DA:48,0
DA:50,2
DA:51,0
DA:55,2
DA:63,2
DA:64,2
DA:73,0
DA:74,0
DA:81,4
DA:83,4
DA:86,4
DA:90,4
DA:92,2
DA:102,2
DA:103,2
DA:111,4
DA:112,0
DA:118,4
DA:119,0
DA:121,0
DA:127,0
DA:129,0
DA:133,4
LF:47
LH:35
BRDA:23,0,0,1
BRDA:23,0,1,3
BRDA:23,1,0,4
BRDA:23,1,1,3
BRDA:23,1,2,3
BRDA:31,2,0,1
BRDA:31,2,1,2
BRDA:37,3,0,2
BRDA:37,3,1,2
BRDA:38,4,0,2
BRDA:38,4,1,0
BRDA:42,5,0,0
BRDA:42,5,1,2
BRDA:42,6,0,2
BRDA:42,6,1,2
BRDA:44,7,0,0
BRDA:44,7,1,2
BRDA:44,8,0,2
BRDA:44,8,1,2
BRDA:45,9,0,0
BRDA:45,9,1,0
BRDA:45,9,2,0
BRDA:46,10,0,0
BRDA:46,10,1,0
BRDA:47,11,0,0
BRDA:47,11,1,0
BRDA:50,12,0,0
BRDA:50,12,1,2
BRDA:50,13,0,2
BRDA:50,13,1,2
BRDA:63,14,0,2
BRDA:63,14,1,0
BRDA:69,15,0,2
BRDA:69,15,1,2
BRDA:90,16,0,2
BRDA:90,16,1,2
BRDA:90,17,0,4
BRDA:90,17,1,3
BRDA:97,18,0,2
BRDA:97,18,1,2
BRF:40
BRH:28
end_of_record
TN:
SF:middleware\authMiddleware.js
FN:6,(anonymous_0)
FN:38,(anonymous_1)
FN:39,(anonymous_2)
FNF:3
FNH:2
FNDA:7,(anonymous_0)
FNDA:3,(anonymous_1)
FNDA:0,(anonymous_2)
DA:2,3
DA:3,3
DA:4,3
DA:6,3
DA:10,7
DA:11,6
DA:13,6
DA:16,6
DA:21,5
DA:23,5
DA:25,1
DA:26,1
DA:27,1
DA:31,6
DA:32,1
DA:33,1
DA:38,3
DA:39,3
DA:40,0
DA:41,0
DA:42,0
DA:44,0
DA:45,0
DA:46,0
DA:48,0
DA:52,3
LF:26
LH:19
BRDA:10,0,0,6
BRDA:10,0,1,1
BRDA:10,1,0,7
BRDA:10,1,1,6
BRDA:31,2,0,1
BRDA:31,2,1,5
BRDA:40,3,0,0
BRDA:40,3,1,0
BRDA:44,4,0,0
BRDA:44,4,1,0
BRF:10
BRH:6
end_of_record
TN:
SF:middleware\errorMiddleware.js
FN:3,(anonymous_0)
FNF:1
FNH:1
FNDA:1,(anonymous_0)
DA:3,3
DA:5,1
DA:9,1
DA:10,1
DA:11,1
DA:12,1
DA:14,1
DA:17,1
DA:24,3
LF:9
LH:9
BRDA:5,0,0,1
BRDA:5,0,1,0
BRDA:20,1,0,0
BRDA:20,1,1,1
BRF:4
BRH:2
end_of_record
TN:
SF:models\auditLogModel.js
FNF:0
FNH:0
DA:2,3
DA:4,3
DA:17,3
LF:3
LH:3
BRF:0
BRH:0
end_of_record
TN:
SF:models\libraryItemModel.js
FNF:0
FNH:0
DA:1,8
DA:3,8
DA:38,8
DA:47,8
DA:48,8
DA:51,8
DA:53,8
LF:7
LH:7
BRF:0
BRH:0
end_of_record
TN:
SF:models\metricEventModel.js
FNF:0
FNH:0
DA:2,6
DA:4,6
DA:13,6
DA:15,6
LF:4
LH:4
BRF:0
BRH:0
end_of_record
TN:
SF:models\notificationModel.js
FNF:0
FNH:0
DA:2,8
DA:4,8
DA:16,8
LF:3
LH:3
BRF:0
BRH:0
end_of_record
TN:
SF:models\projectInvitationModel.js
FNF:0
FNH:0
DA:1,7
DA:3,7
DA:14,7
DA:15,7
DA:16,7
DA:18,7
LF:6
LH:6
BRF:0
BRH:0
end_of_record
TN:
SF:models\projectMemberModel.js
FNF:0
FNH:0
DA:1,7
DA:3,7
DA:12,7
DA:14,7
LF:4
LH:4
BRF:0
BRH:0
end_of_record
TN:
SF:models\projectModel.js
FNF:0
FNH:0
DA:1,10
DA:3,10
DA:28,10
DA:30,10
LF:4
LH:4
BRF:0
BRH:0
end_of_record
TN:
SF:models\projectResourceLinkModel.js
FNF:0
FNH:0
DA:1,7
DA:3,7
DA:13,7
LF:3
LH:3
BRF:0
BRH:0
end_of_record
TN:
SF:models\projectWorkLinkModel.js
FNF:0
FNH:0
DA:1,2
DA:3,2
DA:12,2
DA:14,2
LF:4
LH:4
BRF:0
BRH:0
end_of_record
TN:
SF:models\taskModel.js
FNF:0
FNH:0
DA:2,9
DA:4,9
DA:34,9
DA:35,9
DA:36,9
DA:38,9
LF:6
LH:6
BRF:0
BRH:0
end_of_record
TN:
SF:models\userModel.js
FNF:0
FNH:0
DA:2,14
DA:4,14
DA:24,14
DA:35,14
DA:41,14
DA:50,14
DA:54,14
LF:7
LH:7
BRF:0
BRH:0
end_of_record
TN:
SF:routes\adminMetricsRoutes.js
FNF:0
FNH:0
DA:2,1
DA:3,1
DA:4,1
DA:5,1
DA:8,1
DA:10,1
DA:11,1
DA:12,1
DA:14,1
LF:9
LH:9
BRF:0
BRH:0
end_of_record
TN:
SF:routes\adminUserRoutes.js
FNF:0
FNH:0
DA:2,1
DA:3,1
DA:4,1
DA:11,1
DA:14,1
DA:16,1
DA:17,1
DA:18,1
DA:19,1
DA:20,1
DA:22,1
LF:11
LH:11
BRF:0
BRH:0
end_of_record
TN:
SF:routes\aiRoutes.js
FNF:0
FNH:0
DA:2,1
DA:3,1
DA:9,1
DA:11,1
DA:14,1
DA:15,1
DA:16,1
DA:18,1
LF:8
LH:8
BRF:0
BRH:0
end_of_record
TN:
SF:routes\libraryRoutes.js
FN:5,(anonymous_0)
FNF:1
FNH:0
FNDA:0,(anonymous_0)
DA:1,1
DA:2,1
DA:5,1
DA:6,0
DA:7,0
DA:15,1
DA:17,1
DA:18,1
DA:20,1
DA:21,1
DA:24,1
DA:29,1
DA:33,1
DA:36,1
LF:14
LH:12
BRF:0
BRH:0
end_of_record
TN:
SF:routes\metricsRoutes.js
FNF:0
FNH:0
DA:2,1
DA:3,1
DA:4,1
DA:5,1
DA:7,1
DA:9,1
DA:10,1
DA:12,1
LF:8
LH:8
BRF:0
BRH:0
end_of_record
TN:
SF:routes\notificationRoutes.js
FNF:0
FNH:0
DA:2,1
DA:3,1
DA:4,1
DA:5,1
DA:7,1
DA:9,1
DA:10,1
DA:11,1
DA:12,1
DA:14,1
LF:10
LH:10
BRF:0
BRH:0
end_of_record
TN:
SF:routes\projectRoutes.js
FNF:0
FNH:0
DA:1,2
DA:2,2
DA:27,2
DA:28,2
DA:30,2
DA:34,2
DA:35,2
DA:40,2
DA:43,2
DA:44,2
DA:47,2
DA:48,2
DA:49,2
DA:50,2
DA:52,2
DA:53,2
DA:54,2
DA:55,2
DA:56,2
DA:57,2
DA:58,2
DA:59,2
DA:60,2
DA:61,2
DA:63,2
LF:25
LH:25
BRF:0
BRH:0
end_of_record
TN:
SF:routes\settingsRoutes.js
FNF:0
FNH:0
DA:2,1
DA:3,1
DA:4,1
DA:5,1
DA:7,1
DA:8,1
DA:9,1
DA:11,1
LF:8
LH:8
BRF:0
BRH:0
end_of_record
TN:
SF:routes\superAdminRoutes.js
FNF:0
FNH:0
DA:2,1
DA:3,1
DA:4,1
DA:5,1
DA:8,1
DA:10,1
LF:6
LH:6
BRF:0
BRH:0
end_of_record
TN:
SF:routes\taskRoutes.js
FN:10,(anonymous_0)
FN:18,(anonymous_1)
FN:21,(anonymous_2)
FNF:3
FNH:0
FNDA:0,(anonymous_0)
FNDA:0,(anonymous_1)
FNDA:0,(anonymous_2)
DA:1,2
DA:2,2
DA:3,2
DA:4,2
DA:5,2
DA:6,2
DA:7,2
DA:10,2
DA:11,0
DA:12,0
DA:13,0
DA:14,0
DA:17,0
DA:18,0
DA:20,0
DA:21,0
DA:22,0
DA:24,0
DA:26,0
DA:31,0
DA:39,0
DA:42,2
LF:22
LH:9
BRDA:11,0,0,0
BRDA:11,0,1,0
BRDA:24,1,0,0
BRDA:24,1,1,0
BRF:4
BRH:0
end_of_record
TN:
SF:routes\userRoutes.js
FNF:0
FNH:0
DA:2,2
DA:3,2
DA:4,2
DA:5,2
DA:7,2
DA:8,2
DA:11,2
DA:12,2
DA:13,2
DA:14,2
DA:15,2
DA:16,2
DA:17,2
DA:18,2
DA:19,2
DA:20,2
DA:23,2
DA:24,2
DA:26,2
LF:19
LH:19
BRF:0
BRH:0
end_of_record
TN:
SF:services\dropboxClient.js
FN:13,(anonymous_0)
FN:79,(anonymous_1)
FNF:2
FNH:2
FNDA:5,(anonymous_0)
FNDA:2,(anonymous_1)
DA:1,9
DA:2,9
DA:5,9
DA:6,9
DA:13,9
DA:15,5
DA:17,5
DA:18,1
DA:21,4
DA:24,4
DA:25,4
DA:26,2
DA:28,2
DA:29,2
DA:33,2
DA:34,2
DA:35,2
DA:37,2
DA:38,1
DA:42,1
DA:43,1
DA:44,1
DA:45,1
DA:46,1
DA:48,1
DA:50,1
DA:52,1
DA:58,1
DA:60,1
DA:61,1
DA:63,1
DA:64,1
DA:68,0
DA:69,0
DA:72,0
DA:79,9
DA:80,2
DA:81,2
DA:82,2
DA:84,0
DA:85,0
DA:89,9
LF:42
LH:37
BRDA:17,0,0,1
BRDA:17,0,1,4
BRDA:17,1,0,5
BRDA:17,1,1,1
BRDA:24,2,0,4
BRDA:24,2,1,2
BRDA:25,3,0,2
BRDA:25,3,1,2
BRDA:33,4,0,2
BRDA:33,4,1,1
BRDA:37,5,0,1
BRDA:37,5,1,1
BRDA:37,6,0,2
BRDA:37,6,1,1
BRDA:37,6,2,1
BRDA:60,7,0,1
BRDA:60,7,1,0
BRDA:68,8,0,0
BRDA:68,8,1,0
BRDA:72,9,0,0
BRDA:72,9,1,0
BRF:21
BRH:16
end_of_record
